#
# There is insufficient memory for the Java Runtime Environment to continue.
# Native memory allocation (mmap) failed to map 65536 bytes. Error detail: Failed to commit metaspace.
# Possible reasons:
#   The system is out of physical RAM or swap space
#   This process is running with CompressedOops enabled, and the Java Heap may be blocking the growth of the native heap
# Possible solutions:
#   Reduce memory load on the system
#   Increase physical memory or swap space
#   Check if swap backing store is full
#   Decrease Java heap size (-Xmx/-Xms)
#   Decrease number of Java threads
#   Decrease Java thread stack sizes (-Xss)
#   Set larger code cache with -XX:ReservedCodeCacheSize=
#   JVM is running with Unscaled Compressed Oops mode in which the Java heap is
#     placed in the first 4GB address space. The Java Heap base address is the
#     maximum limit for the native heap growth. Please use -XX:HeapBaseMinAddress
#     to set the Java Heap base and to place the Java Heap above 4GB virtual address.
# This output file may be truncated or incomplete.
#
#  Out of Memory Error (virtualSpaceNode.cpp:110), pid=29576, tid=1780
#
# JRE version:  (17.0.18+8) (build )
# Java VM: OpenJDK 64-Bit Server VM (17.0.18+8, mixed mode, tiered, compressed oops, compressed class ptrs, g1 gc, windows-amd64)
# No core dump will be written. Minidumps are not enabled by default on client versions of Windows
#

---------------  S U M M A R Y ------------

Command Line: -Dclassworlds.conf=C:\Users\swath\.m2\wrapper\dists\apache-maven-3.9.16\0daed3be3ebd1c706f0e69e8b07c6b73f5cc4ea3dfce72a8d0ec2e849ca2ddb0\bin\m2.conf -Dmaven.home=C:\Users\swath\.m2\wrapper\dists\apache-maven-3.9.16\0daed3be3ebd1c706f0e69e8b07c6b73f5cc4ea3dfce72a8d0ec2e849ca2ddb0 -Dlibrary.jansi.path=C:\Users\swath\.m2\wrapper\dists\apache-maven-3.9.16\0daed3be3ebd1c706f0e69e8b07c6b73f5cc4ea3dfce72a8d0ec2e849ca2ddb0\lib\jansi-native -Dmaven.multiModuleProjectDirectory=C:\Users\swath\Downloads\service-registry (1)\service-registry org.codehaus.plexus.classworlds.launcher.Launcher clean package

Host: 13th Gen Intel(R) Core(TM) i5-1335U, 12 cores, 3G,  Windows 11 , 64 bit Build 26100 (10.0.26100.8737)
Time: Thu Jul 16 16:05:49 2026 India Standard Time elapsed time: 7.236670 seconds (0d 0h 0m 7s)

---------------  T H R E A D  ---------------

Current thread (0x0000021952898bc0):  JavaThread "Unknown thread" [_thread_in_vm, id=1780, stack(0x000000a6cdf00000,0x000000a6ce000000)]

Stack: [0x000000a6cdf00000,0x000000a6ce000000]
Native frames: (J=compiled Java code, j=interpreted, Vv=VM code, C=native code)
V  [jvm.dll+0x6846f9]
V  [jvm.dll+0x839ea5]
V  [jvm.dll+0x83b91e]
V  [jvm.dll+0x83bfa3]
V  [jvm.dll+0x248eff]
V  [jvm.dll+0x835c8d]
V  [jvm.dll+0x6291fd]
V  [jvm.dll+0x62926a]
V  [jvm.dll+0x62baa3]
V  [jvm.dll+0x629bb6]
V  [jvm.dll+0x23cb10]
V  [jvm.dll+0x633a45]
V  [jvm.dll+0x1ea5d1]
V  [jvm.dll+0x1eaa55]
V  [jvm.dll+0x1eb407]
V  [jvm.dll+0x1e08d1]
V  [jvm.dll+0x548119]
V  [jvm.dll+0x1f177e]
V  [jvm.dll+0x7b3f3f]
V  [jvm.dll+0x7b538d]
V  [jvm.dll+0x7b5bfb]
V  [jvm.dll+0x1eb838]
V  [jvm.dll+0x1e08ea]
V  [jvm.dll+0x548119]
V  [jvm.dll+0x1f177e]
V  [jvm.dll+0x7b3f3f]
V  [jvm.dll+0x7b538d]
V  [jvm.dll+0x7b56d8]
V  [jvm.dll+0x8381f6]
V  [jvm.dll+0x837fb2]
V  [jvm.dll+0x80b415]
V  [jvm.dll+0x80cc8d]
V  [jvm.dll+0x36ea51]
V  [jvm.dll+0x7eb945]
V  [jvm.dll+0x3f462b]
V  [jvm.dll+0x3f6111]
C  [jli.dll+0x52d0]
C  [ucrtbase.dll+0x2cd30]
C  [KERNEL32.DLL+0x2e957]
C  [ntdll.dll+0xaad6c]


---------------  P R O C E S S  ---------------

Threads class SMR info:
_java_thread_list=0x00007ff9cf327f58, length=0, elements={
}

Java Threads: ( => current thread )

Other Threads:
  0x00000219528d3bb0 GCTaskThread "GC Thread#0" [stack: 0x000000a6ce000000,0x000000a6ce100000] [id=18952]
  0x00000219528dd1b0 ConcurrentGCThread "G1 Main Marker" [stack: 0x000000a6ce100000,0x000000a6ce200000] [id=27636]
  0x00000219528e0a90 ConcurrentGCThread "G1 Conc#0" [stack: 0x000000a6ce200000,0x000000a6ce300000] [id=2984]
  0x000002195294e840 ConcurrentGCThread "G1 Refine#0" [stack: 0x000000a6ce300000,0x000000a6ce400000] [id=30712]
  0x000002196e6e42a0 ConcurrentGCThread "G1 Service" [stack: 0x000000a6ce400000,0x000000a6ce500000] [id=28808]

=>0x0000021952898bc0 (exited) JavaThread "Unknown thread" [_thread_in_vm, id=1780, stack(0x000000a6cdf00000,0x000000a6ce000000)]

Threads with active compile tasks:

VM state: not at safepoint (not fully initialized)

VM Mutex/Monitor currently owned by a thread:  ([mutex/lock_event])
[0x0000021950516030] Metaspace_lock - owner thread: 0x0000021952898bc0

Heap address: 0x00000000c5800000, size: 936 MB, Compressed Oops mode: 32-bit

CDS archive(s) not mapped
Compressed class space mapped at: 0x0000000100000000-0x0000000140000000, reserved size: 1073741824
Narrow klass base: 0x0000000000000000, Narrow klass shift: 3, Narrow klass range: 0x140000000

GC Precious Log:
 CPUs: 12 total, 12 available
 Memory: 3739M
 Large Page Support: Disabled
 NUMA Support: Disabled
 Compressed Oops: Enabled (32-bit)
 Heap Region Size: 1M
 Heap Min Capacity: 8M
 Heap Initial Capacity: 60M
 Heap Max Capacity: 936M
 Pre-touch: Disabled
 Parallel Workers: 10
 Concurrent Workers: 3
 Concurrent Refinement Workers: 10
 Periodic GC: Disabled

Heap:
 garbage-first heap   total 61440K, used 0K [0x00000000c5800000, 0x0000000100000000)
  region size 1024K, 1 young (1024K), 0 survivors (0K)
 Metaspace       used 763K, committed 768K, reserved 1114112K
  class space    used 59K, committed 64K, reserved 1048576K

Heap Regions: E=young(eden), S=young(survivor), O=old, HS=humongous(starts), HC=humongous(continues), CS=collection set, F=free, OA=open archive, CA=closed archive, TAMS=top-at-mark-start (previous, next)
|   0|0x00000000c5800000, 0x00000000c5800000, 0x00000000c5900000|  0%| F|  |TAMS 0x00000000c5800000, 0x00000000c5800000| Untracked 
|   1|0x00000000c5900000, 0x00000000c5900000, 0x00000000c5a00000|  0%| F|  |TAMS 0x00000000c5900000, 0x00000000c5900000| Untracked 
|   2|0x00000000c5a00000, 0x00000000c5a00000, 0x00000000c5b00000|  0%| F|  |TAMS 0x00000000c5a00000, 0x00000000c5a00000| Untracked 
|   3|0x00000000c5b00000, 0x00000000c5b00000, 0x00000000c5c00000|  0%| F|  |TAMS 0x00000000c5b00000, 0x00000000c5b00000| Untracked 
|   4|0x00000000c5c00000, 0x00000000c5c00000, 0x00000000c5d00000|  0%| F|  |TAMS 0x00000000c5c00000, 0x00000000c5c00000| Untracked 
|   5|0x00000000c5d00000, 0x00000000c5d00000, 0x00000000c5e00000|  0%| F|  |TAMS 0x00000000c5d00000, 0x00000000c5d00000| Untracked 
|   6|0x00000000c5e00000, 0x00000000c5e00000, 0x00000000c5f00000|  0%| F|  |TAMS 0x00000000c5e00000, 0x00000000c5e00000| Untracked 
|   7|0x00000000c5f00000, 0x00000000c5f00000, 0x00000000c6000000|  0%| F|  |TAMS 0x00000000c5f00000, 0x00000000c5f00000| Untracked 
|   8|0x00000000c6000000, 0x00000000c6000000, 0x00000000c6100000|  0%| F|  |TAMS 0x00000000c6000000, 0x00000000c6000000| Untracked 
|   9|0x00000000c6100000, 0x00000000c6100000, 0x00000000c6200000|  0%| F|  |TAMS 0x00000000c6100000, 0x00000000c6100000| Untracked 
|  10|0x00000000c6200000, 0x00000000c6200000, 0x00000000c6300000|  0%| F|  |TAMS 0x00000000c6200000, 0x00000000c6200000| Untracked 
|  11|0x00000000c6300000, 0x00000000c6300000, 0x00000000c6400000|  0%| F|  |TAMS 0x00000000c6300000, 0x00000000c6300000| Untracked 
|  12|0x00000000c6400000, 0x00000000c6400000, 0x00000000c6500000|  0%| F|  |TAMS 0x00000000c6400000, 0x00000000c6400000| Untracked 
|  13|0x00000000c6500000, 0x00000000c6500000, 0x00000000c6600000|  0%| F|  |TAMS 0x00000000c6500000, 0x00000000c6500000| Untracked 
|  14|0x00000000c6600000, 0x00000000c6600000, 0x00000000c6700000|  0%| F|  |TAMS 0x00000000c6600000, 0x00000000c6600000| Untracked 
|  15|0x00000000c6700000, 0x00000000c6700000, 0x00000000c6800000|  0%| F|  |TAMS 0x00000000c6700000, 0x00000000c6700000| Untracked 
|  16|0x00000000c6800000, 0x00000000c6800000, 0x00000000c6900000|  0%| F|  |TAMS 0x00000000c6800000, 0x00000000c6800000| Untracked 
|  17|0x00000000c6900000, 0x00000000c6900000, 0x00000000c6a00000|  0%| F|  |TAMS 0x00000000c6900000, 0x00000000c6900000| Untracked 
|  18|0x00000000c6a00000, 0x00000000c6a00000, 0x00000000c6b00000|  0%| F|  |TAMS 0x00000000c6a00000, 0x00000000c6a00000| Untracked 
|  19|0x00000000c6b00000, 0x00000000c6b00000, 0x00000000c6c00000|  0%| F|  |TAMS 0x00000000c6b00000, 0x00000000c6b00000| Untracked 
|  20|0x00000000c6c00000, 0x00000000c6c00000, 0x00000000c6d00000|  0%| F|  |TAMS 0x00000000c6c00000, 0x00000000c6c00000| Untracked 
|  21|0x00000000c6d00000, 0x00000000c6d00000, 0x00000000c6e00000|  0%| F|  |TAMS 0x00000000c6d00000, 0x00000000c6d00000| Untracked 
|  22|0x00000000c6e00000, 0x00000000c6e00000, 0x00000000c6f00000|  0%| F|  |TAMS 0x00000000c6e00000, 0x00000000c6e00000| Untracked 
|  23|0x00000000c6f00000, 0x00000000c6f00000, 0x00000000c7000000|  0%| F|  |TAMS 0x00000000c6f00000, 0x00000000c6f00000| Untracked 
|  24|0x00000000c7000000, 0x00000000c7000000, 0x00000000c7100000|  0%| F|  |TAMS 0x00000000c7000000, 0x00000000c7000000| Untracked 
|  25|0x00000000c7100000, 0x00000000c7100000, 0x00000000c7200000|  0%| F|  |TAMS 0x00000000c7100000, 0x00000000c7100000| Untracked 
|  26|0x00000000c7200000, 0x00000000c7200000, 0x00000000c7300000|  0%| F|  |TAMS 0x00000000c7200000, 0x00000000c7200000| Untracked 
|  27|0x00000000c7300000, 0x00000000c7300000, 0x00000000c7400000|  0%| F|  |TAMS 0x00000000c7300000, 0x00000000c7300000| Untracked 
|  28|0x00000000c7400000, 0x00000000c7400000, 0x00000000c7500000|  0%| F|  |TAMS 0x00000000c7400000, 0x00000000c7400000| Untracked 
|  29|0x00000000c7500000, 0x00000000c7500000, 0x00000000c7600000|  0%| F|  |TAMS 0x00000000c7500000, 0x00000000c7500000| Untracked 
|  30|0x00000000c7600000, 0x00000000c7600000, 0x00000000c7700000|  0%| F|  |TAMS 0x00000000c7600000, 0x00000000c7600000| Untracked 
|  31|0x00000000c7700000, 0x00000000c7700000, 0x00000000c7800000|  0%| F|  |TAMS 0x00000000c7700000, 0x00000000c7700000| Untracked 
|  32|0x00000000c7800000, 0x00000000c7800000, 0x00000000c7900000|  0%| F|  |TAMS 0x00000000c7800000, 0x00000000c7800000| Untracked 
|  33|0x00000000c7900000, 0x00000000c7900000, 0x00000000c7a00000|  0%| F|  |TAMS 0x00000000c7900000, 0x00000000c7900000| Untracked 
|  34|0x00000000c7a00000, 0x00000000c7a00000, 0x00000000c7b00000|  0%| F|  |TAMS 0x00000000c7a00000, 0x00000000c7a00000| Untracked 
|  35|0x00000000c7b00000, 0x00000000c7b00000, 0x00000000c7c00000|  0%| F|  |TAMS 0x00000000c7b00000, 0x00000000c7b00000| Untracked 
|  36|0x00000000c7c00000, 0x00000000c7c00000, 0x00000000c7d00000|  0%| F|  |TAMS 0x00000000c7c00000, 0x00000000c7c00000| Untracked 
|  37|0x00000000c7d00000, 0x00000000c7d00000, 0x00000000c7e00000|  0%| F|  |TAMS 0x00000000c7d00000, 0x00000000c7d00000| Untracked 
|  38|0x00000000c7e00000, 0x00000000c7e00000, 0x00000000c7f00000|  0%| F|  |TAMS 0x00000000c7e00000, 0x00000000c7e00000| Untracked 
|  39|0x00000000c7f00000, 0x00000000c7f00000, 0x00000000c8000000|  0%| F|  |TAMS 0x00000000c7f00000, 0x00000000c7f00000| Untracked 
|  40|0x00000000c8000000, 0x00000000c8000000, 0x00000000c8100000|  0%| F|  |TAMS 0x00000000c8000000, 0x00000000c8000000| Untracked 
|  41|0x00000000c8100000, 0x00000000c8100000, 0x00000000c8200000|  0%| F|  |TAMS 0x00000000c8100000, 0x00000000c8100000| Untracked 
|  42|0x00000000c8200000, 0x00000000c8200000, 0x00000000c8300000|  0%| F|  |TAMS 0x00000000c8200000, 0x00000000c8200000| Untracked 
|  43|0x00000000c8300000, 0x00000000c8300000, 0x00000000c8400000|  0%| F|  |TAMS 0x00000000c8300000, 0x00000000c8300000| Untracked 
|  44|0x00000000c8400000, 0x00000000c8400000, 0x00000000c8500000|  0%| F|  |TAMS 0x00000000c8400000, 0x00000000c8400000| Untracked 
|  45|0x00000000c8500000, 0x00000000c8500000, 0x00000000c8600000|  0%| F|  |TAMS 0x00000000c8500000, 0x00000000c8500000| Untracked 
|  46|0x00000000c8600000, 0x00000000c8600000, 0x00000000c8700000|  0%| F|  |TAMS 0x00000000c8600000, 0x00000000c8600000| Untracked 
|  47|0x00000000c8700000, 0x00000000c8700000, 0x00000000c8800000|  0%| F|  |TAMS 0x00000000c8700000, 0x00000000c8700000| Untracked 
|  48|0x00000000c8800000, 0x00000000c8800000, 0x00000000c8900000|  0%| F|  |TAMS 0x00000000c8800000, 0x00000000c8800000| Untracked 
|  49|0x00000000c8900000, 0x00000000c8900000, 0x00000000c8a00000|  0%| F|  |TAMS 0x00000000c8900000, 0x00000000c8900000| Untracked 
|  50|0x00000000c8a00000, 0x00000000c8a00000, 0x00000000c8b00000|  0%| F|  |TAMS 0x00000000c8a00000, 0x00000000c8a00000| Untracked 
|  51|0x00000000c8b00000, 0x00000000c8b00000, 0x00000000c8c00000|  0%| F|  |TAMS 0x00000000c8b00000, 0x00000000c8b00000| Untracked 
|  52|0x00000000c8c00000, 0x00000000c8c00000, 0x00000000c8d00000|  0%| F|  |TAMS 0x00000000c8c00000, 0x00000000c8c00000| Untracked 
|  53|0x00000000c8d00000, 0x00000000c8d00000, 0x00000000c8e00000|  0%| F|  |TAMS 0x00000000c8d00000, 0x00000000c8d00000| Untracked 
|  54|0x00000000c8e00000, 0x00000000c8e00000, 0x00000000c8f00000|  0%| F|  |TAMS 0x00000000c8e00000, 0x00000000c8e00000| Untracked 
|  55|0x00000000c8f00000, 0x00000000c8f00000, 0x00000000c9000000|  0%| F|  |TAMS 0x00000000c8f00000, 0x00000000c8f00000| Untracked 
|  56|0x00000000c9000000, 0x00000000c9000000, 0x00000000c9100000|  0%| F|  |TAMS 0x00000000c9000000, 0x00000000c9000000| Untracked 
|  57|0x00000000c9100000, 0x00000000c9100000, 0x00000000c9200000|  0%| F|  |TAMS 0x00000000c9100000, 0x00000000c9100000| Untracked 
|  58|0x00000000c9200000, 0x00000000c9200000, 0x00000000c9300000|  0%| F|  |TAMS 0x00000000c9200000, 0x00000000c9200000| Untracked 
|  59|0x00000000c9300000, 0x00000000c9375c98, 0x00000000c9400000| 46%| E|  |TAMS 0x00000000c9300000, 0x00000000c9300000| Complete 

Card table byte_map: [0x0000021969b30000,0x0000021969d10000] _byte_map_base: 0x0000021969504000

Marking Bits (Prev, Next): (CMBitMap*) 0x00000219528d4070, (CMBitMap*) 0x00000219528d40b0
 Prev Bits: [0x0000021969ef0000, 0x000002196ad90000)
 Next Bits: [0x000002196ad90000, 0x000002196bc30000)

GC Heap History (0 events):
No events

Dll operation events (1 events):
Event: 0.044 Loaded shared library C:\Program Files\Eclipse Adoptium\jdk-17.0.18.8-hotspot\bin\java.dll

Deoptimization events (0 events):
No events

Classes loaded (20 events):
Event: 5.201 Loading class java/lang/BootstrapMethodError
Event: 5.201 Loading class java/lang/BootstrapMethodError done
Event: 5.201 Loading class java/lang/invoke/CallSite
Event: 5.201 Loading class java/lang/invoke/CallSite done
Event: 5.201 Loading class jdk/internal/invoke/NativeEntryPoint
Event: 5.201 Loading class jdk/internal/invoke/NativeEntryPoint done
Event: 5.201 Loading class java/lang/invoke/MethodHandleNatives$CallSiteContext
Event: 5.201 Loading class java/lang/invoke/MethodHandleNatives$CallSiteContext done
Event: 5.201 Loading class java/lang/invoke/ConstantCallSite
Event: 5.202 Loading class java/lang/invoke/ConstantCallSite done
Event: 5.202 Loading class java/lang/invoke/MutableCallSite
Event: 5.202 Loading class java/lang/invoke/MutableCallSite done
Event: 5.202 Loading class java/lang/invoke/VolatileCallSite
Event: 5.202 Loading class java/lang/invoke/VolatileCallSite done
Event: 5.202 Loading class java/lang/AssertionStatusDirectives
Event: 5.202 Loading class java/lang/AssertionStatusDirectives done
Event: 5.202 Loading class java/lang/StringBuffer
Event: 5.202 Loading class java/lang/AbstractStringBuilder
Event: 5.202 Loading class java/lang/Appendable
Event: 5.202 Loading class java/lang/Appendable done

Classes unloaded (0 events):
No events

Classes redefined (0 events):
No events

Internal exceptions (0 events):
No events

VM Operations (0 events):
No events

Memory protections (0 events):
No events

Nmethod flushes (0 events):
No events

Events (0 events):
No events


Dynamic libraries:
0x00007ff6f7740000 - 0x00007ff6f774e000 	C:\Program Files\Eclipse Adoptium\jdk-17.0.18.8-hotspot\bin\java.exe
0x00007ffa69c80000 - 0x00007ffa69ee6000 	C:\WINDOWS\SYSTEM32\ntdll.dll
0x00007ffa68cb0000 - 0x00007ffa68d79000 	C:\WINDOWS\System32\KERNEL32.DLL
0x00007ffa672b0000 - 0x00007ffa676b0000 	C:\WINDOWS\System32\KERNELBASE.dll
0x00007ffa66ea0000 - 0x00007ffa66fec000 	C:\WINDOWS\System32\ucrtbase.dll
0x00007ffa60cc0000 - 0x00007ffa60cd8000 	C:\Program Files\Eclipse Adoptium\jdk-17.0.18.8-hotspot\bin\jli.dll
0x00007ffa4fc00000 - 0x00007ffa4fc1e000 	C:\Program Files\Eclipse Adoptium\jdk-17.0.18.8-hotspot\bin\VCRUNTIME140.dll
0x00007ffa68e40000 - 0x00007ffa69007000 	C:\WINDOWS\System32\USER32.dll
0x00007ffa678f0000 - 0x00007ffa67917000 	C:\WINDOWS\System32\win32u.dll
0x00007ffa681c0000 - 0x00007ffa681eb000 	C:\WINDOWS\System32\GDI32.dll
0x00007ffa67000000 - 0x00007ffa67129000 	C:\WINDOWS\System32\gdi32full.dll
0x00007ffa67840000 - 0x00007ffa678e3000 	C:\WINDOWS\System32\msvcp_win.dll
0x00007ffa43180000 - 0x00007ffa43412000 	C:\WINDOWS\WinSxS\amd64_microsoft.windows.common-controls_6595b64144ccf1df_6.0.26100.8737_none_3e092eaee333b772\COMCTL32.dll
0x00007ffa67c80000 - 0x00007ffa67d29000 	C:\WINDOWS\System32\msvcrt.dll
0x00007ffa68330000 - 0x00007ffa68362000 	C:\WINDOWS\System32\IMM32.DLL
0x00007ffa5e9a0000 - 0x00007ffa5e9ac000 	C:\Program Files\Eclipse Adoptium\jdk-17.0.18.8-hotspot\bin\vcruntime140_1.dll
0x00007ffa4f790000 - 0x00007ffa4f81d000 	C:\Program Files\Eclipse Adoptium\jdk-17.0.18.8-hotspot\bin\msvcp140.dll
0x00007ff9ce7f0000 - 0x00007ff9cf45b000 	C:\Program Files\Eclipse Adoptium\jdk-17.0.18.8-hotspot\bin\server\jvm.dll
0x00007ffa69270000 - 0x00007ffa69327000 	C:\WINDOWS\System32\ADVAPI32.dll
0x00007ffa68280000 - 0x00007ffa6832a000 	C:\WINDOWS\System32\sechost.dll
0x00007ffa68370000 - 0x00007ffa68488000 	C:\WINDOWS\System32\RPCRT4.dll
0x00007ffa681f0000 - 0x00007ffa68270000 	C:\WINDOWS\System32\WS2_32.dll
0x00007ffa66d00000 - 0x00007ffa66d5e000 	C:\WINDOWS\SYSTEM32\POWRPROF.dll
0x00007ffa59630000 - 0x00007ffa59666000 	C:\WINDOWS\SYSTEM32\WINMM.dll
0x00007ffa5e480000 - 0x00007ffa5e48b000 	C:\WINDOWS\SYSTEM32\VERSION.dll
0x00007ffa66cd0000 - 0x00007ffa66ce4000 	C:\WINDOWS\SYSTEM32\UMPDC.dll
0x00007ffa65b80000 - 0x00007ffa65b9b000 	C:\WINDOWS\SYSTEM32\kernel.appcore.dll
0x00007ffa5e060000 - 0x00007ffa5e06a000 	C:\Program Files\Eclipse Adoptium\jdk-17.0.18.8-hotspot\bin\jimage.dll
0x00007ffa64430000 - 0x00007ffa64672000 	C:\WINDOWS\SYSTEM32\DBGHELP.DLL
0x00007ffa68920000 - 0x00007ffa68ca3000 	C:\WINDOWS\System32\combase.dll
0x00007ffa67f10000 - 0x00007ffa67fe9000 	C:\WINDOWS\System32\OLEAUT32.dll
0x00007ffa46f50000 - 0x00007ffa46f8b000 	C:\WINDOWS\SYSTEM32\dbgcore.DLL
0x00007ffa676c0000 - 0x00007ffa6776c000 	C:\WINDOWS\System32\bcryptPrimitives.dll
0x00007ffa4f760000 - 0x00007ffa4f785000 	C:\Program Files\Eclipse Adoptium\jdk-17.0.18.8-hotspot\bin\java.dll

dbghelp: loaded successfully - version: 4.0.5 - missing functions: none
symbol engine: initialized successfully - sym options: 0x614 - pdb path: .;C:\Program Files\Eclipse Adoptium\jdk-17.0.18.8-hotspot\bin;C:\WINDOWS\SYSTEM32;C:\WINDOWS\WinSxS\amd64_microsoft.windows.common-controls_6595b64144ccf1df_6.0.26100.8737_none_3e092eaee333b772;C:\Program Files\Eclipse Adoptium\jdk-17.0.18.8-hotspot\bin\server

VM Arguments:
jvm_args: -Dclassworlds.conf=C:\Users\swath\.m2\wrapper\dists\apache-maven-3.9.16\0daed3be3ebd1c706f0e69e8b07c6b73f5cc4ea3dfce72a8d0ec2e849ca2ddb0\bin\m2.conf -Dmaven.home=C:\Users\swath\.m2\wrapper\dists\apache-maven-3.9.16\0daed3be3ebd1c706f0e69e8b07c6b73f5cc4ea3dfce72a8d0ec2e849ca2ddb0 -Dlibrary.jansi.path=C:\Users\swath\.m2\wrapper\dists\apache-maven-3.9.16\0daed3be3ebd1c706f0e69e8b07c6b73f5cc4ea3dfce72a8d0ec2e849ca2ddb0\lib\jansi-native -Dmaven.multiModuleProjectDirectory=C:\Users\swath\Downloads\service-registry (1)\service-registry 
java_command: org.codehaus.plexus.classworlds.launcher.Launcher clean package
java_class_path (initial): C:\Users\swath\.m2\wrapper\dists\apache-maven-3.9.16\0daed3be3ebd1c706f0e69e8b07c6b73f5cc4ea3dfce72a8d0ec2e849ca2ddb0\boot\plexus-classworlds-2.11.0.jar
Launcher Type: SUN_STANDARD

[Global flags]
     intx CICompilerCount                          = 4                                         {product} {ergonomic}
     uint ConcGCThreads                            = 3                                         {product} {ergonomic}
     uint G1ConcRefinementThreads                  = 10                                        {product} {ergonomic}
   size_t G1HeapRegionSize                         = 1048576                                   {product} {ergonomic}
    uintx GCDrainStackTargetSize                   = 64                                        {product} {ergonomic}
   size_t InitialHeapSize                          = 62914560                                  {product} {ergonomic}
   size_t MarkStackSize                            = 4194304                                   {product} {ergonomic}
   size_t MaxHeapSize                              = 981467136                                 {product} {ergonomic}
   size_t MaxNewSize                               = 588251136                                 {product} {ergonomic}
   size_t MinHeapDeltaBytes                        = 1048576                                   {product} {ergonomic}
   size_t MinHeapSize                              = 8388608                                   {product} {ergonomic}
    uintx NonNMethodCodeHeapSize                   = 5839372                                {pd product} {ergonomic}
    uintx NonProfiledCodeHeapSize                  = 122909434                              {pd product} {ergonomic}
    uintx ProfiledCodeHeapSize                     = 122909434                              {pd product} {ergonomic}
    uintx ReservedCodeCacheSize                    = 251658240                              {pd product} {ergonomic}
     bool SegmentedCodeCache                       = true                                      {product} {ergonomic}
   size_t SoftMaxHeapSize                          = 981467136                              {manageable} {ergonomic}
     bool UseCompressedClassPointers               = true                           {product lp64_product} {ergonomic}
     bool UseCompressedOops                        = true                           {product lp64_product} {ergonomic}
     bool UseG1GC                                  = true                                      {product} {ergonomic}
     bool UseLargePagesIndividualAllocation        = false                                  {pd product} {ergonomic}

Logging:
Log output configuration:
 #0: stdout all=warning uptime,level,tags
 #1: stderr all=off uptime,level,tags

Environment Variables:
PATH=C:\Program Files\Eclipse Adoptium\jdk-17.0.18.8-hotspot\bin;C:\Program Files\Common Files\Oracle\Java\javapath;C:\WINDOWS\system32;C:\WINDOWS;C:\WINDOWS\System32\Wbem;C:\WINDOWS\System32\WindowsPowerShell\v1.0\;C:\WINDOWS\System32\OpenSSH\;C:\Program Files\Java\jdk-25.0.2\bin;C:\Program Files\MySQL\MySQL Server 8.0\bin;C:\Program Files\Git\cmd;C:\Program Files\Docker\Docker\resources\bin;C:\Program Files\MySQL\MySQL Shell 8.0\bin\;C:\Users\swath\AppData\Local\Microsoft\WindowsApps;
USERNAME=swath
OS=Windows_NT
PROCESSOR_IDENTIFIER=Intel64 Family 6 Model 186 Stepping 3, GenuineIntel
TMP=C:\Users\swath\AppData\Local\Temp
TEMP=C:\Users\swath\AppData\Local\Temp



Periodic native trim disabled


---------------  S Y S T E M  ---------------

OS:
 Windows 11 , 64 bit Build 26100 (10.0.26100.8737)
OS uptime: 0 days 2:25 hours
Hyper-V role detected

CPU: total 12 (initial active 12) (6 cores per cpu, 2 threads per core) family 6 model 186 stepping 3 microcode 0x6134, cx8, cmov, fxsr, ht, mmx, 3dnowpref, sse, sse2, sse3, ssse3, sse4.1, sse4.2, popcnt, lzcnt, tsc, tscinvbit, avx, avx2, aes, erms, clmul, bmi1, bmi2, adx, sha, fma, vzeroupper, clflush, clflushopt, clwb, hv
Processor Information for all 12 processors :
  Max Mhz: 1300, Current Mhz: 1300, Mhz Limit: 1300

Memory: 4k page, system-wide physical 3739M (106M free)
TotalPageFile size 15003M (AvailPageFile size 0M)
current process WorkingSet (physical memory assigned to process): 16M, peak: 16M
current process commit charge ("private bytes"): 129M, peak: 131M

vm_info: OpenJDK 64-Bit Server VM (17.0.18+8) for windows-amd64 JRE (17.0.18+8), built on Jan 20 2026 22:28:22 by "admin" with MS VC++ 17.12 (VS2022)

END.
