#
# There is insufficient memory for the Java Runtime Environment to continue.
# Native memory allocation (mmap) failed to map 56623104 bytes. Error detail: G1 virtual space
# Possible reasons:
#   The system is out of physical RAM or swap space
#   This process is running with CompressedOops enabled, and the Java Heap may be blocking the growth of the native heap
# Possible solutions:
#   Reduce memory load on the system
#   Increase physical memory or swap space
#   Check if swap backing store is full
#   Decrease Java heap size (-Xmx/-Xms)
#   Decrease number of Java threads
#   Decrease Java thread stack sizes (-Xss)
#   Set larger code cache with -XX:ReservedCodeCacheSize=
#   JVM is running with Unscaled Compressed Oops mode in which the Java heap is
#     placed in the first 4GB address space. The Java Heap base address is the
#     maximum limit for the native heap growth. Please use -XX:HeapBaseMinAddress
#     to set the Java Heap base and to place the Java Heap above 4GB virtual address.
# This output file may be truncated or incomplete.
#
#  Out of Memory Error (os_windows.cpp:3714), pid=28728, tid=16692
#
# JRE version: OpenJDK Runtime Environment Temurin-21.0.10+7 (21.0.10+7) (build 21.0.10+7-LTS)
# Java VM: OpenJDK 64-Bit Server VM Temurin-21.0.10+7 (21.0.10+7-LTS, mixed mode, emulated-client, tiered, compressed oops, compressed class ptrs, g1 gc, windows-amd64)
# No core dump will be written. Minidumps are not enabled by default on client versions of Windows
#

---------------  S U M M A R Y ------------

Command Line: -Dcom.sun.management.jmxremote -Dcom.sun.management.jmxremote.port=63146 -Dcom.sun.management.jmxremote.authenticate=false -Dcom.sun.management.jmxremote.ssl=false -Djava.rmi.server.hostname=localhost -Dspring.jmx.enabled=true -Dmanagement.endpoints.jmx.exposure.include=* -Dspring.application.admin.enabled=true -Dspring.output.ansi.enabled=always -XX:TieredStopAtLevel=1 -Dspring.boot.project.name=service-registry -Dfile.encoding=UTF-8 -Dstdout.encoding=UTF-8 -Dstderr.encoding=UTF-8 -XX:+ShowCodeDetailsInExceptionMessages com.portal.registry.ServiceRegistryApplication

Host: 13th Gen Intel(R) Core(TM) i5-1335U, 12 cores, 3G,  Windows 11 , 64 bit Build 26100 (10.0.26100.8737)
Time: Thu Jul 16 13:21:07 2026 India Standard Time elapsed time: 11.050532 seconds (0d 0h 0m 11s)

---------------  T H R E A D  ---------------

Current thread (0x000001db55b5da80):  VMThread "VM Thread"          [id=16692, stack(0x00000029d5800000,0x00000029d5900000) (1024K)]

Stack: [0x00000029d5800000,0x00000029d5900000]
Native frames: (J=compiled Java code, j=interpreted, Vv=VM code, C=native code)
V  [jvm.dll+0x6d7a39]
V  [jvm.dll+0x8b4b26]
V  [jvm.dll+0x8b70de]
V  [jvm.dll+0x8b77c3]
V  [jvm.dll+0x284346]
V  [jvm.dll+0x6d4355]
V  [jvm.dll+0x6c808a]
V  [jvm.dll+0x35edb8]
V  [jvm.dll+0x3669f6]
V  [jvm.dll+0x3b7afe]
V  [jvm.dll+0x3b7da8]
V  [jvm.dll+0x332fbc]
V  [jvm.dll+0x333047]
V  [jvm.dll+0x376e1c]
V  [jvm.dll+0x3755be]
V  [jvm.dll+0x332701]
V  [jvm.dll+0x374c2a]
V  [jvm.dll+0x8bd4b0]
V  [jvm.dll+0x8be824]
V  [jvm.dll+0x8bed50]
V  [jvm.dll+0x8beff3]
V  [jvm.dll+0x85f59d]
V  [jvm.dll+0x6d626d]
C  [ucrtbase.dll+0x2cd30]
C  [KERNEL32.DLL+0x2e957]
C  [ntdll.dll+0xaad6c]

VM_Operation (0x00000029d51fcf50): G1CollectForAllocation, mode: safepoint, requested by thread 0x000001db4afe76f0


---------------  P R O C E S S  ---------------

Threads class SMR info:
_java_thread_list=0x000001db04fceda0, length=16, elements={
0x000001db4afe76f0, 0x000001db0401c4a0, 0x000001db0401e210, 0x000001db55bbc1f0,
0x000001db0403fdd0, 0x000001db04043b50, 0x000001db04032200, 0x000001db04064a40,
0x000001db04031b70, 0x000001db04034960, 0x000001db049f96b0, 0x000001db04034ff0,
0x000001db04032890, 0x000001db04032f20, 0x000001db040335b0, 0x000001db04033c40
}

Java Threads: ( => current thread )
  0x000001db4afe76f0 JavaThread "main"                              [_thread_blocked, id=9992, stack(0x00000029d5100000,0x00000029d5200000) (1024K)]
  0x000001db0401c4a0 JavaThread "Reference Handler"          daemon [_thread_blocked, id=31748, stack(0x00000029d5900000,0x00000029d5a00000) (1024K)]
  0x000001db0401e210 JavaThread "Finalizer"                  daemon [_thread_blocked, id=18624, stack(0x00000029d5a00000,0x00000029d5b00000) (1024K)]
  0x000001db55bbc1f0 JavaThread "Signal Dispatcher"          daemon [_thread_blocked, id=30088, stack(0x00000029d5b00000,0x00000029d5c00000) (1024K)]
  0x000001db0403fdd0 JavaThread "Attach Listener"            daemon [_thread_blocked, id=19332, stack(0x00000029d5c00000,0x00000029d5d00000) (1024K)]
  0x000001db04043b50 JavaThread "Service Thread"             daemon [_thread_blocked, id=18572, stack(0x00000029d5d00000,0x00000029d5e00000) (1024K)]
  0x000001db04032200 JavaThread "Monitor Deflation Thread"   daemon [_thread_blocked, id=9264, stack(0x00000029d5e00000,0x00000029d5f00000) (1024K)]
  0x000001db04064a40 JavaThread "C1 CompilerThread0"         daemon [_thread_blocked, id=28924, stack(0x00000029d5f00000,0x00000029d6000000) (1024K)]
  0x000001db04031b70 JavaThread "Notification Thread"        daemon [_thread_blocked, id=31256, stack(0x00000029d6000000,0x00000029d6100000) (1024K)]
  0x000001db04034960 JavaThread "Common-Cleaner"             daemon [_thread_blocked, id=31392, stack(0x00000029d6100000,0x00000029d6200000) (1024K)]
  0x000001db049f96b0 JavaThread "C1 CompilerThread1"         daemon [_thread_blocked, id=20032, stack(0x00000029d6200000,0x00000029d6300000) (1024K)]
  0x000001db04034ff0 JavaThread "RMI TCP Accept-0"           daemon [_thread_in_native, id=32256, stack(0x00000029d6300000,0x00000029d6400000) (1024K)]
  0x000001db04032890 JavaThread "RMI TCP Accept-63146"       daemon [_thread_in_native, id=3104, stack(0x00000029d6400000,0x00000029d6500000) (1024K)]
  0x000001db04032f20 JavaThread "RMI TCP Accept-0"           daemon [_thread_in_native, id=15892, stack(0x00000029d6500000,0x00000029d6600000) (1024K)]
  0x000001db040335b0 JavaThread "RMI TCP Connection(1)-127.0.0.1" daemon [_thread_in_native, id=23008, stack(0x00000029d6e00000,0x00000029d6f00000) (1024K)]
  0x000001db04033c40 JavaThread "RMI Scheduler(0)"           daemon [_thread_blocked, id=10732, stack(0x00000029d6f00000,0x00000029d7000000) (1024K)]
Total: 16

Other Threads:
=>0x000001db55b5da80 VMThread "VM Thread"                           [id=16692, stack(0x00000029d5800000,0x00000029d5900000) (1024K)]
  0x000001db55af83c0 WatcherThread "VM Periodic Task Thread"        [id=19588, stack(0x00000029d5700000,0x00000029d5800000) (1024K)]
  0x000001db4b01b6a0 WorkerThread "GC Thread#0"                     [id=5892, stack(0x00000029d5200000,0x00000029d5300000) (1024K)]
  0x000001db04bf6040 WorkerThread "GC Thread#1"                     [id=27456, stack(0x00000029d6600000,0x00000029d6700000) (1024K)]
  0x000001db04fbd6a0 WorkerThread "GC Thread#2"                     [id=31408, stack(0x00000029d6700000,0x00000029d6800000) (1024K)]
  0x000001db04fbda50 WorkerThread "GC Thread#3"                     [id=18500, stack(0x00000029d6800000,0x00000029d6900000) (1024K)]
  0x000001db04fc1e10 WorkerThread "GC Thread#4"                     [id=9512, stack(0x00000029d6900000,0x00000029d6a00000) (1024K)]
  0x000001db04fca1e0 WorkerThread "GC Thread#5"                     [id=19004, stack(0x00000029d6a00000,0x00000029d6b00000) (1024K)]
  0x000001db04fd25a0 WorkerThread "GC Thread#6"                     [id=8392, stack(0x00000029d6b00000,0x00000029d6c00000) (1024K)]
  0x000001db04fd2950 WorkerThread "GC Thread#7"                     [id=19256, stack(0x00000029d6c00000,0x00000029d6d00000) (1024K)]
  0x000001db04fdad10 WorkerThread "GC Thread#8"                     [id=18152, stack(0x00000029d6d00000,0x00000029d6e00000) (1024K)]
  0x000001db05039390 WorkerThread "GC Thread#9"                     [id=15776, stack(0x00000029d7000000,0x00000029d7100000) (1024K)]
  0x000001db4b0250c0 ConcurrentGCThread "G1 Main Marker"            [id=10360, stack(0x00000029d5300000,0x00000029d5400000) (1024K)]
  0x000001db4b025ae0 WorkerThread "G1 Conc#0"                       [id=26572, stack(0x00000029d5400000,0x00000029d5500000) (1024K)]
  0x000001db559d10a0 ConcurrentGCThread "G1 Refine#0"               [id=28604, stack(0x00000029d5500000,0x00000029d5600000) (1024K)]
  0x000001db559d18d0 ConcurrentGCThread "G1 Service"                [id=19880, stack(0x00000029d5600000,0x00000029d5700000) (1024K)]
Total: 16

Threads with active compile tasks:
Total: 0

VM state: at safepoint (normal execution)

VM Mutex/Monitor currently owned by a thread:  ([mutex/lock_event])
[0x00007fffda9de560] Threads_lock - owner thread: 0x000001db55b5da80
[0x00007fffda9de660] Heap_lock - owner thread: 0x000001db4afe76f0

Heap address: 0x00000000c5800000, size: 936 MB, Compressed Oops mode: 32-bit

CDS archive(s) not mapped
Compressed class space mapped at: 0x0000000100000000-0x0000000140000000, reserved size: 1073741824
Narrow klass base: 0x0000000000000000, Narrow klass shift: 3, Narrow klass range: 0x140000000

GC Precious Log:
 CardTable entry size: 512
 Card Set container configuration: InlinePtr #cards 5 size 8 Array Of Cards #cards 12 size 40 Howl #buckets 4 coarsen threshold 1843 Howl Bitmap #cards 512 size 80 coarsen threshold 460 Card regions per heap region 1 cards per card region 2048
 CPUs: 12 total, 12 available
 Memory: 3739M
 Large Page Support: Disabled
 NUMA Support: Disabled
 Compressed Oops: Enabled (32-bit)
 Heap Region Size: 1M
 Heap Min Capacity: 8M
 Heap Initial Capacity: 60M
 Heap Max Capacity: 936M
 Pre-touch: Disabled
 Parallel Workers: 10
 Concurrent Workers: 3
 Concurrent Refinement Workers: 10
 Periodic GC: Disabled

Heap:
 garbage-first heap   total 61440K, used 9432K [0x00000000c5800000, 0x0000000100000000)
  region size 1024K, 1 young (1024K), 1 survivors (1024K)
 Metaspace       used 17585K, committed 17856K, reserved 1114112K
  class space    used 1804K, committed 1920K, reserved 1048576K

Heap Regions: E=young(eden), S=young(survivor), O=old, HS=humongous(starts), HC=humongous(continues), CS=collection set, F=free, TAMS=top-at-mark-start, PB=parsable bottom
|   0|0x00000000c5800000, 0x00000000c5900000, 0x00000000c5900000|100%|HS|  |TAMS 0x00000000c5800000| PB 0x00000000c5800000| Complete 
|   1|0x00000000c5900000, 0x00000000c5a00000, 0x00000000c5a00000|100%| O|  |TAMS 0x00000000c5900000| PB 0x00000000c5900000| Untracked 
|   2|0x00000000c5a00000, 0x00000000c5b00000, 0x00000000c5b00000|100%| O|  |TAMS 0x00000000c5a00000| PB 0x00000000c5a00000| Untracked 
|   3|0x00000000c5b00000, 0x00000000c5c00000, 0x00000000c5c00000|100%| O|  |TAMS 0x00000000c5b00000| PB 0x00000000c5b00000| Untracked 
|   4|0x00000000c5c00000, 0x00000000c5d00000, 0x00000000c5d00000|100%| O|  |TAMS 0x00000000c5c00000| PB 0x00000000c5c00000| Untracked 
|   5|0x00000000c5d00000, 0x00000000c5e00000, 0x00000000c5e00000|100%| O|  |TAMS 0x00000000c5d00000| PB 0x00000000c5d00000| Untracked 
|   6|0x00000000c5e00000, 0x00000000c5f00000, 0x00000000c5f00000|100%| O|  |TAMS 0x00000000c5e00000| PB 0x00000000c5e00000| Untracked 
|   7|0x00000000c5f00000, 0x00000000c6000000, 0x00000000c6000000|100%| O|  |TAMS 0x00000000c5f00000| PB 0x00000000c5f00000| Untracked 
|   8|0x00000000c6000000, 0x00000000c608bed0, 0x00000000c6100000| 54%| O|  |TAMS 0x00000000c6000000| PB 0x00000000c6000000| Untracked 
|   9|0x00000000c6100000, 0x00000000c6100000, 0x00000000c6200000|  0%| F|  |TAMS 0x00000000c6100000| PB 0x00000000c6100000| Untracked 
|  10|0x00000000c6200000, 0x00000000c6200000, 0x00000000c6300000|  0%| F|  |TAMS 0x00000000c6200000| PB 0x00000000c6200000| Untracked 
|  11|0x00000000c6300000, 0x00000000c6300000, 0x00000000c6400000|  0%| F|  |TAMS 0x00000000c6300000| PB 0x00000000c6300000| Untracked 
|  12|0x00000000c6400000, 0x00000000c6400000, 0x00000000c6500000|  0%| F|  |TAMS 0x00000000c6400000| PB 0x00000000c6400000| Untracked 
|  13|0x00000000c6500000, 0x00000000c6500000, 0x00000000c6600000|  0%| F|  |TAMS 0x00000000c6500000| PB 0x00000000c6500000| Untracked 
|  14|0x00000000c6600000, 0x00000000c6600000, 0x00000000c6700000|  0%| F|  |TAMS 0x00000000c6600000| PB 0x00000000c6600000| Untracked 
|  15|0x00000000c6700000, 0x00000000c6700000, 0x00000000c6800000|  0%| F|  |TAMS 0x00000000c6700000| PB 0x00000000c6700000| Untracked 
|  16|0x00000000c6800000, 0x00000000c6800000, 0x00000000c6900000|  0%| F|  |TAMS 0x00000000c6800000| PB 0x00000000c6800000| Untracked 
|  17|0x00000000c6900000, 0x00000000c6900000, 0x00000000c6a00000|  0%| F|  |TAMS 0x00000000c6900000| PB 0x00000000c6900000| Untracked 
|  18|0x00000000c6a00000, 0x00000000c6a00000, 0x00000000c6b00000|  0%| F|  |TAMS 0x00000000c6a00000| PB 0x00000000c6a00000| Untracked 
|  19|0x00000000c6b00000, 0x00000000c6b00000, 0x00000000c6c00000|  0%| F|  |TAMS 0x00000000c6b00000| PB 0x00000000c6b00000| Untracked 
|  20|0x00000000c6c00000, 0x00000000c6c00000, 0x00000000c6d00000|  0%| F|  |TAMS 0x00000000c6c00000| PB 0x00000000c6c00000| Untracked 
|  21|0x00000000c6d00000, 0x00000000c6d00000, 0x00000000c6e00000|  0%| F|  |TAMS 0x00000000c6d00000| PB 0x00000000c6d00000| Untracked 
|  22|0x00000000c6e00000, 0x00000000c6e00000, 0x00000000c6f00000|  0%| F|  |TAMS 0x00000000c6e00000| PB 0x00000000c6e00000| Untracked 
|  23|0x00000000c6f00000, 0x00000000c6f00000, 0x00000000c7000000|  0%| F|  |TAMS 0x00000000c6f00000| PB 0x00000000c6f00000| Untracked 
|  24|0x00000000c7000000, 0x00000000c7000000, 0x00000000c7100000|  0%| F|  |TAMS 0x00000000c7000000| PB 0x00000000c7000000| Untracked 
|  25|0x00000000c7100000, 0x00000000c7100000, 0x00000000c7200000|  0%| F|  |TAMS 0x00000000c7100000| PB 0x00000000c7100000| Untracked 
|  26|0x00000000c7200000, 0x00000000c7200000, 0x00000000c7300000|  0%| F|  |TAMS 0x00000000c7200000| PB 0x00000000c7200000| Untracked 
|  27|0x00000000c7300000, 0x00000000c7300000, 0x00000000c7400000|  0%| F|  |TAMS 0x00000000c7300000| PB 0x00000000c7300000| Untracked 
|  28|0x00000000c7400000, 0x00000000c7400000, 0x00000000c7500000|  0%| F|  |TAMS 0x00000000c7400000| PB 0x00000000c7400000| Untracked 
|  29|0x00000000c7500000, 0x00000000c7500000, 0x00000000c7600000|  0%| F|  |TAMS 0x00000000c7500000| PB 0x00000000c7500000| Untracked 
|  30|0x00000000c7600000, 0x00000000c7600000, 0x00000000c7700000|  0%| F|  |TAMS 0x00000000c7600000| PB 0x00000000c7600000| Untracked 
|  31|0x00000000c7700000, 0x00000000c7700000, 0x00000000c7800000|  0%| F|  |TAMS 0x00000000c7700000| PB 0x00000000c7700000| Untracked 
|  32|0x00000000c7800000, 0x00000000c7800000, 0x00000000c7900000|  0%| F|  |TAMS 0x00000000c7800000| PB 0x00000000c7800000| Untracked 
|  33|0x00000000c7900000, 0x00000000c7900000, 0x00000000c7a00000|  0%| F|  |TAMS 0x00000000c7900000| PB 0x00000000c7900000| Untracked 
|  34|0x00000000c7a00000, 0x00000000c7a00000, 0x00000000c7b00000|  0%| F|  |TAMS 0x00000000c7a00000| PB 0x00000000c7a00000| Untracked 
|  35|0x00000000c7b00000, 0x00000000c7b00000, 0x00000000c7c00000|  0%| F|  |TAMS 0x00000000c7b00000| PB 0x00000000c7b00000| Untracked 
|  36|0x00000000c7c00000, 0x00000000c7c00000, 0x00000000c7d00000|  0%| F|  |TAMS 0x00000000c7c00000| PB 0x00000000c7c00000| Untracked 
|  37|0x00000000c7d00000, 0x00000000c7d00000, 0x00000000c7e00000|  0%| F|  |TAMS 0x00000000c7d00000| PB 0x00000000c7d00000| Untracked 
|  38|0x00000000c7e00000, 0x00000000c7e00000, 0x00000000c7f00000|  0%| F|  |TAMS 0x00000000c7e00000| PB 0x00000000c7e00000| Untracked 
|  39|0x00000000c7f00000, 0x00000000c7f00000, 0x00000000c8000000|  0%| F|  |TAMS 0x00000000c7f00000| PB 0x00000000c7f00000| Untracked 
|  40|0x00000000c8000000, 0x00000000c8000000, 0x00000000c8100000|  0%| F|  |TAMS 0x00000000c8000000| PB 0x00000000c8000000| Untracked 
|  41|0x00000000c8100000, 0x00000000c8100000, 0x00000000c8200000|  0%| F|  |TAMS 0x00000000c8100000| PB 0x00000000c8100000| Untracked 
|  42|0x00000000c8200000, 0x00000000c8200000, 0x00000000c8300000|  0%| F|  |TAMS 0x00000000c8200000| PB 0x00000000c8200000| Untracked 
|  43|0x00000000c8300000, 0x00000000c8300000, 0x00000000c8400000|  0%| F|  |TAMS 0x00000000c8300000| PB 0x00000000c8300000| Untracked 
|  44|0x00000000c8400000, 0x00000000c8400000, 0x00000000c8500000|  0%| F|  |TAMS 0x00000000c8400000| PB 0x00000000c8400000| Untracked 
|  45|0x00000000c8500000, 0x00000000c8500000, 0x00000000c8600000|  0%| F|  |TAMS 0x00000000c8500000| PB 0x00000000c8500000| Untracked 
|  46|0x00000000c8600000, 0x00000000c8600000, 0x00000000c8700000|  0%| F|  |TAMS 0x00000000c8600000| PB 0x00000000c8600000| Untracked 
|  47|0x00000000c8700000, 0x00000000c8700000, 0x00000000c8800000|  0%| F|  |TAMS 0x00000000c8700000| PB 0x00000000c8700000| Untracked 
|  48|0x00000000c8800000, 0x00000000c8800000, 0x00000000c8900000|  0%| F|  |TAMS 0x00000000c8800000| PB 0x00000000c8800000| Untracked 
|  49|0x00000000c8900000, 0x00000000c8900000, 0x00000000c8a00000|  0%| F|  |TAMS 0x00000000c8900000| PB 0x00000000c8900000| Untracked 
|  50|0x00000000c8a00000, 0x00000000c8a00000, 0x00000000c8b00000|  0%| F|  |TAMS 0x00000000c8a00000| PB 0x00000000c8a00000| Untracked 
|  51|0x00000000c8b00000, 0x00000000c8b00000, 0x00000000c8c00000|  0%| F|  |TAMS 0x00000000c8b00000| PB 0x00000000c8b00000| Untracked 
|  52|0x00000000c8c00000, 0x00000000c8c00000, 0x00000000c8d00000|  0%| F|  |TAMS 0x00000000c8c00000| PB 0x00000000c8c00000| Untracked 
|  53|0x00000000c8d00000, 0x00000000c8d00000, 0x00000000c8e00000|  0%| F|  |TAMS 0x00000000c8d00000| PB 0x00000000c8d00000| Untracked 
|  54|0x00000000c8e00000, 0x00000000c8e00000, 0x00000000c8f00000|  0%| F|  |TAMS 0x00000000c8e00000| PB 0x00000000c8e00000| Untracked 
|  55|0x00000000c8f00000, 0x00000000c8f00000, 0x00000000c9000000|  0%| F|  |TAMS 0x00000000c8f00000| PB 0x00000000c8f00000| Untracked 
|  56|0x00000000c9000000, 0x00000000c90aa490, 0x00000000c9100000| 66%| S|CS|TAMS 0x00000000c9000000| PB 0x00000000c9000000| Complete 
|  57|0x00000000c9100000, 0x00000000c9100000, 0x00000000c9200000|  0%| F|  |TAMS 0x00000000c9100000| PB 0x00000000c9100000| Untracked 
|  58|0x00000000c9200000, 0x00000000c9200000, 0x00000000c9300000|  0%| F|  |TAMS 0x00000000c9200000| PB 0x00000000c9200000| Untracked 
|  59|0x00000000c9300000, 0x00000000c9300000, 0x00000000c9400000|  0%| F|  |TAMS 0x00000000c9300000| PB 0x00000000c9300000| Untracked 

Card table byte_map: [0x000001db51e90000,0x000001db52070000] _byte_map_base: 0x000001db51864000

Marking Bits: (CMBitMap*) 0x000001db4b01bcc0
 Bits: [0x000001db52070000, 0x000001db52f10000)

Polling page: 0x000001db48fe0000

Metaspace:

Usage:
  Non-class:     15.41 MB used.
      Class:      1.76 MB used.
       Both:     17.17 MB used.

Virtual space:
  Non-class space:       64.00 MB reserved,      15.56 MB ( 24%) committed,  1 nodes.
      Class space:        1.00 GB reserved,       1.88 MB ( <1%) committed,  1 nodes.
             Both:        1.06 GB reserved,      17.44 MB (  2%) committed. 

Chunk freelists:
   Non-Class:  160.00 KB
       Class:  14.07 MB
        Both:  14.22 MB

MaxMetaspaceSize: unlimited
CompressedClassSpaceSize: 1.00 GB
Initial GC threshold: 21.00 MB
Current GC threshold: 21.00 MB
CDS: off
 - commit_granule_bytes: 65536.
 - commit_granule_words: 8192.
 - virtual_space_node_default_size: 8388608.
 - enlarge_chunks_in_place: 1.
 - use_allocation_guard: 0.


Internal statistics:

num_allocs_failed_limit: 0.
num_arena_births: 206.
num_arena_deaths: 0.
num_vsnodes_births: 2.
num_vsnodes_deaths: 0.
num_space_committed: 279.
num_space_uncommitted: 0.
num_chunks_returned_to_freelist: 0.
num_chunks_taken_from_freelist: 367.
num_chunk_merges: 0.
num_chunk_splits: 218.
num_chunks_enlarged: 134.
num_inconsistent_stats: 0.

CodeCache: size=49152Kb used=4071Kb max_used=4071Kb free=45081Kb
 bounds [0x000001db4e980000, 0x000001db4ed80000, 0x000001db51980000]
 total_blobs=2053, nmethods=1570, adapters=407, full_count=0
Compilation: enabled, stopped_count=0, restarted_count=0

Compilation events (20 events):
Event: 8.971 Thread 0x000001db049f96b0 nmethod 1560 0x000001db4ed75390 code [0x000001db4ed75520, 0x000001db4ed75630]
Event: 8.971 Thread 0x000001db04064a40 nmethod 1561 0x000001db4ed75690 code [0x000001db4ed75840, 0x000001db4ed75b98]
Event: 8.982 Thread 0x000001db049f96b0 1562       1       java.lang.invoke.BoundMethodHandle::editor (8 bytes)
Event: 8.982 Thread 0x000001db049f96b0 nmethod 1562 0x000001db4ed75c90 code [0x000001db4ed75e40, 0x000001db4ed75fd8]
Event: 8.983 Thread 0x000001db049f96b0 1564       1       java.lang.invoke.BoundMethodHandle::rebind (14 bytes)
Event: 8.983 Thread 0x000001db04064a40 1565       1       java.lang.invoke.BoundMethodHandle::tooComplex (27 bytes)
Event: 8.983 Thread 0x000001db04064a40 nmethod 1565 0x000001db4ed76110 code [0x000001db4ed762c0, 0x000001db4ed76438]
Event: 8.983 Thread 0x000001db04064a40 1566       1       java.lang.invoke.BoundMethodHandle::fieldCount (8 bytes)
Event: 8.983 Thread 0x000001db04064a40 nmethod 1566 0x000001db4ed76590 code [0x000001db4ed76740, 0x000001db4ed76868]
Event: 8.983 Thread 0x000001db04064a40 1567       1       java.lang.invoke.LambdaForm::expressionCount (11 bytes)
Event: 8.983 Thread 0x000001db049f96b0 nmethod 1564 0x000001db4ed76910 code [0x000001db4ed76b00, 0x000001db4ed76e30]
Event: 8.983 Thread 0x000001db049f96b0 1563       1       java.lang.invoke.MethodHandle::internalForm (5 bytes)
Event: 8.983 Thread 0x000001db04064a40 nmethod 1567 0x000001db4ed77090 code [0x000001db4ed77220, 0x000001db4ed772f8]
Event: 8.983 Thread 0x000001db049f96b0 nmethod 1563 0x000001db4ed77390 code [0x000001db4ed77520, 0x000001db4ed775e8]
Event: 8.991 Thread 0x000001db049f96b0 1568       1       java.lang.ClassLoader::compareCerts (197 bytes)
Event: 8.991 Thread 0x000001db049f96b0 nmethod 1568 0x000001db4ed77690 code [0x000001db4ed77880, 0x000001db4ed77bf8]
Event: 8.992 Thread 0x000001db04064a40 1569       1       java.lang.ClassLoader::definePackage (85 bytes)
Event: 8.992 Thread 0x000001db049f96b0 1570       1       jdk.internal.loader.BuiltinClassLoader::isSealed (71 bytes)
Event: 8.993 Thread 0x000001db04064a40 nmethod 1569 0x000001db4ed77e10 code [0x000001db4ed78060, 0x000001db4ed785d8]
Event: 8.993 Thread 0x000001db049f96b0 nmethod 1570 0x000001db4ed78990 code [0x000001db4ed78c80, 0x000001db4ed79560]

GC Heap History (9 events):
Event: 7.609 GC heap before
{Heap before GC invocations=0 (full 0):
 garbage-first heap   total 61440K, used 24576K [0x00000000c5800000, 0x0000000100000000)
  region size 1024K, 23 young (23552K), 0 survivors (0K)
 Metaspace       used 15463K, committed 15680K, reserved 1114112K
  class space    used 1554K, committed 1664K, reserved 1048576K
}
Event: 8.641 GC heap after
{Heap after GC invocations=1 (full 0):
 garbage-first heap   total 61440K, used 7961K [0x00000000c5800000, 0x0000000100000000)
  region size 1024K, 3 young (3072K), 3 survivors (3072K)
 Metaspace       used 15463K, committed 15680K, reserved 1114112K
  class space    used 1554K, committed 1664K, reserved 1048576K
}
Event: 8.675 GC heap before
{Heap before GC invocations=1 (full 0):
 garbage-first heap   total 61440K, used 8985K [0x00000000c5800000, 0x0000000100000000)
  region size 1024K, 4 young (4096K), 3 survivors (3072K)
 Metaspace       used 15679K, committed 15872K, reserved 1114112K
  class space    used 1581K, committed 1664K, reserved 1048576K
}
Event: 8.681 GC heap after
{Heap after GC invocations=2 (full 0):
 garbage-first heap   total 61440K, used 8448K [0x00000000c5800000, 0x0000000100000000)
  region size 1024K, 1 young (1024K), 1 survivors (1024K)
 Metaspace       used 15679K, committed 15872K, reserved 1114112K
  class space    used 1581K, committed 1664K, reserved 1048576K
}
Event: 8.825 GC heap before
{Heap before GC invocations=2 (full 0):
 garbage-first heap   total 61440K, used 10496K [0x00000000c5800000, 0x0000000100000000)
  region size 1024K, 3 young (3072K), 1 survivors (1024K)
 Metaspace       used 16572K, committed 16768K, reserved 1114112K
  class space    used 1680K, committed 1792K, reserved 1048576K
}
Event: 8.829 GC heap after
{Heap after GC invocations=3 (full 0):
 garbage-first heap   total 61440K, used 8733K [0x00000000c5800000, 0x0000000100000000)
  region size 1024K, 1 young (1024K), 1 survivors (1024K)
 Metaspace       used 16572K, committed 16768K, reserved 1114112K
  class space    used 1680K, committed 1792K, reserved 1048576K
}
Event: 8.927 GC heap before
{Heap before GC invocations=3 (full 0):
 garbage-first heap   total 61440K, used 10781K [0x00000000c5800000, 0x0000000100000000)
  region size 1024K, 3 young (3072K), 1 survivors (1024K)
 Metaspace       used 17272K, committed 17472K, reserved 1114112K
  class space    used 1768K, committed 1856K, reserved 1048576K
}
Event: 8.929 GC heap after
{Heap after GC invocations=4 (full 0):
 garbage-first heap   total 61440K, used 8876K [0x00000000c5800000, 0x0000000100000000)
  region size 1024K, 1 young (1024K), 1 survivors (1024K)
 Metaspace       used 17272K, committed 17472K, reserved 1114112K
  class space    used 1768K, committed 1856K, reserved 1048576K
}
Event: 9.013 GC heap before
{Heap before GC invocations=4 (full 0):
 garbage-first heap   total 61440K, used 9900K [0x00000000c5800000, 0x0000000100000000)
  region size 1024K, 3 young (3072K), 1 survivors (1024K)
 Metaspace       used 17585K, committed 17856K, reserved 1114112K
  class space    used 1804K, committed 1920K, reserved 1048576K
}

Dll operation events (9 events):
Event: 0.309 Loaded shared library C:\Users\swath\.p2\pool\plugins\org.eclipse.justj.openjdk.hotspot.jre.full.win32.x86_64_21.0.10.v20260205-0638\jre\bin\java.dll
Event: 1.543 Loaded shared library C:\Users\swath\.p2\pool\plugins\org.eclipse.justj.openjdk.hotspot.jre.full.win32.x86_64_21.0.10.v20260205-0638\jre\bin\zip.dll
Event: 2.538 Loaded shared library C:\Users\swath\.p2\pool\plugins\org.eclipse.justj.openjdk.hotspot.jre.full.win32.x86_64_21.0.10.v20260205-0638\jre\bin\jimage.dll
Event: 2.574 Loaded shared library C:\Users\swath\.p2\pool\plugins\org.eclipse.justj.openjdk.hotspot.jre.full.win32.x86_64_21.0.10.v20260205-0638\jre\bin\net.dll
Event: 2.587 Loaded shared library C:\Users\swath\.p2\pool\plugins\org.eclipse.justj.openjdk.hotspot.jre.full.win32.x86_64_21.0.10.v20260205-0638\jre\bin\nio.dll
Event: 2.599 Loaded shared library C:\Users\swath\.p2\pool\plugins\org.eclipse.justj.openjdk.hotspot.jre.full.win32.x86_64_21.0.10.v20260205-0638\jre\bin\zip.dll
Event: 4.087 Loaded shared library C:\Users\swath\.p2\pool\plugins\org.eclipse.justj.openjdk.hotspot.jre.full.win32.x86_64_21.0.10.v20260205-0638\jre\bin\management.dll
Event: 5.169 Loaded shared library C:\Users\swath\.p2\pool\plugins\org.eclipse.justj.openjdk.hotspot.jre.full.win32.x86_64_21.0.10.v20260205-0638\jre\bin\management_ext.dll
Event: 6.993 Loaded shared library C:\Users\swath\.p2\pool\plugins\org.eclipse.justj.openjdk.hotspot.jre.full.win32.x86_64_21.0.10.v20260205-0638\jre\bin\extnet.dll

Deoptimization events (0 events):
No events

Classes loaded (20 events):
Event: 8.920 Loading class java/net/URLDecoder
Event: 8.920 Loading class java/net/URLDecoder done
Event: 8.962 Loading class java/util/stream/DistinctOps
Event: 8.962 Loading class java/util/stream/DistinctOps done
Event: 8.962 Loading class java/util/stream/DistinctOps$1
Event: 8.963 Loading class java/util/stream/DistinctOps$1 done
Event: 8.963 Loading class java/util/stream/DistinctOps$1$2
Event: 8.963 Loading class java/util/stream/DistinctOps$1$2 done
Event: 8.971 Loading class java/util/IdentityHashMap$EntrySet
Event: 8.971 Loading class java/util/IdentityHashMap$EntrySet done
Event: 8.971 Loading class java/util/IdentityHashMap$EntryIterator
Event: 8.971 Loading class java/util/IdentityHashMap$IdentityHashMapIterator
Event: 8.971 Loading class java/util/IdentityHashMap$IdentityHashMapIterator done
Event: 8.971 Loading class java/util/IdentityHashMap$EntryIterator done
Event: 8.972 Loading class java/util/IdentityHashMap$EntryIterator$Entry
Event: 8.973 Loading class java/util/IdentityHashMap$EntryIterator$Entry done
Event: 8.973 Loading class java/util/IdentityHashMap$ValueIterator
Event: 8.973 Loading class java/util/IdentityHashMap$ValueIterator done
Event: 8.980 Loading class java/lang/reflect/UndeclaredThrowableException
Event: 8.980 Loading class java/lang/reflect/UndeclaredThrowableException done

Classes unloaded (0 events):
No events

Classes redefined (0 events):
No events

Internal exceptions (20 events):
Event: 5.273 Thread 0x000001db4afe76f0 Exception <a 'java/lang/NoSuchMethodError'{0x00000000c897f760}: 'int java.lang.invoke.DirectMethodHandle$Holder.invokeSpecial(java.lang.Object, java.lang.Object, java.lang.Object)'> (0x00000000c897f760) 
thrown [s\src\hotspot\share\interpreter\linkResolver.cpp, line 773]
Event: 6.437 Thread 0x000001db4afe76f0 Exception <a 'java/lang/NoSuchMethodError'{0x00000000c87336d8}: 'java.lang.Object java.lang.invoke.DirectMethodHandle$Holder.invokeStaticInit(java.lang.Object, java.lang.Object, java.lang.Object)'> (0x00000000c87336d8) 
thrown [s\src\hotspot\share\interpreter\linkResolver.cpp, line 773]
Event: 6.574 Thread 0x000001db4afe76f0 Exception <a 'java/lang/NoSuchMethodError'{0x00000000c8400100}: 'void java.lang.invoke.DirectMethodHandle$Holder.invokeStatic(java.lang.Object, java.lang.Object, java.lang.Object)'> (0x00000000c8400100) 
thrown [s\src\hotspot\share\interpreter\linkResolver.cpp, line 773]
Event: 6.723 Thread 0x000001db4afe76f0 Exception <a 'java/lang/NoSuchMethodError'{0x00000000c844d790}: 'int java.lang.invoke.DirectMethodHandle$Holder.invokeSpecialIFC(java.lang.Object, java.lang.Object, java.lang.Object)'> (0x00000000c844d790) 
thrown [s\src\hotspot\share\interpreter\linkResolver.cpp, line 773]
Event: 6.785 Thread 0x000001db4afe76f0 Exception <a 'java/lang/NoSuchMethodError'{0x00000000c84c3078}: 'java.lang.Object java.lang.invoke.DirectMethodHandle$Holder.invokeStaticInit(java.lang.Object, int, int, int, int)'> (0x00000000c84c3078) 
thrown [s\src\hotspot\share\interpreter\linkResolver.cpp, line 773]
Event: 6.949 Thread 0x000001db4afe76f0 Exception <a 'java/lang/NoSuchMethodError'{0x00000000c8394460}: 'java.lang.Object java.lang.invoke.DirectMethodHandle$Holder.invokeStaticInit(java.lang.Object, java.lang.Object, int, int, int, int)'> (0x00000000c8394460) 
thrown [s\src\hotspot\share\interpreter\linkResolver.cpp, line 773]
Event: 6.974 Thread 0x000001db4afe76f0 Exception <a 'java/lang/ClassNotFoundException'{0x00000000c83af078}: javax/management/remote/rmi/RMIServerImpl_Skel> (0x00000000c83af078) 
thrown [s\src\hotspot\share\classfile\systemDictionary.cpp, line 312]
Event: 7.010 Thread 0x000001db4afe76f0 Exception <a 'java/lang/NoSuchMethodError'{0x00000000c83d2d40}: 'long java.lang.invoke.DirectMethodHandle$Holder.invokeSpecial(java.lang.Object, java.lang.Object)'> (0x00000000c83d2d40) 
thrown [s\src\hotspot\share\interpreter\linkResolver.cpp, line 773]
Event: 7.010 Thread 0x000001db4afe76f0 Exception <a 'java/lang/NoSuchMethodError'{0x00000000c83d6428}: 'long java.lang.invoke.Invokers$Holder.invokeExact_MT(java.lang.Object, java.lang.Object)'> (0x00000000c83d6428) 
thrown [s\src\hotspot\share\interpreter\linkResolver.cpp, line 773]
Event: 7.021 Thread 0x000001db4afe76f0 Exception <a 'java/lang/NoSuchMethodError'{0x00000000c8204638}: 'void java.lang.invoke.DirectMethodHandle$Holder.invokeSpecial(java.lang.Object, java.lang.Object, java.lang.Object)'> (0x00000000c8204638) 
thrown [s\src\hotspot\share\interpreter\linkResolver.cpp, line 773]
Event: 7.063 Thread 0x000001db4afe76f0 Exception <a 'java/lang/ClassNotFoundException'{0x00000000c8126db0}: jdk/internal/agent/resources/spi/agentProvider> (0x00000000c8126db0) 
thrown [s\src\hotspot\share\classfile\systemDictionary.cpp, line 312]
Event: 7.253 Thread 0x000001db4afe76f0 Exception <a 'java/lang/NoSuchMethodError'{0x00000000c7e147d0}: 'void java.lang.invoke.DirectMethodHandle$Holder.invokeStatic(java.lang.Object, java.lang.Object, java.lang.Object, java.lang.Object)'> (0x00000000c7e147d0) 
thrown [s\src\hotspot\share\interpreter\linkResolver.cpp, line 773]
Event: 7.407 Thread 0x000001db4afe76f0 Exception <a 'java/lang/NoSuchMethodError'{0x00000000c7e8e730}: 'int java.lang.invoke.DirectMethodHandle$Holder.invokeStatic(java.lang.Object)'> (0x00000000c7e8e730) 
thrown [s\src\hotspot\share\interpreter\linkResolver.cpp, line 773]
Event: 7.408 Thread 0x000001db4afe76f0 Exception <a 'java/lang/NoSuchMethodError'{0x00000000c7e91978}: 'int java.lang.invoke.DirectMethodHandle$Holder.invokeStaticInit(java.lang.Object)'> (0x00000000c7e91978) 
thrown [s\src\hotspot\share\interpreter\linkResolver.cpp, line 773]
Event: 7.454 Thread 0x000001db4afe76f0 Exception <a 'java/lang/NoSuchMethodError'{0x00000000c7efdc40}: 'java.lang.Object java.lang.invoke.DirectMethodHandle$Holder.invokeStatic(java.lang.Object, int, java.lang.Object)'> (0x00000000c7efdc40) 
thrown [s\src\hotspot\share\interpreter\linkResolver.cpp, line 773]
Event: 7.465 Thread 0x000001db4afe76f0 Exception <a 'java/lang/NoSuchMethodError'{0x00000000c7d04a68}: 'java.lang.Object java.lang.invoke.DirectMethodHandle$Holder.invokeInterface(java.lang.Object, java.lang.Object)'> (0x00000000c7d04a68) 
thrown [s\src\hotspot\share\interpreter\linkResolver.cpp, line 773]
Event: 7.559 Thread 0x000001db4afe76f0 Exception <a 'java/lang/NoSuchMethodError'{0x00000000c7d89290}: 'void java.lang.invoke.DirectMethodHandle$Holder.invokeStaticInit(java.lang.Object, java.lang.Object, java.lang.Object, java.lang.Object)'> (0x00000000c7d89290) 
thrown [s\src\hotspot\share\interpreter\linkResolver.cpp, line 773]
Event: 8.742 Thread 0x000001db4afe76f0 Exception <a 'java/lang/NoSuchMethodError'{0x00000000c91000f8}: 'java.lang.Object java.lang.invoke.DirectMethodHandle$Holder.invokeSpecial(java.lang.Object, java.lang.Object, java.lang.Object, long, java.lang.Object)'> (0x00000000c91000f8) 
thrown [s\src\hotspot\share\interpreter\linkResolver.cpp, line 773]
Event: 8.743 Thread 0x000001db4afe76f0 Exception <a 'java/lang/NoSuchMethodError'{0x00000000c9103a68}: 'java.lang.Object java.lang.invoke.Invokers$Holder.linkToTargetMethod(java.lang.Object, long, java.lang.Object, java.lang.Object)'> (0x00000000c9103a68) 
thrown [s\src\hotspot\share\interpreter\linkResolver.cpp, line 773]
Event: 8.982 Thread 0x000001db4afe76f0 Exception <a 'java/lang/NoSuchMethodError'{0x00000000c93dbd50}: 'int java.lang.invoke.DirectMethodHandle$Holder.invokeStaticInit(java.lang.Object, java.lang.Object)'> (0x00000000c93dbd50) 
thrown [s\src\hotspot\share\interpreter\linkResolver.cpp, line 773]

ZGC Phase Switch (0 events):
No events

VM Operations (20 events):
Event: 7.066 Executing non-safepoint VM operation: HandshakeAllThreads (Deoptimize) done
Event: 7.245 Executing non-safepoint VM operation: HandshakeAllThreads (Deoptimize)
Event: 7.246 Executing non-safepoint VM operation: HandshakeAllThreads (Deoptimize) done
Event: 7.485 Executing non-safepoint VM operation: HandshakeAllThreads (Deoptimize)
Event: 7.485 Executing non-safepoint VM operation: HandshakeAllThreads (Deoptimize) done
Event: 7.485 Executing safepoint VM operation: Cleanup
Event: 7.485 Executing safepoint VM operation: Cleanup done
Event: 7.490 Executing non-safepoint VM operation: HandshakeAllThreads (Deoptimize)
Event: 7.490 Executing non-safepoint VM operation: HandshakeAllThreads (Deoptimize) done
Event: 7.600 Executing non-safepoint VM operation: HandshakeAllThreads (Deoptimize)
Event: 7.600 Executing non-safepoint VM operation: HandshakeAllThreads (Deoptimize) done
Event: 7.609 Executing safepoint VM operation: G1CollectForAllocation (G1 Evacuation Pause)
Event: 8.641 Executing safepoint VM operation: G1CollectForAllocation (G1 Evacuation Pause) done
Event: 8.675 Executing safepoint VM operation: G1CollectForAllocation (G1 Evacuation Pause)
Event: 8.681 Executing safepoint VM operation: G1CollectForAllocation (G1 Evacuation Pause) done
Event: 8.825 Executing safepoint VM operation: G1CollectForAllocation (G1 Evacuation Pause)
Event: 8.829 Executing safepoint VM operation: G1CollectForAllocation (G1 Evacuation Pause) done
Event: 8.927 Executing safepoint VM operation: G1CollectForAllocation (G1 Evacuation Pause)
Event: 8.929 Executing safepoint VM operation: G1CollectForAllocation (G1 Evacuation Pause) done
Event: 9.013 Executing safepoint VM operation: G1CollectForAllocation (G1 Evacuation Pause)

Memory protections (0 events):
No events

Nmethod flushes (0 events):
No events

Events (16 events):
Event: 1.508 Thread 0x000001db4afe76f0 Thread added: 0x000001db4afe76f0
Event: 1.840 Thread 0x000001db4afe76f0 Thread added: 0x000001db0401c4a0
Event: 1.841 Thread 0x000001db4afe76f0 Thread added: 0x000001db0401e210
Event: 1.845 Thread 0x000001db4afe76f0 Thread added: 0x000001db55bbc1f0
Event: 1.845 Thread 0x000001db4afe76f0 Thread added: 0x000001db0403fdd0
Event: 1.846 Thread 0x000001db4afe76f0 Thread added: 0x000001db04043b50
Event: 1.846 Thread 0x000001db4afe76f0 Thread added: 0x000001db04032200
Event: 1.846 Thread 0x000001db4afe76f0 Thread added: 0x000001db04064a40
Event: 2.505 Thread 0x000001db4afe76f0 Thread added: 0x000001db04031b70
Event: 2.515 Thread 0x000001db4afe76f0 Thread added: 0x000001db04034960
Event: 6.509 Thread 0x000001db04064a40 Thread added: 0x000001db049f96b0
Event: 6.999 Thread 0x000001db4afe76f0 Thread added: 0x000001db04034ff0
Event: 7.028 Thread 0x000001db4afe76f0 Thread added: 0x000001db04032890
Event: 7.078 Thread 0x000001db4afe76f0 Thread added: 0x000001db04032f20
Event: 8.645 Thread 0x000001db04032890 Thread added: 0x000001db040335b0
Event: 8.768 Thread 0x000001db040335b0 Thread added: 0x000001db04033c40


Dynamic libraries:
0x00007ff68d350000 - 0x00007ff68d35e000 	C:\Users\swath\.p2\pool\plugins\org.eclipse.justj.openjdk.hotspot.jre.full.win32.x86_64_21.0.10.v20260205-0638\jre\bin\javaw.exe
0x00007ff80bbe0000 - 0x00007ff80be46000 	C:\WINDOWS\SYSTEM32\ntdll.dll
0x00007ff80a850000 - 0x00007ff80a919000 	C:\WINDOWS\System32\KERNEL32.DLL
0x00007ff809440000 - 0x00007ff809840000 	C:\WINDOWS\System32\KERNELBASE.dll
0x00007ff808e90000 - 0x00007ff808fdc000 	C:\WINDOWS\System32\ucrtbase.dll
0x00007fffe7be0000 - 0x00007fffe7bfe000 	C:\Users\swath\.p2\pool\plugins\org.eclipse.justj.openjdk.hotspot.jre.full.win32.x86_64_21.0.10.v20260205-0638\jre\bin\VCRUNTIME140.dll
0x00007fffe7fe0000 - 0x00007fffe7ff8000 	C:\Users\swath\.p2\pool\plugins\org.eclipse.justj.openjdk.hotspot.jre.full.win32.x86_64_21.0.10.v20260205-0638\jre\bin\jli.dll
0x00007ff80b270000 - 0x00007ff80b437000 	C:\WINDOWS\System32\USER32.dll
0x00007ff809170000 - 0x00007ff809197000 	C:\WINDOWS\System32\win32u.dll
0x00007ff80b9d0000 - 0x00007ff80b9fb000 	C:\WINDOWS\System32\GDI32.dll
0x00007fffe26f0000 - 0x00007fffe2982000 	C:\WINDOWS\WinSxS\amd64_microsoft.windows.common-controls_6595b64144ccf1df_6.0.26100.8737_none_3e092eaee333b772\COMCTL32.dll
0x00007ff8091a0000 - 0x00007ff8092c9000 	C:\WINDOWS\System32\gdi32full.dll
0x00007ff80b5b0000 - 0x00007ff80b659000 	C:\WINDOWS\System32\msvcrt.dll
0x00007ff8092d0000 - 0x00007ff809373000 	C:\WINDOWS\System32\msvcp_win.dll
0x00007ff80b440000 - 0x00007ff80b472000 	C:\WINDOWS\System32\IMM32.DLL
0x00007fffd9b10000 - 0x00007fffd9b1c000 	C:\Users\swath\.p2\pool\plugins\org.eclipse.justj.openjdk.hotspot.jre.full.win32.x86_64_21.0.10.v20260205-0638\jre\bin\vcruntime140_1.dll
0x00007fffd9a80000 - 0x00007fffd9b0d000 	C:\Users\swath\.p2\pool\plugins\org.eclipse.justj.openjdk.hotspot.jre.full.win32.x86_64_21.0.10.v20260205-0638\jre\bin\msvcp140.dll
0x00007fffd9d20000 - 0x00007fffdaac1000 	C:\Users\swath\.p2\pool\plugins\org.eclipse.justj.openjdk.hotspot.jre.full.win32.x86_64_21.0.10.v20260205-0638\jre\bin\server\jvm.dll
0x00007ff80ba00000 - 0x00007ff80bab7000 	C:\WINDOWS\System32\ADVAPI32.dll
0x00007ff80b780000 - 0x00007ff80b82a000 	C:\WINDOWS\System32\sechost.dll
0x00007ff80b490000 - 0x00007ff80b5a8000 	C:\WINDOWS\System32\RPCRT4.dll
0x00007ff80b6f0000 - 0x00007ff80b770000 	C:\WINDOWS\System32\WS2_32.dll
0x00007ffffba40000 - 0x00007ffffba76000 	C:\WINDOWS\SYSTEM32\WINMM.dll
0x00007ff808c60000 - 0x00007ff808cbe000 	C:\WINDOWS\SYSTEM32\POWRPROF.dll
0x00007ffffe1f0000 - 0x00007ffffe1fb000 	C:\WINDOWS\SYSTEM32\VERSION.dll
0x00007ff808c40000 - 0x00007ff808c54000 	C:\WINDOWS\SYSTEM32\UMPDC.dll
0x00007ff807ab0000 - 0x00007ff807acb000 	C:\WINDOWS\SYSTEM32\kernel.appcore.dll
0x00007ff801190000 - 0x00007ff80119a000 	C:\Users\swath\.p2\pool\plugins\org.eclipse.justj.openjdk.hotspot.jre.full.win32.x86_64_21.0.10.v20260205-0638\jre\bin\jimage.dll
0x00007ff806390000 - 0x00007ff8065d2000 	C:\WINDOWS\SYSTEM32\DBGHELP.DLL
0x00007ff809910000 - 0x00007ff809c93000 	C:\WINDOWS\System32\combase.dll
0x00007ff80b8f0000 - 0x00007ff80b9c9000 	C:\WINDOWS\System32\OLEAUT32.dll
0x00007fffdd420000 - 0x00007fffdd45b000 	C:\WINDOWS\SYSTEM32\dbgcore.DLL
0x00007ff809850000 - 0x00007ff8098fc000 	C:\WINDOWS\System32\bcryptPrimitives.dll
0x00007fffe7fc0000 - 0x00007fffe7fe0000 	C:\Users\swath\.p2\pool\plugins\org.eclipse.justj.openjdk.hotspot.jre.full.win32.x86_64_21.0.10.v20260205-0638\jre\bin\java.dll
0x00007fffe7fa0000 - 0x00007fffe7fb8000 	C:\Users\swath\.p2\pool\plugins\org.eclipse.justj.openjdk.hotspot.jre.full.win32.x86_64_21.0.10.v20260205-0638\jre\bin\zip.dll
0x00007ff80aad0000 - 0x00007ff80b262000 	C:\WINDOWS\System32\SHELL32.dll
0x00007ff806860000 - 0x00007ff8070f2000 	C:\WINDOWS\SYSTEM32\windows.storage.dll
0x00007ff80a0c0000 - 0x00007ff80a1b7000 	C:\WINDOWS\System32\SHCORE.dll
0x00007ff80b660000 - 0x00007ff80b6c7000 	C:\WINDOWS\System32\shlwapi.dll
0x00007ff808d20000 - 0x00007ff808d49000 	C:\WINDOWS\SYSTEM32\profapi.dll
0x00007fffea080000 - 0x00007fffea090000 	C:\Users\swath\.p2\pool\plugins\org.eclipse.justj.openjdk.hotspot.jre.full.win32.x86_64_21.0.10.v20260205-0638\jre\bin\net.dll
0x00007ffffe840000 - 0x00007ffffe969000 	C:\WINDOWS\SYSTEM32\WINHTTP.dll
0x00007ff808070000 - 0x00007ff8080dc000 	C:\WINDOWS\system32\mswsock.dll
0x00007fffe7f80000 - 0x00007fffe7f96000 	C:\Users\swath\.p2\pool\plugins\org.eclipse.justj.openjdk.hotspot.jre.full.win32.x86_64_21.0.10.v20260205-0638\jre\bin\nio.dll
0x00007fffd98d0000 - 0x00007fffd98da000 	C:\Users\swath\.p2\pool\plugins\org.eclipse.justj.openjdk.hotspot.jre.full.win32.x86_64_21.0.10.v20260205-0638\jre\bin\management.dll
0x00007fffd98c0000 - 0x00007fffd98cc000 	C:\Users\swath\.p2\pool\plugins\org.eclipse.justj.openjdk.hotspot.jre.full.win32.x86_64_21.0.10.v20260205-0638\jre\bin\management_ext.dll
0x00007ff80b480000 - 0x00007ff80b488000 	C:\WINDOWS\System32\PSAPI.DLL
0x00007fffd7510000 - 0x00007fffd7528000 	C:\WINDOWS\system32\napinsp.dll
0x00007ff807410000 - 0x00007ff807565000 	C:\WINDOWS\SYSTEM32\DNSAPI.dll
0x00007ff807e50000 - 0x00007ff807e5d000 	C:\WINDOWS\SYSTEM32\DSPARSE.dll
0x00007ff8073d0000 - 0x00007ff807403000 	C:\WINDOWS\SYSTEM32\IPHLPAPI.DLL
0x00007ff80a920000 - 0x00007ff80a92a000 	C:\WINDOWS\System32\NSI.dll
0x00007fffd74f0000 - 0x00007fffd7503000 	C:\WINDOWS\System32\winrnr.dll
0x00007fffd74d0000 - 0x00007fffd74e6000 	C:\WINDOWS\system32\wshbth.dll
0x00007fffd7480000 - 0x00007fffd74a2000 	C:\WINDOWS\system32\nlansp_c.dll
0x00007ffffe0d0000 - 0x00007ffffe0db000 	C:\Windows\System32\rasadhlp.dll
0x00007ff800520000 - 0x00007ff8005a6000 	C:\WINDOWS\System32\fwpuclnt.dll
0x00007ff8083b0000 - 0x00007ff8083cb000 	C:\WINDOWS\SYSTEM32\CRYPTSP.dll
0x00007ff807a10000 - 0x00007ff807a49000 	C:\WINDOWS\system32\rsaenh.dll
0x00007ff808130000 - 0x00007ff808162000 	C:\WINDOWS\SYSTEM32\USERENV.dll
0x00007ff808cf0000 - 0x00007ff808d1a000 	C:\WINDOWS\SYSTEM32\bcrypt.dll
0x00007ff808390000 - 0x00007ff80839c000 	C:\WINDOWS\SYSTEM32\CRYPTBASE.dll
0x00007fffd98e0000 - 0x00007fffd98e9000 	C:\Users\swath\.p2\pool\plugins\org.eclipse.justj.openjdk.hotspot.jre.full.win32.x86_64_21.0.10.v20260205-0638\jre\bin\extnet.dll

JVMTI agents: none

dbghelp: loaded successfully - version: 4.0.5 - missing functions: none
symbol engine: initialized successfully - sym options: 0x614 - pdb path: .;C:\Users\swath\.p2\pool\plugins\org.eclipse.justj.openjdk.hotspot.jre.full.win32.x86_64_21.0.10.v20260205-0638\jre\bin;C:\WINDOWS\SYSTEM32;C:\WINDOWS\WinSxS\amd64_microsoft.windows.common-controls_6595b64144ccf1df_6.0.26100.8737_none_3e092eaee333b772;C:\Users\swath\.p2\pool\plugins\org.eclipse.justj.openjdk.hotspot.jre.full.win32.x86_64_21.0.10.v20260205-0638\jre\bin\server

VM Arguments:
jvm_args: -Dcom.sun.management.jmxremote -Dcom.sun.management.jmxremote.port=63146 -Dcom.sun.management.jmxremote.authenticate=false -Dcom.sun.management.jmxremote.ssl=false -Djava.rmi.server.hostname=localhost -Dspring.jmx.enabled=true -Dmanagement.endpoints.jmx.exposure.include=* -Dspring.application.admin.enabled=true -Dspring.output.ansi.enabled=always -XX:TieredStopAtLevel=1 -Dspring.boot.project.name=service-registry -Dfile.encoding=UTF-8 -Dstdout.encoding=UTF-8 -Dstderr.encoding=UTF-8 -XX:+ShowCodeDetailsInExceptionMessages 
java_command: com.portal.registry.ServiceRegistryApplication
java_class_path (initial): C:\Users\swath\Downloads\service-registry (1)\service-registry\target\classes;C:\Users\swath\.m2\repository\org\springframework\cloud\spring-cloud-starter-netflix-eureka-server\5.0.2\spring-cloud-starter-netflix-eureka-server-5.0.2.jar;C:\Users\swath\.m2\repository\org\springframework\cloud\spring-cloud-starter\5.0.2\spring-cloud-starter-5.0.2.jar;C:\Users\swath\.m2\repository\org\springframework\cloud\spring-cloud-context\5.0.2\spring-cloud-context-5.0.2.jar;C:\Users\swath\.m2\repository\org\springframework\security\spring-security-crypto\7.0.6\spring-security-crypto-7.0.6.jar;C:\Users\swath\.m2\repository\org\springframework\cloud\spring-cloud-commons\5.0.2\spring-cloud-commons-5.0.2.jar;C:\Users\swath\.m2\repository\org\bouncycastle\bcprov-jdk18on\1.81.1\bcprov-jdk18on-1.81.1.jar;C:\Users\swath\.m2\repository\org\springframework\cloud\spring-cloud-netflix-eureka-server\5.0.2\spring-cloud-netflix-eureka-server-5.0.2.jar;C:\Users\swath\.m2\repository\org\springframework\boot\spring-boot-starter-web\4.0.7\spring-boot-starter-web-4.0.7.jar;C:\Users\swath\.m2\repository\org\springframework\boot\spring-boot-starter-jackson\4.0.7\spring-boot-starter-jackson-4.0.7.jar;C:\Users\swath\.m2\repository\org\springframework\boot\spring-boot-jackson\4.0.7\spring-boot-jackson-4.0.7.jar;C:\Users\swath\.m2\repository\tools\jackson\core\jackson-databind\3.1.4\jackson-databind-3.1.4.jar;C:\Users\swath\.m2\repository\tools\jackson\core\jackson-core\3.1.4\jackson-core-3.1.4.jar;C:\Users\swath\.m2\repository\org\springframework\boot\spring-boot-starter-tomcat\4.0.7\spring-boot-starter-tomcat-4.0.7.jar;C:\Users\swath\.m2\repository\org\springframework\boot\spring-boot-starter-tomcat-runtime\4.0.7\spring-boot-starter-tomcat-runtime-4.0.7.jar;C:\Users\swath\.m2\repository\org\springframework\boot\spring-boot-web-server\4.0.7\spring-boot-web-server-4.0.7.jar;C:\Users\swath\.m2\repository\org\apache\tomcat\embed\tomcat-embed-core\11.0.22\tomcat-embed-core-11.0.22.jar;C:\Users\swath\.m2\repository\org\apache\tomcat\embed\tomcat-embed-el\11.0.22\tomcat-embed-el-11.0.22.jar;C:\Users\swath\.m2\repository\org\apache\tomcat\embed\tomcat-embed-websocket\11.0.22\tomcat-embed-websocket-11.0.22.jar;C:\Users\swath\.m2\repository\org\springframework\boot\spring-boot-tomcat\4.0.7\spring-boot-tomcat-4.0.7.jar;C:\Users\swath\.m2\repository\org\springframework\boot\spring-boot-http-converter\4.0.7\spring-boot-http-converter-4.0.7.jar;C:\Users\swath\.m2\repository\org\springframework\spring-web\7.0.8\spring-web-7.0.8.jar;C:\Users\swath\.m2\repository\org\springframework\boot\spring-boot-webmvc\4.0.7\spring-boot-webmvc-4.0.7.jar;C:\Users\swath\.m2\repository\org\springframework\boot\spring-boot-servlet\4.0.7\spring-boot-servlet-4.0.7.jar;C:\Users\swath\.m2\repository\org\springframework\spring-webmvc\7.0.8\spring-webmvc-7.0.8.jar;C:\Users\swath\.m2\repository\org\springframework\boot\spring-boot-starter-actuator\4.0.7\spring-boot-starter-actuator-4.0.7.jar;C:\Users\swath\.m2\repository\org\springframework\boot\spring-boot-starter-micrometer-metrics\4.0.7\spring-boot-starter-micrometer-metrics-4.0.7.jar;C:\Users\swath\.m2\repository\org\springframework\boot\spring-boot-micrometer-metrics\4.0.7\spring-boot-micrometer-metrics-4.0.7.jar;C:\Users\swath\.m2\repository\org\springframework\boot\spring-boot-micrometer-observation\4.0.7\spring-boot-micrometer-observation-4.0.7.jar;C:\Users\swath\.m2\repository\org\springframework\boot\spring-boot-actuator-autoconfigure\4.0.7\spring-boot-actuator-autoconfigure-4.0.7.jar;C:\Users\swath\.m2\repository\org\springframework\boot\spring-boot-actuator\4.0.7\spring-boot-actuator-4.0.7.jar;C:\Users\swath\.m2\repository\org\springframework\boot\spring-boot-health\4.0.7\spring-boot-health-4.0.7.jar;C:\Users\swath\.m2\repository\io\micrometer\micrometer-observation\1.16.6\micrometer-observation-1.16.6.jar;C:\Users\swath\.m2\repository\io\micrometer\micrometer-commons\1.16.6\micrometer-commons-1.16.6.jar;C:\Users\swath\.m2\repository\io\micrometer\micrometer-jakarta9\1.16.6\micrometer-jakarta9-1.16.6.jar;C:\Users\swath\.m2\repository\io\micrometer\micrometer-core\1.16.6\micrometer-core-1.16.6.jar;C:\Users\swath\.m2\repository\org\hdrhistogram\HdrHistogram\2.2.2\HdrHistogram-2.2.2.jar;C:\Users\swath\.m2\repository\org\latencyutils\LatencyUtils\2.0.3\LatencyUtils-2.0.3.jar;C:\Users\swath\.m2\repository\org\springframework\boot\spring-boot-starter-freemarker\4.0.7\spring-boot-starter-freemarker-4.0.7.jar;C:\Users\swath\.m2\repository\org\springframework\boot\spring-boot-freemarker\4.0.7\spring-boot-freemarker-4.0.7.jar;C:\Users\swath\.m2\repository\org\freemarker\freemarker\2.3.34\freemarker-2.3.34.jar;C:\Users\swath\.m2\repository\org\springframework\spring-context-support\7.0.8\spring-context-support-7.0.8.jar;C:\Users\swath\.m2\repository\org\springframework\cloud\spring-cloud-netflix-eureka-client\5.0.2\spring-cloud-netflix-eureka-client-5.0.2.jar;C:\Users\swath\.m2\repository\org\springframework\boot\spring-boot-jackson2\4.0.7\spring-boot-jackson2-4.0.7.jar;C:\Users\swath\.m2\repository\com\fasterxml\jackson\datatype\jackson-datatype-jdk8\2.21.4\jackson-datatype-jdk8-2.21.4.jar;C:\Users\swath\.m2\repository\com\fasterxml\jackson\datatype\jackson-datatype-jsr310\2.21.4\jackson-datatype-jsr310-2.21.4.jar;C:\Users\swath\.m2\repository\com\fasterxml\jackson\module\jackson-module-parameter-names\2.21.4\jackson-module-parameter-names-2.21.4.jar;C:\Users\swath\.m2\repository\com\netflix\eureka\eureka-client\2.0.6\eureka-client-2.0.6.jar;C:\Users\swath\.m2\repository\com\thoughtworks\xstream\xstream\1.4.21\xstream-1.4.21.jar;C:\Users\swath\.m2\repository\io\github\x-stream\mxparser\1.2.2\mxparser-1.2.2.jar;C:\Users\swath\.m2\repository\xmlpull\xmlpull\1.1.3.1\xmlpull-1.1.3.1.jar;C:\Users\swath\.m2\repository\com\netflix\spectator\spectator-api\1.7.3\spectator-api-1.7.3.jar;C:\Users\swath\.m2\repository\org\apache\httpcomponents\httpclient\4.5.3\httpclient-4.5.3.jar;C:\Users\swath\.m2\repository\org\apache\httpcomponents\httpcore\4.4.16\httpcore-4.4.16.jar;C:\Users\swath\.m2\repository\commons-codec\commons-codec\1.19.0\commons-codec-1.19.0.jar;C:\Users\swath\.m2\repository\com\netflix\netflix-commons\netflix-eventbus\0.3.0\netflix-eventbus-0.3.0.jar;C:\Users\swath\.m2\repository\com\netflix\netflix-commons\netflix-infix\0.3.0\netflix-infix-0.3.0.jar;C:\Users\swath\.m2\repository\commons-jxpath\commons-jxpath\1.3\commons-jxpath-1.3.jar;C:\Users\swath\.m2\repository\joda-time\joda-time\2.3\joda-time-2.3.jar;C:\Users\swath\.m2\repository\org\antlr\antlr-runtime\3.4\antlr-runtime-3.4.jar;C:\Users\swath\.m2\repository\org\antlr\stringtemplate\3.2.1\stringtemplate-3.2.1.jar;C:\Users\swath\.m2\repository\antlr\antlr\2.7.7\antlr-2.7.7.jar;C:\Users\swath\.m2\repository\com\google\code\gson\gson\2.13.2\gson-2.13.2.jar;C:\Users\swath\.m2\repository\com\netflix\servo\servo-core\0.5.3\servo-core-0.5.3.jar;C:\Users\swath\.m2\repository\org\apache\commons\commons-math\2.2\commons-math-2.2.jar;C:\Users\swath\.m2\repository\javax\annotation\javax.annotation-api\1.2\javax.annotation-api-1.2.jar;C:\Users\swath\.m2\repository\org\codehaus\jettison\jettison\1.5.4\jettison-1.5.4.jar;C:\Users\swath\.m2\repository\org\apache\httpcomponents\client5\httpclient5\5.5.2\httpclient5-5.5.2.jar;C:\Users\swath\.m2\repository\org\apache\httpcomponents\core5\httpcore5\5.3.6\httpcore5-5.3.6.jar;C:\Users\swath\.m2\repository\org\apache\httpcomponents\core5\httpcore5-h2\5.3.6\httpcore5-h2-5.3.6.jar;C:\Users\swath\.m2\repository\com\netflix\eureka\eureka-client-jersey3\2.0.6\eureka-client-jersey3-2.0.6.jar;C:\Users\swath\.m2\repository\org\glassfish\jersey\connectors\jersey-apache-connector\3.0.5\jersey-apache-connector-3.0.5.jar;C:\Users\swath\.m2\repository\com\netflix\eureka\eureka-core-jersey3\2.0.6\eureka-core-jersey3-2.0.6.jar;C:\Users\swath\.m2\repository\com\netflix\eureka\eureka-core\2.0.6\eureka-core-2.0.6.jar;C:\Users\swath\.m2\repository\com\google\guava\guava\33.0.0-jre\guava-33.0.0-jre.jar;C:\Users\swath\.m2\repository\com\google\guava\failureaccess\1.0.2\failureaccess-1.0.2.jar;C:\Users\swath\.m2\repository\com\google\guava\listenablefuture\9999.0-empty-to-avoid-conflict-with-guava\listenablefuture-9999.0-empty-to-avoid-conflict-with-guava.jar;C:\Users\swath\.m2\repository\org\checkerframework\checker-qual\3.41.0\checker-qual-3.41.0.jar;C:\Users\swath\.m2\repository\com\google\errorprone\error_prone_annotations\2.23.0\error_prone_annotations-2.23.0.jar;C:\Users\swath\.m2\repository\com\google\j2objc\j2objc-annotations\2.8\j2objc-annotations-2.8.jar;C:\Users\swath\.m2\repository\org\glassfish\jersey\containers\jersey-container-servlet\4.0.2\jersey-container-servlet-4.0.2.jar;C:\Users\swath\.m2\repository\jakarta\inject\jakarta.inject-api\2.0.1\jakarta.inject-api-2.0.1.jar;C:\Users\swath\.m2\repository\org\glassfish\jersey\core\jersey-common\4.0.2\jersey-common-4.0.2.jar;C:\Users\swath\.m2\repository\org\glassfish\hk2\osgi-resource-locator\3.0.0\osgi-resource-locator-3.0.0.jar;C:\Users\swath\.m2\repository\jakarta\ws\rs\jakarta.ws.rs-api\4.0.0\jakarta.ws.rs-api-4.0.0.jar;C:\Users\swath\.m2\repository\org\glassfish\jersey\core\jersey-server\4.0.2\jersey-server-4.0.2.jar;C:\Users\swath\.m2\repository\jakarta\validation\jakarta.validation-api\3.1.1\jakarta.validation-api-3.1.1.jar;C:\Users\swath\.m2\repository\org\glassfish\jersey\core\jersey-client\4.0.2\jersey-client-4.0.2.jar;C:\Users\swath\.m2\repository\org\glassfish\jersey\inject\jersey-hk2\4.0.2\jersey-hk2-4.0.2.jar;C:\Users\swath\.m2\repository\org\glassfish\hk2\hk2-locator\4.0.0-M3\hk2-locator-4.0.0-M3.jar;C:\Users\swath\.m2\repository\org\glassfish\hk2\hk2-utils\4.0.0-M3\hk2-utils-4.0.0-M3.jar;C:\Users\swath\.m2\repository\org\javassist\javassist\3.30.2-GA\javassist-3.30.2-GA.jar;C:\Users\swath\.m2\repository\org\glassfish\hk2\spring-bridge\3.1.1\spring-bridge-3.1.1.jar;C:\Users\swath\.m2\repository\org\glassfish\hk2\hk2-api\3.1.1\hk2-api-3.1.1.jar;C:\Users\swath\.m2\repository\org\springframework\spring-context\7.0.8\spring-context-7.0.8.jar;C:\Users\swath\.m2\repository\org\springframework\spring-aop\7.0.8\spring-aop-7.0.8.jar;C:\Users\swath\.m2\repository\org\springframework\spring-beans\7.0.8\spring-beans-7.0.8.jar;C:\Users\swath\.m2\repository\org\springframework\spring-expression\7.0.8\spring-expression-7.0.8.jar;C:\Users\swath\.m2\repository\com\fasterxml\jackson\dataformat\jackson-dataformat-xml\2.21.4\jackson-dataformat-xml-2.21.4.jar;C:\Users\swath\.m2\repository\com\fasterxml\jackson\core\jackson-core\2.21.4\jackson-core-2.21.4.jar;C:\Users\swath\.m2\repository\com\fasterxml\jackson\core\jackson-annotations\2.21\jackson-annotations-2.21.jar;C:\Users\swath\.m2\repository\com\fasterxml\jackson\core\jackson-databind\2.21.4\jackson-databind-2.21.4.jar;C:\Users\swath\.m2\repository\org\codehaus\woodstox\stax2-api\4.2.2\stax2-api-4.2.2.jar;C:\Users\swath\.m2\repository\com\fasterxml\woodstox\woodstox-core\7.1.1\woodstox-core-7.1.1.jar;C:\Users\swath\.m2\repository\org\springframework\cloud\spring-cloud-starter-loadbalancer\5.0.2\spring-cloud-starter-loadbalancer-5.0.2.jar;C:\Users\swath\.m2\repository\org\springframework\cloud\spring-cloud-loadbalancer\5.0.2\spring-cloud-loadbalancer-5.0.2.jar;C:\Users\swath\.m2\repository\io\projectreactor\reactor-core\3.8.6\reactor-core-3.8.6.jar;C:\Users\swath\.m2\repository\org\reactivestreams\reactive-streams\1.0.4\reactive-streams-1.0.4.jar;C:\Users\swath\.m2\repository\io\projectreactor\addons\reactor-extra\3.6.0\reactor-extra-3.6.0.jar;C:\Users\swath\.m2\repository\org\springframework\boot\spring-boot-starter-cache\4.0.7\spring-boot-starter-cache-4.0.7.jar;C:\Users\swath\.m2\repository\org\springframework\boot\spring-boot-cache\4.0.7\spring-boot-cache-4.0.7.jar;C:\Users\swath\.m2\repository\com\stoyanr\evictor\1.0.0\evictor-1.0.0.jar;C:\Users\swath\.m2\repository\org\glassfish\jaxb\jaxb-runtime\4.0.9\jaxb-runtime-4.0.9.jar;C:\Users\swath\.m2\repository\org\glassfish\jaxb\jaxb-core\4.0.9\jaxb-core-4.0.9.jar;C:\Users\swath\.m2\repository\org\eclipse\angus\angus-activation\2.0.3\angus-activation-2.0.3.jar;C:\Users\swath\.m2\repository\org\glassfish\jaxb\txw2\4.0.9\txw2-4.0.9.jar;C:\Users\swath\.m2\repository\com\sun\istack\istack-commons-runtime\4.1.2\istack-commons-runtime-4.1.2.jar;C:\Users\swath\.m2\repository\org\springframework\boot\spring-boot-starter\4.0.7\spring-boot-starter-4.0.7.jar;C:\Users\swath\.m2\repository\org\springframework\boot\spring-boot-starter-logging\4.0.7\spring-boot-starter-logging-4.0.7.jar;C:\Users\swath\.m2\repository\ch\qos\logback\logback-classic\1.5.34\logback-classic-1.5.34.jar;C:\Users\swath\.m2\repository\ch\qos\logback\logback-core\1.5.34\logback-core-1.5.34.jar;C:\Users\swath\.m2\repository\org\apache\logging\log4j\log4j-to-slf4j\2.25.4\log4j-to-slf4j-2.25.4.jar;C:\Users\swath\.m2\repository\org\apache\logging\log4j\log4j-api\2.25.4\log4j-api-2.25.4.jar;C:\Users\swath\.m2\repository\org\slf4j\jul-to-slf4j\2.0.18\jul-to-slf4j-2.0.18.jar;C:\Users\swath\.m2\repository\org\springframework\boot\spring-boot-autoconfigure\4.0.7\spring-boot-autoconfigure-4.0.7.jar;C:\Users\swath\.m2\repository\jakarta\annotation\jakarta.annotation-api\3.0.0\jakarta.annotation-api-3.0.0.jar;C:\Users\swath\.m2\repository\org\yaml\snakeyaml\2.5\snakeyaml-2.5.jar;C:\Users\swath\.m2\repository\org\springframework\boot\spring-boot\4.0.7\spring-boot-4.0.7.jar;C:\Users\swath\.m2\repository\org\slf4j\slf4j-api\2.0.18\slf4j-api-2.0.18.jar;C:\Users\swath\.m2\repository\jakarta\xml\bind\jakarta.xml.bind-api\4.0.5\jakarta.xml.bind-api-4.0.5.jar;C:\Users\swath\.m2\repository\jakarta\activation\jakarta.activation-api\2.1.4\jakarta.activation-api-2.1.4.jar;C:\Users\swath\.m2\repository\org\springframework\spring-core\7.0.8\spring-core-7.0.8.jar;C:\Users\swath\.m2\repository\commons-logging\commons-logging\1.3.6\commons-logging-1.3.6.jar;C:\Users\swath\.m2\repository\org\jspecify\jspecify\1.0.0\jspecify-1.0.0.jar
Launcher Type: SUN_STANDARD

[Global flags]
     intx CICompilerCount                          = 4                                         {product} {ergonomic}
     uint ConcGCThreads                            = 3                                         {product} {ergonomic}
     uint G1ConcRefinementThreads                  = 10                                        {product} {ergonomic}
   size_t G1HeapRegionSize                         = 1048576                                   {product} {ergonomic}
    uintx GCDrainStackTargetSize                   = 64                                        {product} {ergonomic}
   size_t InitialHeapSize                          = 62914560                                  {product} {ergonomic}
     bool ManagementServer                         = true                                      {product} {command line}
   size_t MarkStackSize                            = 4194304                                   {product} {ergonomic}
   size_t MaxHeapSize                              = 981467136                                 {product} {ergonomic}
   size_t MaxNewSize                               = 588251136                                 {product} {ergonomic}
   size_t MinHeapDeltaBytes                        = 1048576                                   {product} {ergonomic}
   size_t MinHeapSize                              = 8388608                                   {product} {ergonomic}
    uintx NonNMethodCodeHeapSize                   = 4096                                   {pd product} {ergonomic}
    uintx NonProfiledCodeHeapSize                  = 0                                      {pd product} {ergonomic}
     bool ProfileInterpreter                       = false                                  {pd product} {command line}
    uintx ProfiledCodeHeapSize                     = 0                                      {pd product} {ergonomic}
     bool ShowCodeDetailsInExceptionMessages       = true                                   {manageable} {command line}
   size_t SoftMaxHeapSize                          = 981467136                              {manageable} {ergonomic}
     intx TieredStopAtLevel                        = 1                                         {product} {command line}
     bool UseCompressedOops                        = true                           {product lp64_product} {ergonomic}
     bool UseG1GC                                  = true                                      {product} {ergonomic}
     bool UseLargePagesIndividualAllocation        = false                                  {pd product} {ergonomic}

Logging:
Log output configuration:
 #0: stdout all=warning uptime,level,tags foldmultilines=false
 #1: stderr all=off uptime,level,tags foldmultilines=false

Release file:
JAVA_VERSION="21.0.10" 
MODULES="java.base java.compiler java.datatransfer java.xml java.prefs java.desktop java.instrument java.logging java.management java.security.sasl java.naming java.rmi java.management.rmi java.net.http java.scripting java.security.jgss java.transaction.xa java.sql java.sql.rowset java.xml.crypto java.se java.smartcardio jdk.accessibility jdk.internal.jvmstat jdk.attach jdk.charsets jdk.internal.opt jdk.zipfs jdk.compiler jdk.crypto.ec jdk.crypto.cryptoki jdk.crypto.mscapi jdk.dynalink jdk.internal.ed jdk.editpad jdk.hotspot.agent jdk.httpserver jdk.internal.le jdk.internal.vm.ci jdk.internal.vm.compiler jdk.internal.vm.compiler.management jdk.jartool jdk.javadoc jdk.jcmd jdk.management jdk.management.agent jdk.jconsole jdk.jdeps jdk.jdwp.agent jdk.jdi jdk.jfr jdk.jshell jdk.jsobject jdk.jstatd jdk.localedata jdk.management.jfr jdk.naming.dns jdk.naming.rmi jdk.net jdk.nio.mapmode jdk.random jdk.sctp jdk.security.auth jdk.security.jgss jdk.unsupported jdk.unsupported.desktop jdk.xml.dom" 

Environment Variables:
PATH=C:/Users/swath/.p2/pool/plugins/org.eclipse.justj.openjdk.hotspot.jre.full.win32.x86_64_21.0.10.v20260205-0638/jre/bin/server;C:/Users/swath/.p2/pool/plugins/org.eclipse.justj.openjdk.hotspot.jre.full.win32.x86_64_21.0.10.v20260205-0638/jre/bin;C:\Program Files\Eclipse Adoptium\jdk-17.0.18.8-hotspot\bin;C:\Program Files\Common Files\Oracle\Java\javapath;C:\WINDOWS\system32;C:\WINDOWS;C:\WINDOWS\System32\Wbem;C:\WINDOWS\System32\WindowsPowerShell\v1.0\;C:\WINDOWS\System32\OpenSSH\;C:\Program Files\Java\jdk-25.0.2\bin;C:\Program Files\MySQL\MySQL Server 8.0\bin;C:\Program Files\Git\cmd;C:\Program Files\Docker\Docker\resources\bin;C:\Program Files\MySQL\MySQL Shell 8.0\bin\;C:\Users\swath\AppData\Local\Microsoft\WindowsApps;;C:\Users\swath\OneDrive\Desktop;
USERNAME=swath
OS=Windows_NT
PROCESSOR_IDENTIFIER=Intel64 Family 6 Model 186 Stepping 3, GenuineIntel
TMP=C:\Users\swath\AppData\Local\Temp
TEMP=C:\Users\swath\AppData\Local\Temp




Periodic native trim disabled

---------------  S Y S T E M  ---------------

OS:
 Windows 11 , 64 bit Build 26100 (10.0.26100.8737)
OS uptime: 0 days 2:33 hours
Hyper-V role detected

CPU: total 12 (initial active 12) (6 cores per cpu, 2 threads per core) family 6 model 186 stepping 3 microcode 0x6134, cx8, cmov, fxsr, ht, mmx, 3dnowpref, sse, sse2, sse3, ssse3, sse4.1, sse4.2, popcnt, lzcnt, tsc, tscinvbit, avx, avx2, aes, erms, clmul, bmi1, bmi2, adx, sha, fma, vzeroupper, clflush, clflushopt, clwb, hv, serialize, rdtscp, rdpid, fsrm, f16c, cet_ibt, cet_ss
Processor Information for the first 12 processors :
  Max Mhz: 1300, Current Mhz: 1300, Mhz Limit: 1300

Memory: 4k page, system-wide physical 3739M (207M free)
TotalPageFile size 15003M (AvailPageFile size 4M)
current process WorkingSet (physical memory assigned to process): 72M, peak: 82M
current process commit charge ("private bytes"): 160M, peak: 214M

vm_info: OpenJDK 64-Bit Server VM (21.0.10+7-LTS) for windows-amd64 JRE (21.0.10+7-LTS), built on 2026-01-20T00:00:00Z by "admin" with MS VC++ 17.12 (VS2022)

END.
