#
# There is insufficient memory for the Java Runtime Environment to continue.
# Native memory allocation (mmap) failed to map 1048576 bytes. Error detail: G1 virtual space
# Possible reasons:
#   The system is out of physical RAM or swap space
#   This process is running with CompressedOops enabled, and the Java Heap may be blocking the growth of the native heap
# Possible solutions:
#   Reduce memory load on the system
#   Increase physical memory or swap space
#   Check if swap backing store is full
#   Decrease Java heap size (-Xmx/-Xms)
#   Decrease number of Java threads
#   Decrease Java thread stack sizes (-Xss)
#   Set larger code cache with -XX:ReservedCodeCacheSize=
#   JVM is running with Unscaled Compressed Oops mode in which the Java heap is
#     placed in the first 4GB address space. The Java Heap base address is the
#     maximum limit for the native heap growth. Please use -XX:HeapBaseMinAddress
#     to set the Java Heap base and to place the Java Heap above 4GB virtual address.
# This output file may be truncated or incomplete.
#
#  Out of Memory Error (os_windows.cpp:3714), pid=6832, tid=13516
#
# JRE version: OpenJDK Runtime Environment Temurin-21.0.10+7 (21.0.10+7) (build 21.0.10+7-LTS)
# Java VM: OpenJDK 64-Bit Server VM Temurin-21.0.10+7 (21.0.10+7-LTS, mixed mode, emulated-client, sharing, tiered, compressed oops, compressed class ptrs, g1 gc, windows-amd64)
# No core dump will be written. Minidumps are not enabled by default on client versions of Windows
#

---------------  S U M M A R Y ------------

Command Line: -Dcom.sun.management.jmxremote -Dcom.sun.management.jmxremote.port=61792 -Dcom.sun.management.jmxremote.authenticate=false -Dcom.sun.management.jmxremote.ssl=false -Djava.rmi.server.hostname=localhost -Dspring.jmx.enabled=true -Dmanagement.endpoints.jmx.exposure.include=* -Dspring.application.admin.enabled=true -Dspring.output.ansi.enabled=always -XX:TieredStopAtLevel=1 -Dspring.boot.project.name=developer-service -Dfile.encoding=UTF-8 -Dstdout.encoding=UTF-8 -Dstderr.encoding=UTF-8 -XX:+ShowCodeDetailsInExceptionMessages com.portal.developer.DeveloperServiceApplication

Host: 13th Gen Intel(R) Core(TM) i5-1335U, 12 cores, 3G,  Windows 11 , 64 bit Build 26100 (10.0.26100.8875)
Time: Fri Jul 17 12:33:27 2026 India Standard Time elapsed time: 2145.621396 seconds (0d 0h 35m 45s)

---------------  T H R E A D  ---------------

Current thread (0x0000023f0b99bb00):  VMThread "VM Thread"          [id=13516, stack(0x000000f4f7800000,0x000000f4f7900000) (1024K)]

Stack: [0x000000f4f7800000,0x000000f4f7900000]
Native frames: (J=compiled Java code, j=interpreted, Vv=VM code, C=native code)
V  [jvm.dll+0x6d7a39]
V  [jvm.dll+0x8b4b26]
V  [jvm.dll+0x8b70de]
V  [jvm.dll+0x8b77c3]
V  [jvm.dll+0x284346]
V  [jvm.dll+0x6d4355]
V  [jvm.dll+0x6c808a]
V  [jvm.dll+0x35edb8]
V  [jvm.dll+0x3669f6]
V  [jvm.dll+0x3b7afe]
V  [jvm.dll+0x3b7da8]
V  [jvm.dll+0x332fbc]
V  [jvm.dll+0x3357d6]
V  [jvm.dll+0x33f7cd]
V  [jvm.dll+0x374e8f]
V  [jvm.dll+0x8bd4b0]
V  [jvm.dll+0x8be824]
V  [jvm.dll+0x8bed50]
V  [jvm.dll+0x8beff3]
V  [jvm.dll+0x85f59d]
V  [jvm.dll+0x6d626d]
C  [ucrtbase.dll+0x2cd30]
C  [KERNEL32.DLL+0x2e957]
C  [ntdll.dll+0xaad6c]

VM_Operation (0x000000f4f73ffad0): G1PauseRemark, mode: safepoint, requested by thread 0x0000023f7f9f9480


---------------  P R O C E S S  ---------------

Threads class SMR info:
_java_thread_list=0x0000023f52dd5570, length=43, elements={
0x0000023f0b9b4ce0, 0x0000023f0b9b8860, 0x0000023f0b9bdd60, 0x0000023f0b9be7c0,
0x0000023f0b9c3240, 0x0000023f0b9c6cc0, 0x0000023f0b9f2ea0, 0x0000023f0bb89520,
0x0000023f0bb9dbc0, 0x0000023f51565cd0, 0x0000023f5157adb0, 0x0000023f5159fd90,
0x0000023f5165d510, 0x0000023f51676900, 0x0000023f51b9b4b0, 0x0000023f51b9d580,
0x0000023f51b9c1d0, 0x0000023f51b9c860, 0x0000023f51b9bb40, 0x0000023f51b9cef0,
0x0000023f51b9dc10, 0x0000023f54485b00, 0x0000023f54486190, 0x0000023f54484de0,
0x0000023f54486820, 0x0000023f54487540, 0x0000023f54486eb0, 0x0000023f544840c0,
0x0000023f54487bd0, 0x0000023f54484750, 0x0000023f54485470, 0x0000023f54488260,
0x0000023f5448a9c0, 0x0000023f54489ca0, 0x0000023f54489610, 0x0000023f5448b050,
0x0000023f5448b6e0, 0x0000023f544888f0, 0x0000023f54488f80, 0x0000023f590a9b30,
0x0000023f590aaee0, 0x0000023f590ab570, 0x0000023f590a94a0
}

Java Threads: ( => current thread )
  0x0000023f0b9b4ce0 JavaThread "Reference Handler"          daemon [_thread_blocked, id=23212, stack(0x000000f4f7900000,0x000000f4f7a00000) (1024K)]
  0x0000023f0b9b8860 JavaThread "Finalizer"                  daemon [_thread_blocked, id=12828, stack(0x000000f4f7a00000,0x000000f4f7b00000) (1024K)]
  0x0000023f0b9bdd60 JavaThread "Signal Dispatcher"          daemon [_thread_blocked, id=19164, stack(0x000000f4f7b00000,0x000000f4f7c00000) (1024K)]
  0x0000023f0b9be7c0 JavaThread "Attach Listener"            daemon [_thread_blocked, id=22552, stack(0x000000f4f7c00000,0x000000f4f7d00000) (1024K)]
  0x0000023f0b9c3240 JavaThread "Service Thread"             daemon [_thread_blocked, id=10344, stack(0x000000f4f7d00000,0x000000f4f7e00000) (1024K)]
  0x0000023f0b9c6cc0 JavaThread "Monitor Deflation Thread"   daemon [_thread_blocked, id=21536, stack(0x000000f4f7e00000,0x000000f4f7f00000) (1024K)]
  0x0000023f0b9f2ea0 JavaThread "C1 CompilerThread0"         daemon [_thread_blocked, id=24972, stack(0x000000f4f7f00000,0x000000f4f8000000) (1024K)]
  0x0000023f0bb89520 JavaThread "Notification Thread"        daemon [_thread_blocked, id=21988, stack(0x000000f4f8000000,0x000000f4f8100000) (1024K)]
  0x0000023f0bb9dbc0 JavaThread "Common-Cleaner"             daemon [_thread_blocked, id=13040, stack(0x000000f4f8100000,0x000000f4f8200000) (1024K)]
  0x0000023f51565cd0 JavaThread "RMI TCP Accept-0"           daemon [_thread_in_native, id=20680, stack(0x000000f4f8400000,0x000000f4f8500000) (1024K)]
  0x0000023f5157adb0 JavaThread "RMI TCP Accept-61792"       daemon [_thread_in_native, id=400, stack(0x000000f4f8500000,0x000000f4f8600000) (1024K)]
  0x0000023f5159fd90 JavaThread "RMI TCP Accept-0"           daemon [_thread_in_native, id=396, stack(0x000000f4f8600000,0x000000f4f8700000) (1024K)]
  0x0000023f5165d510 JavaThread "RMI Scheduler(0)"           daemon [_thread_blocked, id=23060, stack(0x000000f4f8f00000,0x000000f4f9000000) (1024K)]
  0x0000023f51676900 JavaThread "JMX server connection timeout 35" daemon [_thread_blocked, id=16768, stack(0x000000f4f9100000,0x000000f4f9200000) (1024K)]
  0x0000023f51b9b4b0 JavaThread "Catalina-utility-1"                [_thread_blocked, id=7784, stack(0x000000f4f9400000,0x000000f4f9500000) (1024K)]
  0x0000023f51b9d580 JavaThread "Catalina-utility-2"                [_thread_blocked, id=22036, stack(0x000000f4f9700000,0x000000f4f9800000) (1024K)]
  0x0000023f51b9c1d0 JavaThread "container-0"                       [_thread_blocked, id=23348, stack(0x000000f4f9800000,0x000000f4f9900000) (1024K)]
  0x0000023f51b9c860 JavaThread "Cleaner-0"                  daemon [_thread_blocked, id=20568, stack(0x000000f4f9a00000,0x000000f4f9b00000) (1024K)]
  0x0000023f51b9bb40 JavaThread "HikariPool-1:housekeeper"   daemon [_thread_blocked, id=16692, stack(0x000000f4f9b00000,0x000000f4f9c00000) (1024K)]
  0x0000023f51b9cef0 JavaThread "spectator-gauge-polling-0"  daemon [_thread_blocked, id=14804, stack(0x000000f4f9c00000,0x000000f4f9d00000) (1024K)]
  0x0000023f51b9dc10 JavaThread "AsyncResolver-bootstrap-%d" daemon [_thread_blocked, id=2364, stack(0x000000f4f9f00000,0x000000f4fa000000) (1024K)]
  0x0000023f54485b00 JavaThread "DiscoveryClient-%d"         daemon [_thread_blocked, id=1100, stack(0x000000f4fa000000,0x000000f4fa100000) (1024K)]
  0x0000023f54486190 JavaThread "DiscoveryClient-%d"         daemon [_thread_blocked, id=24708, stack(0x000000f4fa100000,0x000000f4fa200000) (1024K)]
  0x0000023f54484de0 JavaThread "DiscoveryClient-InstanceInfoReplicator-%d" daemon [_thread_blocked, id=4596, stack(0x000000f4fa200000,0x000000f4fa300000) (1024K)]
  0x0000023f54486820 JavaThread "http-nio-8082-exec-1"       daemon [_thread_blocked, id=16316, stack(0x000000f4fa300000,0x000000f4fa400000) (1024K)]
  0x0000023f54487540 JavaThread "http-nio-8082-exec-2"       daemon [_thread_blocked, id=21648, stack(0x000000f4fa400000,0x000000f4fa500000) (1024K)]
  0x0000023f54486eb0 JavaThread "http-nio-8082-exec-3"       daemon [_thread_blocked, id=20472, stack(0x000000f4fa500000,0x000000f4fa600000) (1024K)]
  0x0000023f544840c0 JavaThread "http-nio-8082-exec-4"       daemon [_thread_blocked, id=23336, stack(0x000000f4fa600000,0x000000f4fa700000) (1024K)]
  0x0000023f54487bd0 JavaThread "http-nio-8082-exec-5"       daemon [_thread_blocked, id=25084, stack(0x000000f4fa700000,0x000000f4fa800000) (1024K)]
  0x0000023f54484750 JavaThread "http-nio-8082-exec-6"       daemon [_thread_blocked, id=4840, stack(0x000000f4fa800000,0x000000f4fa900000) (1024K)]
  0x0000023f54485470 JavaThread "http-nio-8082-exec-7"       daemon [_thread_blocked, id=2640, stack(0x000000f4fa900000,0x000000f4faa00000) (1024K)]
  0x0000023f54488260 JavaThread "http-nio-8082-exec-8"       daemon [_thread_blocked, id=12412, stack(0x000000f4faa00000,0x000000f4fab00000) (1024K)]
  0x0000023f5448a9c0 JavaThread "http-nio-8082-exec-9"       daemon [_thread_blocked, id=24300, stack(0x000000f4fab00000,0x000000f4fac00000) (1024K)]
  0x0000023f54489ca0 JavaThread "http-nio-8082-exec-10"      daemon [_thread_blocked, id=17024, stack(0x000000f4fac00000,0x000000f4fad00000) (1024K)]
  0x0000023f54489610 JavaThread "http-nio-8082-Poller"       daemon [_thread_blocked, id=22676, stack(0x000000f4fad00000,0x000000f4fae00000) (1024K)]
  0x0000023f5448b050 JavaThread "http-nio-8082-Acceptor"     daemon [_thread_in_native, id=23364, stack(0x000000f4fae00000,0x000000f4faf00000) (1024K)]
  0x0000023f5448b6e0 JavaThread "DestroyJavaVM"                     [_thread_blocked, id=25176, stack(0x000000f4f7100000,0x000000f4f7200000) (1024K)]
  0x0000023f544888f0 JavaThread "RMI TCP Connection(idle)"   daemon [_thread_blocked, id=23208, stack(0x000000f4fb000000,0x000000f4fb100000) (1024K)]
  0x0000023f54488f80 JavaThread "JMX server connection timeout 71" daemon [_thread_blocked, id=15300, stack(0x000000f4fb100000,0x000000f4fb200000) (1024K)]
  0x0000023f590a9b30 JavaThread "DiscoveryClient-HeartbeatExecutor-%d" daemon [_thread_blocked, id=17016, stack(0x000000f4f8300000,0x000000f4f8400000) (1024K)]
  0x0000023f590aaee0 JavaThread "DiscoveryClient-CacheRefreshExecutor-%d" daemon [_thread_blocked, id=8464, stack(0x000000f4fb300000,0x000000f4fb400000) (1024K)]
  0x0000023f590ab570 JavaThread "AsyncResolver-bootstrap-executor-%d" daemon [_thread_blocked, id=20324, stack(0x000000f4f6f00000,0x000000f4f7000000) (1024K)]
  0x0000023f590a94a0 JavaThread "RMI TCP Connection(31)-127.0.0.1" daemon [_thread_blocked, id=25240, stack(0x000000f4f6e00000,0x000000f4f6f00000) (1024K)]
Total: 43

Other Threads:
=>0x0000023f0b99bb00 VMThread "VM Thread"                           [id=13516, stack(0x000000f4f7800000,0x000000f4f7900000) (1024K)]
  0x0000023f0b9876b0 WatcherThread "VM Periodic Task Thread"        [id=22728, stack(0x000000f4f7700000,0x000000f4f7800000) (1024K)]
  0x0000023f7f9efa60 WorkerThread "GC Thread#0"                     [id=13736, stack(0x000000f4f7200000,0x000000f4f7300000) (1024K)]
  0x0000023f51610530 WorkerThread "GC Thread#1"                     [id=22928, stack(0x000000f4f8800000,0x000000f4f8900000) (1024K)]
  0x0000023f51643e90 WorkerThread "GC Thread#2"                     [id=23628, stack(0x000000f4f8900000,0x000000f4f8a00000) (1024K)]
  0x0000023f51644240 WorkerThread "GC Thread#3"                     [id=6996, stack(0x000000f4f8a00000,0x000000f4f8b00000) (1024K)]
  0x0000023f516445f0 WorkerThread "GC Thread#4"                     [id=5412, stack(0x000000f4f8b00000,0x000000f4f8c00000) (1024K)]
  0x0000023f516449a0 WorkerThread "GC Thread#5"                     [id=11032, stack(0x000000f4f8c00000,0x000000f4f8d00000) (1024K)]
  0x0000023f51644d50 WorkerThread "GC Thread#6"                     [id=4196, stack(0x000000f4f8d00000,0x000000f4f8e00000) (1024K)]
  0x0000023f51645100 WorkerThread "GC Thread#7"                     [id=22828, stack(0x000000f4f8e00000,0x000000f4f8f00000) (1024K)]
  0x0000023f51f03020 WorkerThread "GC Thread#8"                     [id=25032, stack(0x000000f4f9200000,0x000000f4f9300000) (1024K)]
  0x0000023f51f03f30 WorkerThread "GC Thread#9"                     [id=14744, stack(0x000000f4f9300000,0x000000f4f9400000) (1024K)]
  0x0000023f7f9f9480 ConcurrentGCThread "G1 Main Marker"            [id=14480, stack(0x000000f4f7300000,0x000000f4f7400000) (1024K)]
  0x0000023f7f9f9ea0 WorkerThread "G1 Conc#0"                       [id=22704, stack(0x000000f4f7400000,0x000000f4f7500000) (1024K)]
  0x0000023f51f037d0 WorkerThread "G1 Conc#1"                       [id=19316, stack(0x000000f4f9500000,0x000000f4f9600000) (1024K)]
  0x0000023f51f03b80 WorkerThread "G1 Conc#2"                       [id=17508, stack(0x000000f4f9600000,0x000000f4f9700000) (1024K)]
  0x0000023f7fa5e4d0 ConcurrentGCThread "G1 Refine#0"               [id=25008, stack(0x000000f4f7500000,0x000000f4f7600000) (1024K)]
  0x0000023f0b852120 ConcurrentGCThread "G1 Service"                [id=22972, stack(0x000000f4f7600000,0x000000f4f7700000) (1024K)]
Total: 18

Threads with active compile tasks:
Total: 0

VM state: at safepoint (normal execution)

VM Mutex/Monitor currently owned by a thread:  ([mutex/lock_event])
[0x00007ffd839be560] Threads_lock - owner thread: 0x0000023f0b99bb00
[0x00007ffd839be660] Heap_lock - owner thread: 0x0000023f7f9f9480

Heap address: 0x00000000c5800000, size: 936 MB, Compressed Oops mode: 32-bit

CDS archive(s) mapped at: [0x0000023f0c000000-0x0000023f0cc80000-0x0000023f0cc80000), size 13107200, SharedBaseAddress: 0x0000023f0c000000, ArchiveRelocationMode: 1.
Compressed class space mapped at: 0x0000023f0d000000-0x0000023f4d000000, reserved size: 1073741824
Narrow klass base: 0x0000023f0c000000, Narrow klass shift: 0, Narrow klass range: 0x100000000

GC Precious Log:
 CardTable entry size: 512
 Card Set container configuration: InlinePtr #cards 5 size 8 Array Of Cards #cards 12 size 40 Howl #buckets 4 coarsen threshold 1843 Howl Bitmap #cards 512 size 80 coarsen threshold 460 Card regions per heap region 1 cards per card region 2048
 CPUs: 12 total, 12 available
 Memory: 3739M
 Large Page Support: Disabled
 NUMA Support: Disabled
 Compressed Oops: Enabled (32-bit)
 Heap Region Size: 1M
 Heap Min Capacity: 8M
 Heap Initial Capacity: 60M
 Heap Max Capacity: 936M
 Pre-touch: Disabled
 Parallel Workers: 10
 Concurrent Workers: 3
 Concurrent Refinement Workers: 10
 Periodic GC: Disabled

Heap:
 garbage-first heap   total 91136K, used 54463K [0x00000000c5800000, 0x0000000100000000)
  region size 1024K, 4 young (4096K), 3 survivors (3072K)
 Metaspace       used 92371K, committed 94016K, reserved 1179648K
  class space    used 13436K, committed 14080K, reserved 1048576K

Heap Regions: E=young(eden), S=young(survivor), O=old, HS=humongous(starts), HC=humongous(continues), CS=collection set, F=free, TAMS=top-at-mark-start, PB=parsable bottom
|   0|0x00000000c5800000, 0x00000000c5900000, 0x00000000c5900000|100%|HS|  |TAMS 0x00000000c5900000| PB 0x00000000c5800000| Complete 
|   1|0x00000000c5900000, 0x00000000c5a00000, 0x00000000c5a00000|100%|HS|  |TAMS 0x00000000c5a00000| PB 0x00000000c5900000| Complete 
|   2|0x00000000c5a00000, 0x00000000c5b00000, 0x00000000c5b00000|100%| O|  |TAMS 0x00000000c5b00000| PB 0x00000000c5b00000| Updating 
|   3|0x00000000c5b00000, 0x00000000c5c00000, 0x00000000c5c00000|100%|HS|  |TAMS 0x00000000c5c00000| PB 0x00000000c5b00000| Complete 
|   4|0x00000000c5c00000, 0x00000000c5d00000, 0x00000000c5d00000|100%| O|  |TAMS 0x00000000c5d00000| PB 0x00000000c5d00000| Untracked 
|   5|0x00000000c5d00000, 0x00000000c5e00000, 0x00000000c5e00000|100%| O|  |TAMS 0x00000000c5e00000| PB 0x00000000c5e00000| Untracked 
|   6|0x00000000c5e00000, 0x00000000c5f00000, 0x00000000c5f00000|100%| O|  |TAMS 0x00000000c5f00000| PB 0x00000000c5f00000| Untracked 
|   7|0x00000000c5f00000, 0x00000000c6000000, 0x00000000c6000000|100%| O|  |TAMS 0x00000000c6000000| PB 0x00000000c6000000| Untracked 
|   8|0x00000000c6000000, 0x00000000c6100000, 0x00000000c6100000|100%| O|  |TAMS 0x00000000c6100000| PB 0x00000000c6100000| Updating 
|   9|0x00000000c6100000, 0x00000000c6200000, 0x00000000c6200000|100%| O|  |TAMS 0x00000000c6200000| PB 0x00000000c6200000| Updating 
|  10|0x00000000c6200000, 0x00000000c6300000, 0x00000000c6300000|100%| O|  |TAMS 0x00000000c6300000| PB 0x00000000c6300000| Updating 
|  11|0x00000000c6300000, 0x00000000c6400000, 0x00000000c6400000|100%| O|  |TAMS 0x00000000c6400000| PB 0x00000000c6400000| Updating 
|  12|0x00000000c6400000, 0x00000000c6500000, 0x00000000c6500000|100%| O|  |TAMS 0x00000000c6500000| PB 0x00000000c6500000| Untracked 
|  13|0x00000000c6500000, 0x00000000c6600000, 0x00000000c6600000|100%| O|  |TAMS 0x00000000c6600000| PB 0x00000000c6600000| Untracked 
|  14|0x00000000c6600000, 0x00000000c6700000, 0x00000000c6700000|100%| O|  |TAMS 0x00000000c6700000| PB 0x00000000c6700000| Updating 
|  15|0x00000000c6700000, 0x00000000c6800000, 0x00000000c6800000|100%| O|  |TAMS 0x00000000c6800000| PB 0x00000000c6800000| Updating 
|  16|0x00000000c6800000, 0x00000000c6900000, 0x00000000c6900000|100%| O|  |TAMS 0x00000000c6900000| PB 0x00000000c6900000| Updating 
|  17|0x00000000c6900000, 0x00000000c6a00000, 0x00000000c6a00000|100%| O|  |TAMS 0x00000000c6a00000| PB 0x00000000c6a00000| Updating 
|  18|0x00000000c6a00000, 0x00000000c6b00000, 0x00000000c6b00000|100%| O|  |TAMS 0x00000000c6b00000| PB 0x00000000c6b00000| Updating 
|  19|0x00000000c6b00000, 0x00000000c6c00000, 0x00000000c6c00000|100%| O|  |TAMS 0x00000000c6c00000| PB 0x00000000c6c00000| Updating 
|  20|0x00000000c6c00000, 0x00000000c6d00000, 0x00000000c6d00000|100%| O|  |TAMS 0x00000000c6d00000| PB 0x00000000c6d00000| Updating 
|  21|0x00000000c6d00000, 0x00000000c6e00000, 0x00000000c6e00000|100%| O|  |TAMS 0x00000000c6e00000| PB 0x00000000c6e00000| Updating 
|  22|0x00000000c6e00000, 0x00000000c6f00000, 0x00000000c6f00000|100%| O|  |TAMS 0x00000000c6f00000| PB 0x00000000c6f00000| Updating 
|  23|0x00000000c6f00000, 0x00000000c7000000, 0x00000000c7000000|100%| O|  |TAMS 0x00000000c7000000| PB 0x00000000c7000000| Updating 
|  24|0x00000000c7000000, 0x00000000c7100000, 0x00000000c7100000|100%| O|  |TAMS 0x00000000c7100000| PB 0x00000000c7100000| Updating 
|  25|0x00000000c7100000, 0x00000000c7200000, 0x00000000c7200000|100%| O|  |TAMS 0x00000000c7200000| PB 0x00000000c7200000| Updating 
|  26|0x00000000c7200000, 0x00000000c7300000, 0x00000000c7300000|100%| O|  |TAMS 0x00000000c7300000| PB 0x00000000c7300000| Updating 
|  27|0x00000000c7300000, 0x00000000c7400000, 0x00000000c7400000|100%| O|  |TAMS 0x00000000c7400000| PB 0x00000000c7400000| Updating 
|  28|0x00000000c7400000, 0x00000000c7500000, 0x00000000c7500000|100%| O|  |TAMS 0x00000000c7500000| PB 0x00000000c7500000| Updating 
|  29|0x00000000c7500000, 0x00000000c7600000, 0x00000000c7600000|100%| O|  |TAMS 0x00000000c7600000| PB 0x00000000c7600000| Updating 
|  30|0x00000000c7600000, 0x00000000c7700000, 0x00000000c7700000|100%| O|  |TAMS 0x00000000c7700000| PB 0x00000000c7700000| Updating 
|  31|0x00000000c7700000, 0x00000000c7700000, 0x00000000c7800000|  0%| F|  |TAMS 0x00000000c7700000| PB 0x00000000c7700000| Untracked 
|  32|0x00000000c7800000, 0x00000000c7800000, 0x00000000c7900000|  0%| F|  |TAMS 0x00000000c7800000| PB 0x00000000c7800000| Untracked 
|  33|0x00000000c7900000, 0x00000000c7a00000, 0x00000000c7a00000|100%| O|  |TAMS 0x00000000c7a00000| PB 0x00000000c7a00000| Updating 
|  34|0x00000000c7a00000, 0x00000000c7b00000, 0x00000000c7b00000|100%| O|  |TAMS 0x00000000c7b00000| PB 0x00000000c7b00000| Updating 
|  35|0x00000000c7b00000, 0x00000000c7c00000, 0x00000000c7c00000|100%| O|  |TAMS 0x00000000c7c00000| PB 0x00000000c7c00000| Updating 
|  36|0x00000000c7c00000, 0x00000000c7d00000, 0x00000000c7d00000|100%| O|  |TAMS 0x00000000c7d00000| PB 0x00000000c7d00000| Updating 
|  37|0x00000000c7d00000, 0x00000000c7e00000, 0x00000000c7e00000|100%| O|  |TAMS 0x00000000c7e00000| PB 0x00000000c7e00000| Updating 
|  38|0x00000000c7e00000, 0x00000000c7f00000, 0x00000000c7f00000|100%| O|  |TAMS 0x00000000c7f00000| PB 0x00000000c7f00000| Updating 
|  39|0x00000000c7f00000, 0x00000000c7f00000, 0x00000000c8000000|  0%| F|  |TAMS 0x00000000c7f00000| PB 0x00000000c7f00000| Untracked 
|  40|0x00000000c8000000, 0x00000000c8100000, 0x00000000c8100000|100%| O|  |TAMS 0x00000000c8100000| PB 0x00000000c8100000| Updating 
|  41|0x00000000c8100000, 0x00000000c8200000, 0x00000000c8200000|100%| O|  |TAMS 0x00000000c8200000| PB 0x00000000c8200000| Updating 
|  42|0x00000000c8200000, 0x00000000c8300000, 0x00000000c8300000|100%| O|  |TAMS 0x00000000c8300000| PB 0x00000000c8300000| Updating 
|  43|0x00000000c8300000, 0x00000000c8400000, 0x00000000c8400000|100%| O|  |TAMS 0x00000000c8400000| PB 0x00000000c8400000| Updating 
|  44|0x00000000c8400000, 0x00000000c8500000, 0x00000000c8500000|100%| O|  |TAMS 0x00000000c8500000| PB 0x00000000c8500000| Updating 
|  45|0x00000000c8500000, 0x00000000c8600000, 0x00000000c8600000|100%| O|  |TAMS 0x00000000c8600000| PB 0x00000000c8600000| Updating 
|  46|0x00000000c8600000, 0x00000000c8700000, 0x00000000c8700000|100%| O|  |TAMS 0x00000000c8700000| PB 0x00000000c8700000| Updating 
|  47|0x00000000c8700000, 0x00000000c8800000, 0x00000000c8800000|100%| O|  |TAMS 0x00000000c8800000| PB 0x00000000c8800000| Updating 
|  48|0x00000000c8800000, 0x00000000c8900000, 0x00000000c8900000|100%| O|  |TAMS 0x00000000c8900000| PB 0x00000000c8900000| Untracked 
|  49|0x00000000c8900000, 0x00000000c8900000, 0x00000000c8a00000|  0%| F|  |TAMS 0x00000000c8900000| PB 0x00000000c8900000| Untracked 
|  50|0x00000000c8a00000, 0x00000000c8b00000, 0x00000000c8b00000|100%| O|  |TAMS 0x00000000c8b00000| PB 0x00000000c8b00000| Updating 
|  51|0x00000000c8b00000, 0x00000000c8c00000, 0x00000000c8c00000|100%| O|  |TAMS 0x00000000c8c00000| PB 0x00000000c8c00000| Updating 
|  52|0x00000000c8c00000, 0x00000000c8d00000, 0x00000000c8d00000|100%| O|  |TAMS 0x00000000c8d00000| PB 0x00000000c8d00000| Untracked 
|  53|0x00000000c8d00000, 0x00000000c8d8e110, 0x00000000c8e00000| 55%| S|CS|TAMS 0x00000000c8d00000| PB 0x00000000c8d00000| Complete 
|  54|0x00000000c8e00000, 0x00000000c8f00000, 0x00000000c8f00000|100%| S|CS|TAMS 0x00000000c8e00000| PB 0x00000000c8e00000| Complete 
|  55|0x00000000c8f00000, 0x00000000c9000000, 0x00000000c9000000|100%| S|CS|TAMS 0x00000000c8f00000| PB 0x00000000c8f00000| Complete 
|  56|0x00000000c9000000, 0x00000000c90a1e50, 0x00000000c9100000| 63%| O|  |TAMS 0x00000000c90a1e50| PB 0x00000000c90a1e50| Updating 
|  57|0x00000000c9100000, 0x00000000c9100000, 0x00000000c9200000|  0%| F|  |TAMS 0x00000000c9100000| PB 0x00000000c9100000| Untracked 
|  58|0x00000000c9200000, 0x00000000c9200000, 0x00000000c9300000|  0%| F|  |TAMS 0x00000000c9200000| PB 0x00000000c9200000| Untracked 
|  59|0x00000000c9300000, 0x00000000c9300000, 0x00000000c9400000|  0%| F|  |TAMS 0x00000000c9300000| PB 0x00000000c9300000| Untracked 
|  60|0x00000000c9400000, 0x00000000c9400000, 0x00000000c9500000|  0%| F|  |TAMS 0x00000000c9400000| PB 0x00000000c9400000| Untracked 
|  61|0x00000000c9500000, 0x00000000c9500000, 0x00000000c9600000|  0%| F|  |TAMS 0x00000000c9500000| PB 0x00000000c9500000| Untracked 
|  62|0x00000000c9600000, 0x00000000c9600000, 0x00000000c9700000|  0%| F|  |TAMS 0x00000000c9600000| PB 0x00000000c9600000| Untracked 
|  63|0x00000000c9700000, 0x00000000c9700000, 0x00000000c9800000|  0%| F|  |TAMS 0x00000000c9700000| PB 0x00000000c9700000| Untracked 
|  64|0x00000000c9800000, 0x00000000c9800000, 0x00000000c9900000|  0%| F|  |TAMS 0x00000000c9800000| PB 0x00000000c9800000| Untracked 
|  65|0x00000000c9900000, 0x00000000c9900000, 0x00000000c9a00000|  0%| F|  |TAMS 0x00000000c9900000| PB 0x00000000c9900000| Untracked 
|  66|0x00000000c9a00000, 0x00000000c9a00000, 0x00000000c9b00000|  0%| F|  |TAMS 0x00000000c9a00000| PB 0x00000000c9a00000| Untracked 
|  67|0x00000000c9b00000, 0x00000000c9b00000, 0x00000000c9c00000|  0%| F|  |TAMS 0x00000000c9b00000| PB 0x00000000c9b00000| Untracked 
|  68|0x00000000c9c00000, 0x00000000c9c00000, 0x00000000c9d00000|  0%| F|  |TAMS 0x00000000c9c00000| PB 0x00000000c9c00000| Untracked 
|  69|0x00000000c9d00000, 0x00000000c9d00000, 0x00000000c9e00000|  0%| F|  |TAMS 0x00000000c9d00000| PB 0x00000000c9d00000| Untracked 
|  70|0x00000000c9e00000, 0x00000000c9e00000, 0x00000000c9f00000|  0%| F|  |TAMS 0x00000000c9e00000| PB 0x00000000c9e00000| Untracked 
|  71|0x00000000c9f00000, 0x00000000c9f00000, 0x00000000ca000000|  0%| F|  |TAMS 0x00000000c9f00000| PB 0x00000000c9f00000| Untracked 
|  72|0x00000000ca000000, 0x00000000ca000000, 0x00000000ca100000|  0%| F|  |TAMS 0x00000000ca000000| PB 0x00000000ca000000| Untracked 
|  73|0x00000000ca100000, 0x00000000ca100000, 0x00000000ca200000|  0%| F|  |TAMS 0x00000000ca100000| PB 0x00000000ca100000| Untracked 
|  74|0x00000000ca200000, 0x00000000ca200000, 0x00000000ca300000|  0%| F|  |TAMS 0x00000000ca200000| PB 0x00000000ca200000| Untracked 
|  75|0x00000000ca300000, 0x00000000ca300000, 0x00000000ca400000|  0%| F|  |TAMS 0x00000000ca300000| PB 0x00000000ca300000| Untracked 
|  76|0x00000000ca400000, 0x00000000ca400000, 0x00000000ca500000|  0%| F|  |TAMS 0x00000000ca400000| PB 0x00000000ca400000| Untracked 
|  77|0x00000000ca500000, 0x00000000ca500000, 0x00000000ca600000|  0%| F|  |TAMS 0x00000000ca500000| PB 0x00000000ca500000| Untracked 
|  78|0x00000000ca600000, 0x00000000ca600000, 0x00000000ca700000|  0%| F|  |TAMS 0x00000000ca600000| PB 0x00000000ca600000| Untracked 
|  79|0x00000000ca700000, 0x00000000ca700000, 0x00000000ca800000|  0%| F|  |TAMS 0x00000000ca700000| PB 0x00000000ca700000| Untracked 
|  80|0x00000000ca800000, 0x00000000ca800000, 0x00000000ca900000|  0%| F|  |TAMS 0x00000000ca800000| PB 0x00000000ca800000| Untracked 
|  81|0x00000000ca900000, 0x00000000ca900000, 0x00000000caa00000|  0%| F|  |TAMS 0x00000000ca900000| PB 0x00000000ca900000| Untracked 
|  82|0x00000000caa00000, 0x00000000caa00000, 0x00000000cab00000|  0%| F|  |TAMS 0x00000000caa00000| PB 0x00000000caa00000| Untracked 
|  83|0x00000000cab00000, 0x00000000cab00000, 0x00000000cac00000|  0%| F|  |TAMS 0x00000000cab00000| PB 0x00000000cab00000| Untracked 
|  84|0x00000000cac00000, 0x00000000cac00000, 0x00000000cad00000|  0%| F|  |TAMS 0x00000000cac00000| PB 0x00000000cac00000| Untracked 
|  85|0x00000000cad00000, 0x00000000cad00000, 0x00000000cae00000|  0%| F|  |TAMS 0x00000000cad00000| PB 0x00000000cad00000| Untracked 
|  86|0x00000000cae00000, 0x00000000cae00000, 0x00000000caf00000|  0%| F|  |TAMS 0x00000000cae00000| PB 0x00000000cae00000| Untracked 
|  87|0x00000000caf00000, 0x00000000caf6b290, 0x00000000cb000000| 41%| E|  |TAMS 0x00000000caf00000| PB 0x00000000caf00000| Complete 
| 935|0x00000000fff00000, 0x0000000100000000, 0x0000000100000000|100%| O|  |TAMS 0x0000000100000000| PB 0x0000000100000000| Updating 

Card table byte_map: [0x0000023f07d00000,0x0000023f07ee0000] _byte_map_base: 0x0000023f076d4000

Marking Bits: (CMBitMap*) 0x0000023f7f9f0080
 Bits: [0x0000023f07ee0000, 0x0000023f08d80000)

Polling page: 0x0000023f7f010000

Metaspace:

Usage:
  Non-class:     77.09 MB used.
      Class:     13.12 MB used.
       Both:     90.21 MB used.

Virtual space:
  Non-class space:      128.00 MB reserved,      78.06 MB ( 61%) committed,  2 nodes.
      Class space:        1.00 GB reserved,      13.75 MB (  1%) committed,  1 nodes.
             Both:        1.12 GB reserved,      91.81 MB (  8%) committed. 

Chunk freelists:
   Non-Class:  2.33 MB
       Class:  2.60 MB
        Both:  4.93 MB

MaxMetaspaceSize: unlimited
CompressedClassSpaceSize: 1.00 GB
Initial GC threshold: 21.00 MB
Current GC threshold: 138.44 MB
CDS: on
 - commit_granule_bytes: 65536.
 - commit_granule_words: 8192.
 - virtual_space_node_default_size: 8388608.
 - enlarge_chunks_in_place: 1.
 - use_allocation_guard: 0.


Internal statistics:

num_allocs_failed_limit: 9.
num_arena_births: 1578.
num_arena_deaths: 600.
num_vsnodes_births: 3.
num_vsnodes_deaths: 0.
num_space_committed: 1469.
num_space_uncommitted: 0.
num_chunks_returned_to_freelist: 679.
num_chunks_taken_from_freelist: 4951.
num_chunk_merges: 175.
num_chunk_splits: 3599.
num_chunks_enlarged: 2803.
num_inconsistent_stats: 0.

CodeCache: size=49152Kb used=13757Kb max_used=15868Kb free=35394Kb
 bounds [0x0000023f04d00000, 0x0000023f05cc0000, 0x0000023f07d00000]
 total_blobs=8507, nmethods=7770, adapters=660, full_count=0
Compilation: enabled, stopped_count=0, restarted_count=0

Compilation events (20 events):
Event: 2080.809 Thread 0x0000023f0b9f2ea0 8537       1       org.apache.hc.core5.http.ProtocolVersion::getProtocol (5 bytes)
Event: 2080.817 Thread 0x0000023f0b9f2ea0 nmethod 8537 0x0000023f05a96190 code [0x0000023f05a96320, 0x0000023f05a963e8]
Event: 2080.821 Thread 0x0000023f0b9f2ea0 8538       1       org.apache.hc.client5.http.impl.auth.AuthenticationHandler::isChallenged (110 bytes)
Event: 2080.917 Thread 0x0000023f0b9f2ea0 nmethod 8538 0x0000023f05a95810 code [0x0000023f05a95a20, 0x0000023f05a95ee0]
Event: 2111.304 Thread 0x0000023f0b9f2ea0 8539       1       org.apache.hc.core5.http.impl.BasicHttpTransportMetrics::incrementBytesTransferred (10 bytes)
Event: 2111.337 Thread 0x0000023f0b9f2ea0 nmethod 8539 0x0000023f05a95510 code [0x0000023f05a956a0, 0x0000023f05a95778]
Event: 2120.568 Thread 0x0000023f0b9f2ea0 8540       1       java.io.ObjectInputStream$FilterValues::arrayLength (5 bytes)
Event: 2120.591 Thread 0x0000023f0b9f2ea0 nmethod 8540 0x0000023f05a95210 code [0x0000023f05a953a0, 0x0000023f05a95468]
Event: 2120.592 Thread 0x0000023f0b9f2ea0 8541       1       java.io.ObjectInputStream::checkResolve (86 bytes)
Event: 2120.633 Thread 0x0000023f0b9f2ea0 nmethod 8541 0x0000023f05a94d10 code [0x0000023f05a94ec0, 0x0000023f05a95088]
Event: 2142.388 Thread 0x0000023f0b9f2ea0 8542       1       java.util.TreeMap$KeySet::contains (11 bytes)
Event: 2142.390 Thread 0x0000023f0b9f2ea0 nmethod 8542 0x0000023f05a94990 code [0x0000023f05a94b40, 0x0000023f05a94c38]
Event: 2142.390 Thread 0x0000023f0b9f2ea0 8543       1       javax.management.openmbean.CompositeDataSupport::getCompositeType (5 bytes)
Event: 2142.394 Thread 0x0000023f0b9f2ea0 nmethod 8543 0x0000023f05a94690 code [0x0000023f05a94820, 0x0000023f05a948e8]
Event: 2142.403 Thread 0x0000023f0b9f2ea0 8544       1       sun.management.LazyCompositeData::getLong (28 bytes)
Event: 2142.410 Thread 0x0000023f0b9f2ea0 nmethod 8544 0x0000023f05a94210 code [0x0000023f05a943c0, 0x0000023f05a94580]
Event: 2142.416 Thread 0x0000023f0b9f2ea0 8545       1       java.util.HashMap$KeySpliterator::<init> (12 bytes)
Event: 2142.420 Thread 0x0000023f0b9f2ea0 nmethod 8545 0x0000023f05a93f10 code [0x0000023f05a940a0, 0x0000023f05a941c0]
Event: 2142.420 Thread 0x0000023f0b9f2ea0 8546       1       java.util.HashSet::spliterator (16 bytes)
Event: 2142.421 Thread 0x0000023f0b9f2ea0 nmethod 8546 0x0000023f05a93b10 code [0x0000023f05a93cc0, 0x0000023f05a93e38]

GC Heap History (20 events):
Event: 7.489 GC heap before
{Heap before GC invocations=12 (full 0):
 garbage-first heap   total 73728K, used 65032K [0x00000000c5800000, 0x0000000100000000)
  region size 1024K, 37 young (37888K), 4 survivors (4096K)
 Metaspace       used 43861K, committed 44480K, reserved 1114112K
  class space    used 6117K, committed 6400K, reserved 1048576K
}
Event: 7.500 GC heap after
{Heap after GC invocations=13 (full 0):
 garbage-first heap   total 73728K, used 32994K [0x00000000c5800000, 0x0000000100000000)
  region size 1024K, 5 young (5120K), 5 survivors (5120K)
 Metaspace       used 43861K, committed 44480K, reserved 1114112K
  class space    used 6117K, committed 6400K, reserved 1048576K
}
Event: 8.379 GC heap before
{Heap before GC invocations=13 (full 0):
 garbage-first heap   total 73728K, used 63714K [0x00000000c5800000, 0x0000000100000000)
  region size 1024K, 35 young (35840K), 5 survivors (5120K)
 Metaspace       used 50096K, committed 50816K, reserved 1114112K
  class space    used 7059K, committed 7360K, reserved 1048576K
}
Event: 8.386 GC heap after
{Heap after GC invocations=14 (full 0):
 garbage-first heap   total 89088K, used 35647K [0x00000000c5800000, 0x0000000100000000)
  region size 1024K, 3 young (3072K), 3 survivors (3072K)
 Metaspace       used 50096K, committed 50816K, reserved 1114112K
  class space    used 7059K, committed 7360K, reserved 1048576K
}
Event: 9.817 GC heap before
{Heap before GC invocations=14 (full 0):
 garbage-first heap   total 89088K, used 76607K [0x00000000c5800000, 0x0000000100000000)
  region size 1024K, 44 young (45056K), 3 survivors (3072K)
 Metaspace       used 59495K, committed 60096K, reserved 1114112K
  class space    used 8504K, committed 8768K, reserved 1048576K
}
Event: 9.823 GC heap after
{Heap after GC invocations=15 (full 0):
 garbage-first heap   total 89088K, used 37604K [0x00000000c5800000, 0x0000000100000000)
  region size 1024K, 5 young (5120K), 5 survivors (5120K)
 Metaspace       used 59495K, committed 60096K, reserved 1114112K
  class space    used 8504K, committed 8768K, reserved 1048576K
}
Event: 11.320 GC heap before
{Heap before GC invocations=16 (full 0):
 garbage-first heap   total 89088K, used 76516K [0x00000000c5800000, 0x0000000100000000)
  region size 1024K, 44 young (45056K), 5 survivors (5120K)
 Metaspace       used 69210K, committed 69888K, reserved 1114112K
  class space    used 9985K, committed 10240K, reserved 1048576K
}
Event: 11.329 GC heap after
{Heap after GC invocations=17 (full 0):
 garbage-first heap   total 89088K, used 39848K [0x00000000c5800000, 0x0000000100000000)
  region size 1024K, 5 young (5120K), 5 survivors (5120K)
 Metaspace       used 69210K, committed 69888K, reserved 1114112K
  class space    used 9985K, committed 10240K, reserved 1048576K
}
Event: 13.288 GC heap before
{Heap before GC invocations=17 (full 0):
 garbage-first heap   total 89088K, used 77736K [0x00000000c5800000, 0x0000000100000000)
  region size 1024K, 43 young (44032K), 5 survivors (5120K)
 Metaspace       used 76488K, committed 77248K, reserved 1179648K
  class space    used 11033K, committed 11328K, reserved 1048576K
}
Event: 13.298 GC heap after
{Heap after GC invocations=18 (full 0):
 garbage-first heap   total 90112K, used 42432K [0x00000000c5800000, 0x0000000100000000)
  region size 1024K, 6 young (6144K), 6 survivors (6144K)
 Metaspace       used 76488K, committed 77248K, reserved 1179648K
  class space    used 11033K, committed 11328K, reserved 1048576K
}
Event: 14.778 GC heap before
{Heap before GC invocations=18 (full 0):
 garbage-first heap   total 90112K, used 80320K [0x00000000c5800000, 0x0000000100000000)
  region size 1024K, 43 young (44032K), 6 survivors (6144K)
 Metaspace       used 80143K, committed 80960K, reserved 1179648K
  class space    used 11625K, committed 11968K, reserved 1048576K
}
Event: 14.791 GC heap after
{Heap after GC invocations=19 (full 0):
 garbage-first heap   total 91136K, used 45784K [0x00000000c5800000, 0x0000000100000000)
  region size 1024K, 4 young (4096K), 4 survivors (4096K)
 Metaspace       used 80143K, committed 80960K, reserved 1179648K
  class space    used 11625K, committed 11968K, reserved 1048576K
}
Event: 16.472 GC heap before
{Heap before GC invocations=19 (full 0):
 garbage-first heap   total 91136K, used 81624K [0x00000000c5800000, 0x0000000100000000)
  region size 1024K, 39 young (39936K), 4 survivors (4096K)
 Metaspace       used 84064K, committed 84992K, reserved 1179648K
  class space    used 12190K, committed 12608K, reserved 1048576K
}
Event: 16.491 GC heap after
{Heap after GC invocations=20 (full 0):
 garbage-first heap   total 91136K, used 49503K [0x00000000c5800000, 0x0000000100000000)
  region size 1024K, 4 young (4096K), 4 survivors (4096K)
 Metaspace       used 84064K, committed 84992K, reserved 1179648K
  class space    used 12190K, committed 12608K, reserved 1048576K
}
Event: 17.763 GC heap before
{Heap before GC invocations=21 (full 0):
 garbage-first heap   total 91136K, used 81247K [0x00000000c5800000, 0x0000000100000000)
  region size 1024K, 36 young (36864K), 4 survivors (4096K)
 Metaspace       used 88162K, committed 89152K, reserved 1179648K
  class space    used 12863K, committed 13312K, reserved 1048576K
}
Event: 17.771 GC heap after
{Heap after GC invocations=22 (full 0):
 garbage-first heap   total 91136K, used 53087K [0x00000000c5800000, 0x0000000100000000)
  region size 1024K, 4 young (4096K), 4 survivors (4096K)
 Metaspace       used 88162K, committed 89152K, reserved 1179648K
  class space    used 12863K, committed 13312K, reserved 1048576K
}
Event: 20.192 GC heap before
{Heap before GC invocations=22 (full 0):
 garbage-first heap   total 91136K, used 81759K [0x00000000c5800000, 0x0000000100000000)
  region size 1024K, 33 young (33792K), 4 survivors (4096K)
 Metaspace       used 92035K, committed 93056K, reserved 1179648K
  class space    used 13436K, committed 13888K, reserved 1048576K
}
Event: 20.205 GC heap after
{Heap after GC invocations=23 (full 0):
 garbage-first heap   total 91136K, used 53666K [0x00000000c5800000, 0x0000000100000000)
  region size 1024K, 2 young (2048K), 2 survivors (2048K)
 Metaspace       used 92035K, committed 93056K, reserved 1179648K
  class space    used 13436K, committed 13888K, reserved 1048576K
}
Event: 2142.220 GC heap before
{Heap before GC invocations=23 (full 0):
 garbage-first heap   total 91136K, used 83362K [0x00000000c5800000, 0x0000000100000000)
  region size 1024K, 31 young (31744K), 2 survivors (2048K)
 Metaspace       used 92958K, committed 94016K, reserved 1179648K
  class space    used 13589K, committed 14080K, reserved 1048576K
}
Event: 2142.361 GC heap after
{Heap after GC invocations=24 (full 0):
 garbage-first heap   total 91136K, used 54463K [0x00000000c5800000, 0x0000000100000000)
  region size 1024K, 3 young (3072K), 3 survivors (3072K)
 Metaspace       used 92958K, committed 94016K, reserved 1179648K
  class space    used 13589K, committed 14080K, reserved 1048576K
}

Dll operation events (11 events):
Event: 0.148 Loaded shared library C:\Users\swath\.p2\pool\plugins\org.eclipse.justj.openjdk.hotspot.jre.full.win32.x86_64_21.0.10.v20260205-0638\jre\bin\java.dll
Event: 0.389 Loaded shared library C:\Users\swath\.p2\pool\plugins\org.eclipse.justj.openjdk.hotspot.jre.full.win32.x86_64_21.0.10.v20260205-0638\jre\bin\zip.dll
Event: 0.802 Loaded shared library C:\Users\swath\.p2\pool\plugins\org.eclipse.justj.openjdk.hotspot.jre.full.win32.x86_64_21.0.10.v20260205-0638\jre\bin\jimage.dll
Event: 0.910 Loaded shared library C:\Users\swath\.p2\pool\plugins\org.eclipse.justj.openjdk.hotspot.jre.full.win32.x86_64_21.0.10.v20260205-0638\jre\bin\net.dll
Event: 0.945 Loaded shared library C:\Users\swath\.p2\pool\plugins\org.eclipse.justj.openjdk.hotspot.jre.full.win32.x86_64_21.0.10.v20260205-0638\jre\bin\nio.dll
Event: 0.958 Loaded shared library C:\Users\swath\.p2\pool\plugins\org.eclipse.justj.openjdk.hotspot.jre.full.win32.x86_64_21.0.10.v20260205-0638\jre\bin\zip.dll
Event: 1.259 Loaded shared library C:\Users\swath\.p2\pool\plugins\org.eclipse.justj.openjdk.hotspot.jre.full.win32.x86_64_21.0.10.v20260205-0638\jre\bin\management.dll
Event: 1.405 Loaded shared library C:\Users\swath\.p2\pool\plugins\org.eclipse.justj.openjdk.hotspot.jre.full.win32.x86_64_21.0.10.v20260205-0638\jre\bin\management_ext.dll
Event: 1.974 Loaded shared library C:\Users\swath\.p2\pool\plugins\org.eclipse.justj.openjdk.hotspot.jre.full.win32.x86_64_21.0.10.v20260205-0638\jre\bin\extnet.dll
Event: 3.652 Loaded shared library C:\Users\swath\.p2\pool\plugins\org.eclipse.justj.openjdk.hotspot.jre.full.win32.x86_64_21.0.10.v20260205-0638\jre\bin\sunmscapi.dll
Event: 18.125 Loaded shared library C:\Users\swath\.p2\pool\plugins\org.eclipse.justj.openjdk.hotspot.jre.full.win32.x86_64_21.0.10.v20260205-0638\jre\bin\verify.dll

Deoptimization events (0 events):
No events

Classes loaded (20 events):
Event: 19.569 Loading class javax/management/BadBinaryOpValueExpException
Event: 19.569 Loading class javax/management/BadBinaryOpValueExpException done
Event: 19.569 Loading class javax/management/BadAttributeValueExpException
Event: 19.570 Loading class javax/management/BadAttributeValueExpException done
Event: 19.570 Loading class javax/management/InvalidApplicationException
Event: 19.570 Loading class javax/management/InvalidApplicationException done
Event: 19.570 Loading class javax/management/InstanceOfQueryExp
Event: 19.570 Loading class javax/management/InstanceOfQueryExp done
Event: 19.570 Loading class javax/management/StringValueExp
Event: 19.570 Loading class javax/management/ValueExp
Event: 19.570 Loading class javax/management/ValueExp done
Event: 19.570 Loading class javax/management/StringValueExp done
Event: 19.622 Loading class javax/management/remote/rmi/RMIConnector$Util
Event: 19.622 Loading class javax/management/remote/rmi/RMIConnector$Util done
Event: 20.148 Loading class javax/management/remote/rmi/RMIConnectionImpl$6
Event: 20.149 Loading class javax/management/remote/rmi/RMIConnectionImpl$6 done
Event: 20.149 Loading class javax/management/remote/rmi/RMIConnectionImpl$7
Event: 20.149 Loading class javax/management/remote/rmi/RMIConnectionImpl$7 done
Event: 20.149 Loading class com/sun/jmx/remote/util/OrderClassLoaders
Event: 20.151 Loading class com/sun/jmx/remote/util/OrderClassLoaders done

Classes unloaded (20 events):
Event: 2142.736 Thread 0x0000023f0b99bb00 Unloading class 0x0000023f0d0c0c00 'jdk/internal/reflect/GeneratedSerializationConstructorAccessor2'
Event: 2142.736 Thread 0x0000023f0b99bb00 Unloading class 0x0000023f0d0c0800 'jdk/internal/reflect/GeneratedSerializationConstructorAccessor1'
Event: 2142.736 Thread 0x0000023f0b99bb00 Unloading class 0x0000023f0d00b000 'java/lang/invoke/LambdaForm$DMH+0x0000023f0d00b000'
Event: 2142.736 Thread 0x0000023f0b99bb00 Unloading class 0x0000023f0d00a800 'java/lang/invoke/LambdaForm$DMH+0x0000023f0d00a800'
Event: 2142.736 Thread 0x0000023f0b99bb00 Unloading class 0x0000023f0d009c00 'java/lang/invoke/LambdaForm$MH+0x0000023f0d009c00'
Event: 2142.736 Thread 0x0000023f0b99bb00 Unloading class 0x0000023f0d009800 'java/lang/invoke/LambdaForm$DMH+0x0000023f0d009800'
Event: 2142.736 Thread 0x0000023f0b99bb00 Unloading class 0x0000023f0d009400 'java/lang/invoke/LambdaForm$DMH+0x0000023f0d009400'
Event: 2142.736 Thread 0x0000023f0b99bb00 Unloading class 0x0000023f0d008400 'java/lang/invoke/LambdaForm$MH+0x0000023f0d008400'
Event: 2142.737 Thread 0x0000023f0b99bb00 Unloading class 0x0000023f0d007800 'java/lang/invoke/LambdaForm$MH+0x0000023f0d007800'
Event: 2142.737 Thread 0x0000023f0b99bb00 Unloading class 0x0000023f0d007400 'java/lang/invoke/LambdaForm$MH+0x0000023f0d007400'
Event: 2142.737 Thread 0x0000023f0b99bb00 Unloading class 0x0000023f0d007000 'java/lang/invoke/LambdaForm$MH+0x0000023f0d007000'
Event: 2142.737 Thread 0x0000023f0b99bb00 Unloading class 0x0000023f0d006800 'java/lang/invoke/LambdaForm$MH+0x0000023f0d006800'
Event: 2142.737 Thread 0x0000023f0b99bb00 Unloading class 0x0000023f0d005c00 'java/lang/invoke/LambdaForm$MH+0x0000023f0d005c00'
Event: 2142.737 Thread 0x0000023f0b99bb00 Unloading class 0x0000023f0d004800 'java/lang/invoke/LambdaForm$MH+0x0000023f0d004800'
Event: 2142.737 Thread 0x0000023f0b99bb00 Unloading class 0x0000023f0d004400 'java/lang/invoke/LambdaForm$MH+0x0000023f0d004400'
Event: 2142.737 Thread 0x0000023f0b99bb00 Unloading class 0x0000023f0d003c00 'java/lang/invoke/LambdaForm$MH+0x0000023f0d003c00'
Event: 2142.737 Thread 0x0000023f0b99bb00 Unloading class 0x0000023f0d003000 'java/lang/invoke/LambdaForm$MH+0x0000023f0d003000'
Event: 2142.737 Thread 0x0000023f0b99bb00 Unloading class 0x0000023f0d002800 'java/lang/invoke/LambdaForm$MH+0x0000023f0d002800'
Event: 2142.737 Thread 0x0000023f0b99bb00 Unloading class 0x0000023f0d002000 'java/lang/invoke/LambdaForm$MH+0x0000023f0d002000'
Event: 2142.737 Thread 0x0000023f0b99bb00 Unloading class 0x0000023f0d001800 'java/lang/invoke/LambdaForm$MH+0x0000023f0d001800'

Classes redefined (0 events):
No events

Internal exceptions (20 events):
Event: 19.575 Thread 0x0000023f544888f0 Exception <a 'java/lang/ClassNotFoundException'{0x00000000c9d22ef8}: org/springframework/context/support/LiveBeansView> (0x00000000c9d22ef8) 
thrown [s\src\hotspot\share\classfile\systemDictionary.cpp, line 312]
Event: 19.575 Thread 0x0000023f544888f0 Exception <a 'java/lang/ClassNotFoundException'{0x00000000c9d232c0}: org/springframework/boot/actuate/endpoint/jmx/EndpointMBean> (0x00000000c9d232c0) 
thrown [s\src\hotspot\share\classfile\systemDictionary.cpp, line 312]
Event: 19.575 Thread 0x0000023f544888f0 Exception <a 'java/lang/ClassNotFoundException'{0x00000000c9d23688}: org/springframework/boot/actuate/endpoint/jmx/DataEndpointMBean> (0x00000000c9d23688) 
thrown [s\src\hotspot\share\classfile\systemDictionary.cpp, line 312]
Event: 19.575 Thread 0x0000023f544888f0 Exception <a 'java/lang/ClassNotFoundException'{0x00000000c9d23a48}: org/springframework/context/support/LiveBeansView> (0x00000000c9d23a48) 
thrown [s\src\hotspot\share\classfile\systemDictionary.cpp, line 312]
Event: 19.575 Thread 0x0000023f544888f0 Exception <a 'java/lang/ClassNotFoundException'{0x00000000c9d23e00}: org/springframework/boot/actuate/endpoint/jmx/EndpointMBean> (0x00000000c9d23e00) 
thrown [s\src\hotspot\share\classfile\systemDictionary.cpp, line 312]
Event: 19.575 Thread 0x0000023f544888f0 Exception <a 'java/lang/ClassNotFoundException'{0x00000000c9d241b8}: org/springframework/boot/actuate/endpoint/jmx/DataEndpointMBean> (0x00000000c9d241b8) 
thrown [s\src\hotspot\share\classfile\systemDictionary.cpp, line 312]
Event: 19.575 Thread 0x0000023f544888f0 Exception <a 'java/lang/ClassNotFoundException'{0x00000000c9d24568}: org/springframework/context/support/LiveBeansView> (0x00000000c9d24568) 
thrown [s\src\hotspot\share\classfile\systemDictionary.cpp, line 312]
Event: 19.599 Thread 0x0000023f544888f0 Exception <a 'java/lang/ClassNotFoundException'{0x00000000c9a4df10}: org/springframework/boot/actuate/endpoint/jmx/EndpointMBean> (0x00000000c9a4df10) 
thrown [s\src\hotspot\share\classfile\systemDictionary.cpp, line 312]
Event: 19.609 Thread 0x0000023f544888f0 Exception <a 'java/lang/ClassNotFoundException'{0x00000000c9773a90}: org/springframework/boot/actuate/endpoint/jmx/DataEndpointMBean> (0x00000000c9773a90) 
thrown [s\src\hotspot\share\classfile\systemDictionary.cpp, line 312]
Event: 19.619 Thread 0x0000023f544888f0 Exception <a 'java/lang/ClassNotFoundException'{0x00000000c94966d8}: org/springframework/context/support/LiveBeansView> (0x00000000c94966d8) 
thrown [s\src\hotspot\share\classfile\systemDictionary.cpp, line 312]
Event: 19.620 Thread 0x0000023f544888f0 Exception <a 'java/lang/ClassNotFoundException'{0x00000000c94a5708}: org/springframework/boot/actuate/endpoint/jmx/EndpointMBean> (0x00000000c94a5708) 
thrown [s\src\hotspot\share\classfile\systemDictionary.cpp, line 312]
Event: 19.620 Thread 0x0000023f544888f0 Exception <a 'java/lang/ClassNotFoundException'{0x00000000c94a5ac8}: org/springframework/boot/actuate/endpoint/jmx/DataEndpointMBean> (0x00000000c94a5ac8) 
thrown [s\src\hotspot\share\classfile\systemDictionary.cpp, line 312]
Event: 19.620 Thread 0x0000023f544888f0 Exception <a 'java/lang/ClassNotFoundException'{0x00000000c94a5e80}: org/springframework/context/support/LiveBeansView> (0x00000000c94a5e80) 
thrown [s\src\hotspot\share\classfile\systemDictionary.cpp, line 312]
Event: 19.622 Thread 0x0000023f544888f0 Exception <a 'java/lang/ClassNotFoundException'{0x00000000c94a6240}: org/springframework/boot/actuate/endpoint/jmx/EndpointMBean> (0x00000000c94a6240) 
thrown [s\src\hotspot\share\classfile\systemDictionary.cpp, line 312]
Event: 19.622 Thread 0x0000023f544888f0 Exception <a 'java/lang/ClassNotFoundException'{0x00000000c94a6600}: org/springframework/boot/actuate/endpoint/jmx/DataEndpointMBean> (0x00000000c94a6600) 
thrown [s\src\hotspot\share\classfile\systemDictionary.cpp, line 312]
Event: 19.622 Thread 0x0000023f544888f0 Exception <a 'java/lang/ClassNotFoundException'{0x00000000c94a69b8}: org/springframework/context/support/LiveBeansView> (0x00000000c94a69b8) 
thrown [s\src\hotspot\share\classfile\systemDictionary.cpp, line 312]
Event: 20.146 Thread 0x0000023f544888f0 Exception <a 'java/lang/NoSuchMethodError'{0x00000000c94b24c0}: 'java.lang.Object java.lang.invoke.DirectMethodHandle$Holder.invokeInterface(java.lang.Object, java.lang.Object, java.lang.Object, java.lang.Object, java.lang.Object, java.lang.Object, java.lang.Object)'> (0x00000000c94b24c0) 
thrown [s\src\hotspot\share\interpreter\linkResolver.cpp, line 773]
Event: 20.156 Thread 0x0000023f544888f0 Exception <a 'java/lang/NoSuchMethodError'{0x00000000c9317558}: 'java.lang.Object java.lang.invoke.DirectMethodHandle$Holder.newInvokeSpecial(java.lang.Object, java.lang.Object, java.lang.Object, java.lang.Object, int)'> (0x00000000c9317558) 
thrown [s\src\hotspot\share\interpreter\linkResolver.cpp, line 773]
Event: 20.156 Thread 0x0000023f544888f0 Exception <a 'java/lang/NoSuchMethodError'{0x00000000c931b598}: 'java.lang.Object java.lang.invoke.DirectMethodHandle$Holder.invokeSpecial(java.lang.Object, java.lang.Object, java.lang.Object, java.lang.Object, java.lang.Object, int)'> (0x00000000c931b598) 
thrown [s\src\hotspot\share\interpreter\linkResolver.cpp, line 773]
Event: 20.156 Thread 0x0000023f544888f0 Exception <a 'java/lang/NoSuchMethodError'{0x00000000c931ee28}: 'java.lang.Object java.lang.invoke.Invokers$Holder.linkToTargetMethod(java.lang.Object, java.lang.Object, java.lang.Object, int, java.lang.Object)'> (0x00000000c931ee28) 
thrown [s\src\hotspot\share\interpreter\linkResolver.cpp, line 773]

ZGC Phase Switch (0 events):
No events

VM Operations (20 events):
Event: 1501.215 Executing safepoint VM operation: Cleanup done
Event: 1592.282 Executing safepoint VM operation: Cleanup
Event: 1592.291 Executing safepoint VM operation: Cleanup done
Event: 1617.300 Executing safepoint VM operation: Cleanup
Event: 1617.302 Executing safepoint VM operation: Cleanup done
Event: 1653.338 Executing safepoint VM operation: Cleanup
Event: 1653.339 Executing safepoint VM operation: Cleanup done
Event: 1683.352 Executing safepoint VM operation: Cleanup
Event: 1683.356 Executing safepoint VM operation: Cleanup done
Event: 1955.629 Executing safepoint VM operation: Cleanup
Event: 1955.638 Executing safepoint VM operation: Cleanup done
Event: 1985.803 Executing safepoint VM operation: Cleanup
Event: 1985.804 Executing safepoint VM operation: Cleanup done
Event: 2018.842 Executing safepoint VM operation: Cleanup
Event: 2018.850 Executing safepoint VM operation: Cleanup done
Event: 2019.850 Executing safepoint VM operation: Cleanup
Event: 2019.850 Executing safepoint VM operation: Cleanup done
Event: 2142.207 Executing safepoint VM operation: G1CollectForAllocation (G1 Evacuation Pause)
Event: 2142.362 Executing safepoint VM operation: G1CollectForAllocation (G1 Evacuation Pause) done
Event: 2142.702 Executing safepoint VM operation: G1PauseRemark

Memory protections (0 events):
No events

Nmethod flushes (20 events):
Event: 2143.492 Thread 0x0000023f0b99bb00 flushing  nmethod 0x0000023f052ec510
Event: 2143.492 Thread 0x0000023f0b99bb00 flushing  nmethod 0x0000023f052ed390
Event: 2143.492 Thread 0x0000023f0b99bb00 flushing  nmethod 0x0000023f052ed690
Event: 2143.492 Thread 0x0000023f0b99bb00 flushing  nmethod 0x0000023f052ee490
Event: 2143.492 Thread 0x0000023f0b99bb00 flushing  nmethod 0x0000023f052ee790
Event: 2143.492 Thread 0x0000023f0b99bb00 flushing  nmethod 0x0000023f052ef590
Event: 2143.492 Thread 0x0000023f0b99bb00 flushing  nmethod 0x0000023f052f0f90
Event: 2143.492 Thread 0x0000023f0b99bb00 flushing  nmethod 0x0000023f052f2110
Event: 2143.492 Thread 0x0000023f0b99bb00 flushing  nmethod 0x0000023f052f2790
Event: 2143.492 Thread 0x0000023f0b99bb00 flushing  nmethod 0x0000023f052f2b90
Event: 2143.492 Thread 0x0000023f0b99bb00 flushing  nmethod 0x0000023f052f3810
Event: 2143.492 Thread 0x0000023f0b99bb00 flushing  nmethod 0x0000023f052f4790
Event: 2143.492 Thread 0x0000023f0b99bb00 flushing  nmethod 0x0000023f052f4b10
Event: 2143.492 Thread 0x0000023f0b99bb00 flushing  nmethod 0x0000023f052f6490
Event: 2143.492 Thread 0x0000023f0b99bb00 flushing  nmethod 0x0000023f054bb810
Event: 2143.492 Thread 0x0000023f0b99bb00 flushing  nmethod 0x0000023f05500990
Event: 2143.492 Thread 0x0000023f0b99bb00 flushing  nmethod 0x0000023f05565490
Event: 2143.493 Thread 0x0000023f0b99bb00 flushing  nmethod 0x0000023f0562b390
Event: 2143.493 Thread 0x0000023f0b99bb00 flushing  nmethod 0x0000023f0585f810
Event: 2143.493 Thread 0x0000023f0b99bb00 flushing  nmethod 0x0000023f058af090

Events (20 events):
Event: 1522.146 Thread 0x0000023f51565cd0 Thread added: 0x0000023f590a94a0
Event: 1528.272 Thread 0x0000023f51b9bb40 Thread added: 0x0000023f590acfb0
Event: 1528.465 Thread 0x0000023f590acfb0 Thread added: 0x0000023f590ad640
Event: 1533.487 Thread 0x0000023f590acfb0 Thread exited: 0x0000023f590acfb0
Event: 1534.659 Thread 0x0000023f590ad640 Thread exited: 0x0000023f590ad640
Event: 1592.755 Thread 0x0000023f590a8e10 Thread exited: 0x0000023f590a8e10
Event: 1616.666 Thread 0x0000023f51b9bb40 Thread added: 0x0000023f590abc00
Event: 1616.802 Thread 0x0000023f590abc00 Thread added: 0x0000023f590ac290
Event: 1621.808 Thread 0x0000023f590abc00 Thread exited: 0x0000023f590abc00
Event: 1622.329 Thread 0x0000023f590ac290 Thread exited: 0x0000023f590ac290
Event: 1653.318 Thread 0x0000023f0b9f2ea0 Thread added: 0x0000023f51480a10
Event: 1653.337 Thread 0x0000023f51480a10 Thread added: 0x0000023f0ba7cfa0
Event: 1653.338 Thread 0x0000023f51480a10 Thread added: 0x0000023f0ba7d650
Event: 1658.351 Thread 0x0000023f0ba7d650 Thread exited: 0x0000023f0ba7d650
Event: 1663.351 Thread 0x0000023f0ba7cfa0 Thread exited: 0x0000023f0ba7cfa0
Event: 1663.362 Thread 0x0000023f51480a10 Thread exited: 0x0000023f51480a10
Event: 1675.109 Thread 0x0000023f51b9bb40 Thread added: 0x0000023f590aa1c0
Event: 1675.144 Thread 0x0000023f590aa1c0 Thread added: 0x0000023f590aa850
Event: 1680.149 Thread 0x0000023f590aa1c0 Thread exited: 0x0000023f590aa1c0
Event: 1680.412 Thread 0x0000023f590aa850 Thread exited: 0x0000023f590aa850


Dynamic libraries:
0x00007ff752bc0000 - 0x00007ff752bce000 	C:\Users\swath\.p2\pool\plugins\org.eclipse.justj.openjdk.hotspot.jre.full.win32.x86_64_21.0.10.v20260205-0638\jre\bin\javaw.exe
0x00007ffe7ed00000 - 0x00007ffe7ef66000 	C:\WINDOWS\SYSTEM32\ntdll.dll
0x00007ffe7e1c0000 - 0x00007ffe7e289000 	C:\WINDOWS\System32\KERNEL32.DLL
0x00007ffe7bfb0000 - 0x00007ffe7c3ae000 	C:\WINDOWS\System32\KERNELBASE.dll
0x00007ffe7c7e0000 - 0x00007ffe7c92c000 	C:\WINDOWS\System32\ucrtbase.dll
0x00007ffe2aee0000 - 0x00007ffe2aef8000 	C:\Users\swath\.p2\pool\plugins\org.eclipse.justj.openjdk.hotspot.jre.full.win32.x86_64_21.0.10.v20260205-0638\jre\bin\jli.dll
0x00007ffe4eeb0000 - 0x00007ffe4eece000 	C:\Users\swath\.p2\pool\plugins\org.eclipse.justj.openjdk.hotspot.jre.full.win32.x86_64_21.0.10.v20260205-0638\jre\bin\VCRUNTIME140.dll
0x00007ffe7caf0000 - 0x00007ffe7ccb7000 	C:\WINDOWS\System32\USER32.dll
0x00007ffe7c940000 - 0x00007ffe7c967000 	C:\WINDOWS\System32\win32u.dll
0x00007ffe7d720000 - 0x00007ffe7d74b000 	C:\WINDOWS\System32\GDI32.dll
0x00007ffe7c530000 - 0x00007ffe7c65a000 	C:\WINDOWS\System32\gdi32full.dll
0x00007ffe7c480000 - 0x00007ffe7c523000 	C:\WINDOWS\System32\msvcp_win.dll
0x00007ffe57db0000 - 0x00007ffe58042000 	C:\WINDOWS\WinSxS\amd64_microsoft.windows.common-controls_6595b64144ccf1df_6.0.26100.8875_none_3e0d5d42e32fe9dd\COMCTL32.dll
0x00007ffe7ccc0000 - 0x00007ffe7cd69000 	C:\WINDOWS\System32\msvcrt.dll
0x00007ffe7d100000 - 0x00007ffe7d132000 	C:\WINDOWS\System32\IMM32.DLL
0x00007ffe4b750000 - 0x00007ffe4b75c000 	C:\Users\swath\.p2\pool\plugins\org.eclipse.justj.openjdk.hotspot.jre.full.win32.x86_64_21.0.10.v20260205-0638\jre\bin\vcruntime140_1.dll
0x00007ffdbbe00000 - 0x00007ffdbbe8d000 	C:\Users\swath\.p2\pool\plugins\org.eclipse.justj.openjdk.hotspot.jre.full.win32.x86_64_21.0.10.v20260205-0638\jre\bin\msvcp140.dll
0x00007ffd82d00000 - 0x00007ffd83aa1000 	C:\Users\swath\.p2\pool\plugins\org.eclipse.justj.openjdk.hotspot.jre.full.win32.x86_64_21.0.10.v20260205-0638\jre\bin\server\jvm.dll
0x00007ffe7ea60000 - 0x00007ffe7eb17000 	C:\WINDOWS\System32\ADVAPI32.dll
0x00007ffe7d770000 - 0x00007ffe7d81a000 	C:\WINDOWS\System32\sechost.dll
0x00007ffe7d830000 - 0x00007ffe7d948000 	C:\WINDOWS\System32\RPCRT4.dll
0x00007ffe7e130000 - 0x00007ffe7e1b0000 	C:\WINDOWS\System32\WS2_32.dll
0x00007ffe7bd80000 - 0x00007ffe7bdde000 	C:\WINDOWS\SYSTEM32\POWRPROF.dll
0x00007ffe716b0000 - 0x00007ffe716e6000 	C:\WINDOWS\SYSTEM32\WINMM.dll
0x00007ffe689d0000 - 0x00007ffe689db000 	C:\WINDOWS\SYSTEM32\VERSION.dll
0x00007ffe7bd60000 - 0x00007ffe7bd74000 	C:\WINDOWS\SYSTEM32\UMPDC.dll
0x00007ffe7ac00000 - 0x00007ffe7ac1b000 	C:\WINDOWS\SYSTEM32\kernel.appcore.dll
0x00007ffe75f10000 - 0x00007ffe75f1a000 	C:\Users\swath\.p2\pool\plugins\org.eclipse.justj.openjdk.hotspot.jre.full.win32.x86_64_21.0.10.v20260205-0638\jre\bin\jimage.dll
0x00007ffe79470000 - 0x00007ffe796b2000 	C:\WINDOWS\SYSTEM32\DBGHELP.DLL
0x00007ffe7cd70000 - 0x00007ffe7d0f3000 	C:\WINDOWS\System32\combase.dll
0x00007ffe7dee0000 - 0x00007ffe7dfb9000 	C:\WINDOWS\System32\OLEAUT32.dll
0x00007ffe55e70000 - 0x00007ffe55eab000 	C:\WINDOWS\SYSTEM32\dbgcore.DLL
0x00007ffe7c3c0000 - 0x00007ffe7c46c000 	C:\WINDOWS\System32\bcryptPrimitives.dll
0x00007ffe520e0000 - 0x00007ffe52100000 	C:\Users\swath\.p2\pool\plugins\org.eclipse.justj.openjdk.hotspot.jre.full.win32.x86_64_21.0.10.v20260205-0638\jre\bin\java.dll
0x00007ffe7e2c0000 - 0x00007ffe7ea52000 	C:\WINDOWS\System32\SHELL32.dll
0x00007ffe79990000 - 0x00007ffe7a222000 	C:\WINDOWS\SYSTEM32\windows.storage.dll
0x00007ffe7d950000 - 0x00007ffe7da47000 	C:\WINDOWS\System32\SHCORE.dll
0x00007ffe7d1a0000 - 0x00007ffe7d207000 	C:\WINDOWS\System32\shlwapi.dll
0x00007ffe7be40000 - 0x00007ffe7be69000 	C:\WINDOWS\SYSTEM32\profapi.dll
0x00007ffe2aec0000 - 0x00007ffe2aed8000 	C:\Users\swath\.p2\pool\plugins\org.eclipse.justj.openjdk.hotspot.jre.full.win32.x86_64_21.0.10.v20260205-0638\jre\bin\zip.dll
0x00007ffe655b0000 - 0x00007ffe655c0000 	C:\Users\swath\.p2\pool\plugins\org.eclipse.justj.openjdk.hotspot.jre.full.win32.x86_64_21.0.10.v20260205-0638\jre\bin\net.dll
0x00007ffe72500000 - 0x00007ffe72627000 	C:\WINDOWS\SYSTEM32\WINHTTP.dll
0x00007ffe7b1b0000 - 0x00007ffe7b21c000 	C:\WINDOWS\system32\mswsock.dll
0x00007ffe09b80000 - 0x00007ffe09b96000 	C:\Users\swath\.p2\pool\plugins\org.eclipse.justj.openjdk.hotspot.jre.full.win32.x86_64_21.0.10.v20260205-0638\jre\bin\nio.dll
0x00007ffe48350000 - 0x00007ffe4835a000 	C:\Users\swath\.p2\pool\plugins\org.eclipse.justj.openjdk.hotspot.jre.full.win32.x86_64_21.0.10.v20260205-0638\jre\bin\management.dll
0x00007ffe48340000 - 0x00007ffe4834c000 	C:\Users\swath\.p2\pool\plugins\org.eclipse.justj.openjdk.hotspot.jre.full.win32.x86_64_21.0.10.v20260205-0638\jre\bin\management_ext.dll
0x00007ffe7eb20000 - 0x00007ffe7eb28000 	C:\WINDOWS\System32\PSAPI.DLL
0x00007ffe49e50000 - 0x00007ffe49e68000 	C:\WINDOWS\system32\napinsp.dll
0x00007ffe7a6a0000 - 0x00007ffe7a7f6000 	C:\WINDOWS\SYSTEM32\DNSAPI.dll
0x00007ffe7af40000 - 0x00007ffe7af4d000 	C:\WINDOWS\SYSTEM32\DSPARSE.dll
0x00007ffe7a5e0000 - 0x00007ffe7a613000 	C:\WINDOWS\SYSTEM32\IPHLPAPI.DLL
0x00007ffe7d820000 - 0x00007ffe7d82a000 	C:\WINDOWS\System32\NSI.dll
0x00007ffe49e30000 - 0x00007ffe49e43000 	C:\WINDOWS\System32\winrnr.dll
0x00007ffe49e10000 - 0x00007ffe49e26000 	C:\WINDOWS\system32\wshbth.dll
0x00007ffe49de0000 - 0x00007ffe49e02000 	C:\WINDOWS\system32\nlansp_c.dll
0x00007ffe716a0000 - 0x00007ffe716ab000 	C:\Windows\System32\rasadhlp.dll
0x00007ffe73210000 - 0x00007ffe73296000 	C:\WINDOWS\System32\fwpuclnt.dll
0x00007ffe7b4b0000 - 0x00007ffe7b4cb000 	C:\WINDOWS\SYSTEM32\CRYPTSP.dll
0x00007ffe7ab60000 - 0x00007ffe7ab99000 	C:\WINDOWS\system32\rsaenh.dll
0x00007ffe7b270000 - 0x00007ffe7b2a2000 	C:\WINDOWS\SYSTEM32\USERENV.dll
0x00007ffe7be10000 - 0x00007ffe7be3a000 	C:\WINDOWS\SYSTEM32\bcrypt.dll
0x00007ffe7b4d0000 - 0x00007ffe7b4dc000 	C:\WINDOWS\SYSTEM32\CRYPTBASE.dll
0x00007ffe482a0000 - 0x00007ffe482a9000 	C:\Users\swath\.p2\pool\plugins\org.eclipse.justj.openjdk.hotspot.jre.full.win32.x86_64_21.0.10.v20260205-0638\jre\bin\extnet.dll
0x00007ffe58a40000 - 0x00007ffe58a4e000 	C:\Users\swath\.p2\pool\plugins\org.eclipse.justj.openjdk.hotspot.jre.full.win32.x86_64_21.0.10.v20260205-0638\jre\bin\sunmscapi.dll
0x00007ffe7c660000 - 0x00007ffe7c7d8000 	C:\WINDOWS\System32\CRYPT32.dll
0x00007ffe7b6f0000 - 0x00007ffe7b720000 	C:\WINDOWS\SYSTEM32\ncrypt.dll
0x00007ffe7b6a0000 - 0x00007ffe7b6df000 	C:\WINDOWS\SYSTEM32\NTASN1.dll
0x00007ffe617b0000 - 0x00007ffe617c0000 	C:\Users\swath\.p2\pool\plugins\org.eclipse.justj.openjdk.hotspot.jre.full.win32.x86_64_21.0.10.v20260205-0638\jre\bin\verify.dll
0x00007ffe47c50000 - 0x00007ffe47c58000 	C:\WINDOWS\system32\wshunix.dll

JVMTI agents: none

dbghelp: loaded successfully - version: 4.0.5 - missing functions: none
symbol engine: initialized successfully - sym options: 0x614 - pdb path: .;C:\Users\swath\.p2\pool\plugins\org.eclipse.justj.openjdk.hotspot.jre.full.win32.x86_64_21.0.10.v20260205-0638\jre\bin;C:\WINDOWS\SYSTEM32;C:\WINDOWS\WinSxS\amd64_microsoft.windows.common-controls_6595b64144ccf1df_6.0.26100.8875_none_3e0d5d42e32fe9dd;C:\Users\swath\.p2\pool\plugins\org.eclipse.justj.openjdk.hotspot.jre.full.win32.x86_64_21.0.10.v20260205-0638\jre\bin\server

VM Arguments:
jvm_args: -Dcom.sun.management.jmxremote -Dcom.sun.management.jmxremote.port=61792 -Dcom.sun.management.jmxremote.authenticate=false -Dcom.sun.management.jmxremote.ssl=false -Djava.rmi.server.hostname=localhost -Dspring.jmx.enabled=true -Dmanagement.endpoints.jmx.exposure.include=* -Dspring.application.admin.enabled=true -Dspring.output.ansi.enabled=always -XX:TieredStopAtLevel=1 -Dspring.boot.project.name=developer-service -Dfile.encoding=UTF-8 -Dstdout.encoding=UTF-8 -Dstderr.encoding=UTF-8 -XX:+ShowCodeDetailsInExceptionMessages 
java_command: com.portal.developer.DeveloperServiceApplication
java_class_path (initial): C:\Users\swath\Downloads\developer-service\developer-service\target\classes;C:\Users\swath\.m2\repository\org\springframework\boot\spring-boot-starter-web\4.0.7\spring-boot-starter-web-4.0.7.jar;C:\Users\swath\.m2\repository\org\springframework\boot\spring-boot-starter-jackson\4.0.7\spring-boot-starter-jackson-4.0.7.jar;C:\Users\swath\.m2\repository\org\springframework\boot\spring-boot-jackson\4.0.7\spring-boot-jackson-4.0.7.jar;C:\Users\swath\.m2\repository\tools\jackson\core\jackson-databind\3.1.4\jackson-databind-3.1.4.jar;C:\Users\swath\.m2\repository\tools\jackson\core\jackson-core\3.1.4\jackson-core-3.1.4.jar;C:\Users\swath\.m2\repository\org\springframework\boot\spring-boot-starter-tomcat\4.0.7\spring-boot-starter-tomcat-4.0.7.jar;C:\Users\swath\.m2\repository\org\springframework\boot\spring-boot-starter-tomcat-runtime\4.0.7\spring-boot-starter-tomcat-runtime-4.0.7.jar;C:\Users\swath\.m2\repository\org\apache\tomcat\embed\tomcat-embed-core\11.0.22\tomcat-embed-core-11.0.22.jar;C:\Users\swath\.m2\repository\org\apache\tomcat\embed\tomcat-embed-websocket\11.0.22\tomcat-embed-websocket-11.0.22.jar;C:\Users\swath\.m2\repository\org\springframework\boot\spring-boot-tomcat\4.0.7\spring-boot-tomcat-4.0.7.jar;C:\Users\swath\.m2\repository\org\springframework\boot\spring-boot-http-converter\4.0.7\spring-boot-http-converter-4.0.7.jar;C:\Users\swath\.m2\repository\org\springframework\boot\spring-boot\4.0.7\spring-boot-4.0.7.jar;C:\Users\swath\.m2\repository\org\springframework\spring-context\7.0.8\spring-context-7.0.8.jar;C:\Users\swath\.m2\repository\org\springframework\boot\spring-boot-webmvc\4.0.7\spring-boot-webmvc-4.0.7.jar;C:\Users\swath\.m2\repository\org\springframework\boot\spring-boot-servlet\4.0.7\spring-boot-servlet-4.0.7.jar;C:\Users\swath\.m2\repository\org\springframework\spring-webmvc\7.0.8\spring-webmvc-7.0.8.jar;C:\Users\swath\.m2\repository\org\springframework\spring-expression\7.0.8\spring-expression-7.0.8.jar;C:\Users\swath\.m2\repository\org\springframework\boot\spring-boot-starter-data-jpa\4.0.7\spring-boot-starter-data-jpa-4.0.7.jar;C:\Users\swath\.m2\repository\org\springframework\boot\spring-boot-starter\4.0.7\spring-boot-starter-4.0.7.jar;C:\Users\swath\.m2\repository\org\springframework\boot\spring-boot-starter-logging\4.0.7\spring-boot-starter-logging-4.0.7.jar;C:\Users\swath\.m2\repository\ch\qos\logback\logback-classic\1.5.34\logback-classic-1.5.34.jar;C:\Users\swath\.m2\repository\ch\qos\logback\logback-core\1.5.34\logback-core-1.5.34.jar;C:\Users\swath\.m2\repository\org\apache\logging\log4j\log4j-to-slf4j\2.25.4\log4j-to-slf4j-2.25.4.jar;C:\Users\swath\.m2\repository\org\apache\logging\log4j\log4j-api\2.25.4\log4j-api-2.25.4.jar;C:\Users\swath\.m2\repository\org\slf4j\jul-to-slf4j\2.0.18\jul-to-slf4j-2.0.18.jar;C:\Users\swath\.m2\repository\org\springframework\boot\spring-boot-autoconfigure\4.0.7\spring-boot-autoconfigure-4.0.7.jar;C:\Users\swath\.m2\repository\jakarta\annotation\jakarta.annotation-api\3.0.0\jakarta.annotation-api-3.0.0.jar;C:\Users\swath\.m2\repository\org\yaml\snakeyaml\2.5\snakeyaml-2.5.jar;C:\Users\swath\.m2\repository\org\springframework\boot\spring-boot-starter-jdbc\4.0.7\spring-boot-starter-jdbc-4.0.7.jar;C:\Users\swath\.m2\repository\com\zaxxer\HikariCP\7.0.2\HikariCP-7.0.2.jar;C:\Users\swath\.m2\repository\org\springframework\boot\spring-boot-data-jpa\4.0.7\spring-boot-data-jpa-4.0.7.jar;C:\Users\swath\.m2\repository\org\springframework\boot\spring-boot-data-commons\4.0.7\spring-boot-data-commons-4.0.7.jar;C:\Users\swath\.m2\repository\org\springframework\boot\spring-boot-persistence\4.0.7\spring-boot-persistence-4.0.7.jar;C:\Users\swath\.m2\repository\org\springframework\data\spring-data-commons\4.0.6\spring-data-commons-4.0.6.jar;C:\Users\swath\.m2\repository\org\springframework\boot\spring-boot-hibernate\4.0.7\spring-boot-hibernate-4.0.7.jar;C:\Users\swath\.m2\repository\org\springframework\boot\spring-boot-jpa\4.0.7\spring-boot-jpa-4.0.7.jar;C:\Users\swath\.m2\repository\jakarta\persistence\jakarta.persistence-api\3.2.0\jakarta.persistence-api-3.2.0.jar;C:\Users\swath\.m2\repository\org\hibernate\orm\hibernate-core\7.2.19.Final\hibernate-core-7.2.19.Final.jar;C:\Users\swath\.m2\repository\jakarta\transaction\jakarta.transaction-api\2.0.1\jakarta.transaction-api-2.0.1.jar;C:\Users\swath\.m2\repository\org\hibernate\models\hibernate-models\1.0.1\hibernate-models-1.0.1.jar;C:\Users\swath\.m2\repository\org\glassfish\jaxb\jaxb-runtime\4.0.9\jaxb-runtime-4.0.9.jar;C:\Users\swath\.m2\repository\org\glassfish\jaxb\jaxb-core\4.0.9\jaxb-core-4.0.9.jar;C:\Users\swath\.m2\repository\org\eclipse\angus\angus-activation\2.0.3\angus-activation-2.0.3.jar;C:\Users\swath\.m2\repository\org\glassfish\jaxb\txw2\4.0.9\txw2-4.0.9.jar;C:\Users\swath\.m2\repository\com\sun\istack\istack-commons-runtime\4.1.2\istack-commons-runtime-4.1.2.jar;C:\Users\swath\.m2\repository\org\springframework\spring-orm\7.0.8\spring-orm-7.0.8.jar;C:\Users\swath\.m2\repository\org\springframework\data\spring-data-jpa\4.0.6\spring-data-jpa-4.0.6.jar;C:\Users\swath\.m2\repository\org\springframework\spring-tx\7.0.8\spring-tx-7.0.8.jar;C:\Users\swath\.m2\repository\org\antlr\antlr4-runtime\4.13.2\antlr4-runtime-4.13.2.jar;C:\Users\swath\.m2\repository\org\springframework\spring-aspects\7.0.8\spring-aspects-7.0.8.jar;C:\Users\swath\.m2\repository\org\aspectj\aspectjweaver\1.9.25.1\aspectjweaver-1.9.25.1.jar;C:\Users\swath\.m2\repository\org\springframework\boot\spring-boot-jdbc\4.0.7\spring-boot-jdbc-4.0.7.jar;C:\Users\swath\.m2\repository\org\springframework\boot\spring-boot-sql\4.0.7\spring-boot-sql-4.0.7.jar;C:\Users\swath\.m2\repository\org\springframework\boot\spring-boot-transaction\4.0.7\spring-boot-transaction-4.0.7.jar;C:\Users\swath\.m2\repository\org\springframework\spring-jdbc\7.0.8\spring-jdbc-7.0.8.jar;C:\Users\swath\.m2\repository\org\postgresql\postgresql\42.7.11\postgresql-42.7.11.jar;C:\Users\swath\.m2\repository\org\springframework\boot\spring-boot-starter-validation\4.0.7\spring-boot-starter-validation-4.0.7.jar;C:\Users\swath\.m2\repository\org\springframework\boot\spring-boot-validation\4.0.7\spring-boot-validation-4.0.7.jar;C:\Users\swath\.m2\repository\org\apache\tomcat\embed\tomcat-embed-el\11.0.22\tomcat-embed-el-11.0.22.jar;C:\Users\swath\.m2\repository\org\hibernate\validator\hibernate-validator\9.0.1.Final\hibernate-validator-9.0.1.Final.jar;C:\Users\swath\.m2\repository\jakarta\validation\jakarta.validation-api\3.1.1\jakarta.validation-api-3.1.1.jar;C:\Users\swath\.m2\repository\org\jboss\logging\jboss-logging\3.6.3.Final\jboss-logging-3.6.3.Final.jar;C:\Users\swath\.m2\repository\com\fasterxml\classmate\1.7.3\classmate-1.7.3.jar;C:\Users\swath\.m2\repository\org\springframework\boot\spring-boot-starter-security\4.0.7\spring-boot-starter-security-4.0.7.jar;C:\Users\swath\.m2\repository\org\springframework\boot\spring-boot-security\4.0.7\spring-boot-security-4.0.7.jar;C:\Users\swath\.m2\repository\org\springframework\security\spring-security-config\7.0.6\spring-security-config-7.0.6.jar;C:\Users\swath\.m2\repository\org\springframework\security\spring-security-core\7.0.6\spring-security-core-7.0.6.jar;C:\Users\swath\.m2\repository\org\springframework\security\spring-security-web\7.0.6\spring-security-web-7.0.6.jar;C:\Users\swath\.m2\repository\org\springframework\spring-aop\7.0.8\spring-aop-7.0.8.jar;C:\Users\swath\.m2\repository\org\springframework\spring-beans\7.0.8\spring-beans-7.0.8.jar;C:\Users\swath\.m2\repository\org\springframework\cloud\spring-cloud-starter-netflix-eureka-client\5.0.2\spring-cloud-starter-netflix-eureka-client-5.0.2.jar;C:\Users\swath\.m2\repository\org\springframework\cloud\spring-cloud-starter\5.0.2\spring-cloud-starter-5.0.2.jar;C:\Users\swath\.m2\repository\org\springframework\cloud\spring-cloud-context\5.0.2\spring-cloud-context-5.0.2.jar;C:\Users\swath\.m2\repository\org\bouncycastle\bcprov-jdk18on\1.81.1\bcprov-jdk18on-1.81.1.jar;C:\Users\swath\.m2\repository\org\springframework\cloud\spring-cloud-netflix-eureka-client\5.0.2\spring-cloud-netflix-eureka-client-5.0.2.jar;C:\Users\swath\.m2\repository\org\springframework\boot\spring-boot-jackson2\4.0.7\spring-boot-jackson2-4.0.7.jar;C:\Users\swath\.m2\repository\com\fasterxml\jackson\datatype\jackson-datatype-jdk8\2.21.4\jackson-datatype-jdk8-2.21.4.jar;C:\Users\swath\.m2\repository\com\fasterxml\jackson\datatype\jackson-datatype-jsr310\2.21.4\jackson-datatype-jsr310-2.21.4.jar;C:\Users\swath\.m2\repository\com\fasterxml\jackson\module\jackson-module-parameter-names\2.21.4\jackson-module-parameter-names-2.21.4.jar;C:\Users\swath\.m2\repository\org\apache\httpcomponents\client5\httpclient5\5.5.2\httpclient5-5.5.2.jar;C:\Users\swath\.m2\repository\org\apache\httpcomponents\core5\httpcore5\5.3.6\httpcore5-5.3.6.jar;C:\Users\swath\.m2\repository\org\apache\httpcomponents\core5\httpcore5-h2\5.3.6\httpcore5-h2-5.3.6.jar;C:\Users\swath\.m2\repository\com\netflix\eureka\eureka-client\2.0.6\eureka-client-2.0.6.jar;C:\Users\swath\.m2\repository\com\thoughtworks\xstream\xstream\1.4.21\xstream-1.4.21.jar;C:\Users\swath\.m2\repository\io\github\x-stream\mxparser\1.2.2\mxparser-1.2.2.jar;C:\Users\swath\.m2\repository\xmlpull\xmlpull\1.1.3.1\xmlpull-1.1.3.1.jar;C:\Users\swath\.m2\repository\jakarta\ws\rs\jakarta.ws.rs-api\4.0.0\jakarta.ws.rs-api-4.0.0.jar;C:\Users\swath\.m2\repository\jakarta\inject\jakarta.inject-api\2.0.1\jakarta.inject-api-2.0.1.jar;C:\Users\swath\.m2\repository\com\netflix\spectator\spectator-api\1.7.3\spectator-api-1.7.3.jar;C:\Users\swath\.m2\repository\org\slf4j\slf4j-api\2.0.18\slf4j-api-2.0.18.jar;C:\Users\swath\.m2\repository\org\apache\httpcomponents\httpclient\4.5.3\httpclient-4.5.3.jar;C:\Users\swath\.m2\repository\org\apache\httpcomponents\httpcore\4.4.16\httpcore-4.4.16.jar;C:\Users\swath\.m2\repository\commons-codec\commons-codec\1.19.0\commons-codec-1.19.0.jar;C:\Users\swath\.m2\repository\com\fasterxml\jackson\core\jackson-annotations\2.21\jackson-annotations-2.21.jar;C:\Users\swath\.m2\repository\com\fasterxml\jackson\core\jackson-core\2.21.4\jackson-core-2.21.4.jar;C:\Users\swath\.m2\repository\com\netflix\netflix-commons\netflix-eventbus\0.3.0\netflix-eventbus-0.3.0.jar;C:\Users\swath\.m2\repository\com\netflix\netflix-commons\netflix-infix\0.3.0\netflix-infix-0.3.0.jar;C:\Users\swath\.m2\repository\commons-jxpath\commons-jxpath\1.3\commons-jxpath-1.3.jar;C:\Users\swath\.m2\repository\joda-time\joda-time\2.3\joda-time-2.3.jar;C:\Users\swath\.m2\repository\org\antlr\antlr-runtime\3.4\antlr-runtime-3.4.jar;C:\Users\swath\.m2\repository\org\antlr\stringtemplate\3.2.1\stringtemplate-3.2.1.jar;C:\Users\swath\.m2\repository\antlr\antlr\2.7.7\antlr-2.7.7.jar;C:\Users\swath\.m2\repository\com\google\code\gson\gson\2.13.2\gson-2.13.2.jar;C:\Users\swath\.m2\repository\com\google\errorprone\error_prone_annotations\2.41.0\error_prone_annotations-2.41.0.jar;C:\Users\swath\.m2\repository\com\netflix\servo\servo-core\0.5.3\servo-core-0.5.3.jar;C:\Users\swath\.m2\repository\org\apache\commons\commons-math\2.2\commons-math-2.2.jar;C:\Users\swath\.m2\repository\javax\annotation\javax.annotation-api\1.2\javax.annotation-api-1.2.jar;C:\Users\swath\.m2\repository\org\codehaus\jettison\jettison\1.5.4\jettison-1.5.4.jar;C:\Users\swath\.m2\repository\org\springframework\cloud\spring-cloud-starter-loadbalancer\5.0.2\spring-cloud-starter-loadbalancer-5.0.2.jar;C:\Users\swath\.m2\repository\org\springframework\cloud\spring-cloud-loadbalancer\5.0.2\spring-cloud-loadbalancer-5.0.2.jar;C:\Users\swath\.m2\repository\io\projectreactor\reactor-core\3.8.6\reactor-core-3.8.6.jar;C:\Users\swath\.m2\repository\org\reactivestreams\reactive-streams\1.0.4\reactive-streams-1.0.4.jar;C:\Users\swath\.m2\repository\io\projectreactor\addons\reactor-extra\3.6.0\reactor-extra-3.6.0.jar;C:\Users\swath\.m2\repository\org\springframework\boot\spring-boot-starter-cache\4.0.7\spring-boot-starter-cache-4.0.7.jar;C:\Users\swath\.m2\repository\org\springframework\boot\spring-boot-cache\4.0.7\spring-boot-cache-4.0.7.jar;C:\Users\swath\.m2\repository\org\springframework\spring-context-support\7.0.8\spring-context-support-7.0.8.jar;C:\Users\swath\.m2\repository\com\stoyanr\evictor\1.0.0\evictor-1.0.0.jar;C:\Users\swath\.m2\repository\org\flywaydb\flyway-core\11.14.1\flyway-core-11.14.1.jar;C:\Users\swath\.m2\repository\com\fasterxml\jackson\core\jackson-databind\2.21.4\jackson-databind-2.21.4.jar;C:\Users\swath\.m2\repository\org\flywaydb\flyway-database-postgresql\11.14.1\flyway-database-postgresql-11.14.1.jar;C:\Users\swath\.m2\repository\org\springdoc\springdoc-openapi-starter-webmvc-ui\3.0.2\springdoc-openapi-starter-webmvc-ui-3.0.2.jar;C:\Users\swath\.m2\repository\org\springdoc\springdoc-openapi-starter-webmvc-api\3.0.2\springdoc-openapi-starter-webmvc-api-3.0.2.jar;C:\Users\swath\.m2\repository\org\springdoc\springdoc-openapi-starter-common\3.0.2\springdoc-openapi-starter-common-3.0.2.jar;C:\Users\swath\.m2\repository\io\swagger\core\v3\swagger-core-jakarta\2.2.43\swagger-core-jakarta-2.2.43.jar;C:\Users\swath\.m2\repository\org\apache\commons\commons-lang3\3.19.0\commons-lang3-3.19.0.jar;C:\Users\swath\.m2\repository\io\swagger\core\v3\swagger-annotations-jakarta\2.2.43\swagger-annotations-jakarta-2.2.43.jar;C:\Users\swath\.m2\repository\io\swagger\core\v3\swagger-models-jakarta\2.2.43\swagger-models-jakarta-2.2.43.jar;C:\Users\swath\.m2\repository\com\fasterxml\jackson\dataformat\jackson-dataformat-yaml\2.21.4\jackson-dataformat-yaml-2.21.4.jar;C:\Users\swath\.m2\repository\org\springframework\boot\spring-boot-web-server\4.0.7\spring-boot-web-server-4.0.7.jar;C:\Users\swath\.m2\repository\org\webjars\swagger-ui\5.32.0\swagger-ui-5.32.0.jar;C:\Users\swath\.m2\repository\org\webjars\webjars-locator-lite\1.1.3\webjars-locator-lite-1.1.3.jar;C:\Users\swath\.m2\repository\org\jspecify\jspecify\1.0.0\jspecify-1.0.0.jar;C:\Users\swath\.m2\repository\org\projectlombok\lombok\1.18.46\lombok-1.18.46.jar;C:\Users\swath\.m2\repository\org\springframework\boot\spring-boot-starter-actuator\4.0.7\spring-boot-starter-actuator-4.0.7.jar;C:\Users\swath\.m2\repository\org\springframework\boot\spring-boot-starter-micrometer-metrics\4.0.7\spring-boot-starter-micrometer-metrics-4.0.7.jar;C:\Users\swath\.m2\repository\org\springframework\boot\spring-boot-micrometer-metrics\4.0.7\spring-boot-micrometer-metrics-4.0.7.jar;C:\Users\swath\.m2\repository\org\springframework\boot\spring-boot-micrometer-observation\4.0.7\spring-boot-micrometer-observation-4.0.7.jar;C:\Users\swath\.m2\repository\org\springframework\boot\spring-boot-actuator-autoconfigure\4.0.7\spring-boot-actuator-autoconfigure-4.0.7.jar;C:\Users\swath\.m2\repository\org\springframework\boot\spring-boot-actuator\4.0.7\spring-boot-actuator-4.0.7.jar;C:\Users\swath\.m2\repository\org\springframework\boot\spring-boot-health\4.0.7\spring-boot-health-4.0.7.jar;C:\Users\swath\.m2\repository\io\micrometer\micrometer-observation\1.16.6\micrometer-observation-1.16.6.jar;C:\Users\swath\.m2\repository\io\micrometer\micrometer-commons\1.16.6\micrometer-commons-1.16.6.jar;C:\Users\swath\.m2\repository\io\micrometer\micrometer-jakarta9\1.16.6\micrometer-jakarta9-1.16.6.jar;C:\Users\swath\.m2\repository\io\micrometer\micrometer-core\1.16.6\micrometer-core-1.16.6.jar;C:\Users\swath\.m2\repository\org\hdrhistogram\HdrHistogram\2.2.2\HdrHistogram-2.2.2.jar;C:\Users\swath\.m2\repository\org\latencyutils\LatencyUtils\2.0.3\LatencyUtils-2.0.3.jar;C:\Users\swath\.m2\repository\jakarta\xml\bind\jakarta.xml.bind-api\4.0.5\jakarta.xml.bind-api-4.0.5.jar;C:\Users\swath\.m2\repository\jakarta\activation\jakarta.activation-api\2.1.4\jakarta.activation-api-2.1.4.jar;C:\Users\swath\.m2\repository\net\bytebuddy\byte-buddy\1.17.8\byte-buddy-1.17.8.jar;C:\Users\swath\.m2\repository\org\springframework\spring-core\7.0.8\spring-core-7.0.8.jar;C:\Users\swath\.m2\repository\commons-logging\commons-logging\1.3.6\commons-logging-1.3.6.jar;C:\Users\swath\.m2\repository\org\springframework\cloud\spring-cloud-starter-openfeign\5.0.2\spring-cloud-starter-openfeign-5.0.2.jar;C:\Users\swath\.m2\repository\org\springframework\cloud\spring-cloud-openfeign-core\5.0.2\spring-cloud-openfeign-core-5.0.2.jar;C:\Users\swath\.m2\repository\io\github\openfeign\feign-form-spring\13.6.1\feign-form-spring-13.6.1.jar;C:\Users\swath\.m2\repository\org\apache\commons\commons-text\1.13.0\commons-text-1.13.0.jar;C:\Users\swath\.m2\repository\io\github\openfeign\feign-form\13.6.1\feign-form-13.6.1.jar;C:\Users\swath\.m2\repository\commons-fileupload\commons-fileupload\1.6.0\commons-fileupload-1.6.0.jar;C:\Users\swath\.m2\repository\org\springframework\spring-web\7.0.8\spring-web-7.0.8.jar;C:\Users\swath\.m2\repository\org\springframework\cloud\spring-cloud-commons\5.0.2\spring-cloud-commons-5.0.2.jar;C:\Users\swath\.m2\repository\org\springframework\security\spring-security-crypto\7.0.6\spring-security-crypto-7.0.6.jar;C:\Users\swath\.m2\repository\io\github\openfeign\feign-core\13.6.1\feign-core-13.6.1.jar;C:\Users\swath\.m2\repository\io\github\openfeign\feign-slf4j\13.6.1\feign-slf4j-13.6.1.jar
Launcher Type: SUN_STANDARD

[Global flags]
     intx CICompilerCount                          = 4                                         {product} {ergonomic}
     uint ConcGCThreads                            = 3                                         {product} {ergonomic}
     uint G1ConcRefinementThreads                  = 10                                        {product} {ergonomic}
   size_t G1HeapRegionSize                         = 1048576                                   {product} {ergonomic}
    uintx GCDrainStackTargetSize                   = 64                                        {product} {ergonomic}
   size_t InitialHeapSize                          = 62914560                                  {product} {ergonomic}
     bool ManagementServer                         = true                                      {product} {command line}
   size_t MarkStackSize                            = 4194304                                   {product} {ergonomic}
   size_t MaxHeapSize                              = 981467136                                 {product} {ergonomic}
   size_t MaxNewSize                               = 588251136                                 {product} {ergonomic}
   size_t MinHeapDeltaBytes                        = 1048576                                   {product} {ergonomic}
   size_t MinHeapSize                              = 8388608                                   {product} {ergonomic}
    uintx NonNMethodCodeHeapSize                   = 4096                                   {pd product} {ergonomic}
    uintx NonProfiledCodeHeapSize                  = 0                                      {pd product} {ergonomic}
     bool ProfileInterpreter                       = false                                  {pd product} {command line}
    uintx ProfiledCodeHeapSize                     = 0                                      {pd product} {ergonomic}
     bool ShowCodeDetailsInExceptionMessages       = true                                   {manageable} {command line}
   size_t SoftMaxHeapSize                          = 981467136                              {manageable} {ergonomic}
     intx TieredStopAtLevel                        = 1                                         {product} {command line}
     bool UseCompressedOops                        = true                           {product lp64_product} {ergonomic}
     bool UseG1GC                                  = true                                      {product} {ergonomic}
     bool UseLargePagesIndividualAllocation        = false                                  {pd product} {ergonomic}

Logging:
Log output configuration:
 #0: stdout all=warning uptime,level,tags foldmultilines=false
 #1: stderr all=off uptime,level,tags foldmultilines=false

Release file:
JAVA_VERSION="21.0.10" 
MODULES="java.base java.compiler java.datatransfer java.xml java.prefs java.desktop java.instrument java.logging java.management java.security.sasl java.naming java.rmi java.management.rmi java.net.http java.scripting java.security.jgss java.transaction.xa java.sql java.sql.rowset java.xml.crypto java.se java.smartcardio jdk.accessibility jdk.internal.jvmstat jdk.attach jdk.charsets jdk.internal.opt jdk.zipfs jdk.compiler jdk.crypto.ec jdk.crypto.cryptoki jdk.crypto.mscapi jdk.dynalink jdk.internal.ed jdk.editpad jdk.hotspot.agent jdk.httpserver jdk.internal.le jdk.internal.vm.ci jdk.internal.vm.compiler jdk.internal.vm.compiler.management jdk.jartool jdk.javadoc jdk.jcmd jdk.management jdk.management.agent jdk.jconsole jdk.jdeps jdk.jdwp.agent jdk.jdi jdk.jfr jdk.jshell jdk.jsobject jdk.jstatd jdk.localedata jdk.management.jfr jdk.naming.dns jdk.naming.rmi jdk.net jdk.nio.mapmode jdk.random jdk.sctp jdk.security.auth jdk.security.jgss jdk.unsupported jdk.unsupported.desktop jdk.xml.dom" 

Environment Variables:
PATH=C:/Users/swath/.p2/pool/plugins/org.eclipse.justj.openjdk.hotspot.jre.full.win32.x86_64_21.0.10.v20260205-0638/jre/bin/server;C:/Users/swath/.p2/pool/plugins/org.eclipse.justj.openjdk.hotspot.jre.full.win32.x86_64_21.0.10.v20260205-0638/jre/bin;C:\Program Files\Eclipse Adoptium\jdk-17.0.18.8-hotspot\bin;C:\Program Files\Common Files\Oracle\Java\javapath;C:\WINDOWS\system32;C:\WINDOWS;C:\WINDOWS\System32\Wbem;C:\WINDOWS\System32\WindowsPowerShell\v1.0\;C:\WINDOWS\System32\OpenSSH\;C:\Program Files\Java\jdk-25.0.2\bin;C:\Program Files\MySQL\MySQL Server 8.0\bin;C:\Program Files\Git\cmd;C:\Program Files\Docker\Docker\resources\bin;C:\Program Files\MySQL\MySQL Shell 8.0\bin\;C:\Users\swath\AppData\Local\Microsoft\WindowsApps;;C:\WINDOWS\system32;
USERNAME=swath
OS=Windows_NT
PROCESSOR_IDENTIFIER=Intel64 Family 6 Model 186 Stepping 3, GenuineIntel
TMP=C:\Users\swath\AppData\Local\Temp
TEMP=C:\Users\swath\AppData\Local\Temp




Periodic native trim disabled

---------------  S Y S T E M  ---------------

OS:
 Windows 11 , 64 bit Build 26100 (10.0.26100.8875)
OS uptime: 0 days 1:05 hours
Hyper-V role detected

CPU: total 12 (initial active 12) (6 cores per cpu, 2 threads per core) family 6 model 186 stepping 3 microcode 0x6134, cx8, cmov, fxsr, ht, mmx, 3dnowpref, sse, sse2, sse3, ssse3, sse4.1, sse4.2, popcnt, lzcnt, tsc, tscinvbit, avx, avx2, aes, erms, clmul, bmi1, bmi2, adx, sha, fma, vzeroupper, clflush, clflushopt, clwb, hv, serialize, rdtscp, rdpid, fsrm, f16c, cet_ibt, cet_ss
Processor Information for the first 12 processors :
  Max Mhz: 1300, Current Mhz: 1300, Mhz Limit: 1300

Memory: 4k page, system-wide physical 3739M (14M free)
TotalPageFile size 15003M (AvailPageFile size 34M)
current process WorkingSet (physical memory assigned to process): 175M, peak: 238M
current process commit charge ("private bytes"): 336M, peak: 337M

vm_info: OpenJDK 64-Bit Server VM (21.0.10+7-LTS) for windows-amd64 JRE (21.0.10+7-LTS), built on 2026-01-20T00:00:00Z by "admin" with MS VC++ 17.12 (VS2022)

END.
