#
# There is insufficient memory for the Java Runtime Environment to continue.
# Native memory allocation (mmap) failed to map 62914560 bytes. Error detail: G1 virtual space
# Possible reasons:
#   The system is out of physical RAM or swap space
#   This process is running with CompressedOops enabled, and the Java Heap may be blocking the growth of the native heap
# Possible solutions:
#   Reduce memory load on the system
#   Increase physical memory or swap space
#   Check if swap backing store is full
#   Decrease Java heap size (-Xmx/-Xms)
#   Decrease number of Java threads
#   Decrease Java thread stack sizes (-Xss)
#   Set larger code cache with -XX:ReservedCodeCacheSize=
#   JVM is running with Unscaled Compressed Oops mode in which the Java heap is
#     placed in the first 4GB address space. The Java Heap base address is the
#     maximum limit for the native heap growth. Please use -XX:HeapBaseMinAddress
#     to set the Java Heap base and to place the Java Heap above 4GB virtual address.
# This output file may be truncated or incomplete.
#
#  Out of Memory Error (os_windows.cpp:3714), pid=27292, tid=26404
#
# JRE version:  (21.0.10+7) (build )
# Java VM: OpenJDK 64-Bit Server VM (21.0.10+7-LTS, mixed mode, sharing, tiered, compressed oops, compressed class ptrs, g1 gc, windows-amd64)
# No core dump will be written. Minidumps are not enabled by default on client versions of Windows
#

---------------  S U M M A R Y ------------

Command Line: C:\Users\swath\AppData\Local\Temp\surefire5371374628490236911\surefirebooter-20260718160828682_3.jar C:\Users\swath\AppData\Local\Temp\surefire5371374628490236911 2026-07-18T16-08-28_315-jvmRun1 surefire-20260718160828682_1tmp surefire_0-20260718160828682_2tmp

Host: 13th Gen Intel(R) Core(TM) i5-1335U, 12 cores, 3G,  Windows 11 , 64 bit Build 26100 (10.0.26100.8875)
Time: Sat Jul 18 16:08:31 2026 India Standard Time elapsed time: 2.387854 seconds (0d 0h 0m 2s)

---------------  T H R E A D  ---------------

Current thread (0x000001c1da99f8d0):  JavaThread "Unknown thread" [_thread_in_vm, id=26404, stack(0x00000035b8b00000,0x00000035b8c00000) (1024K)]

Stack: [0x00000035b8b00000,0x00000035b8c00000]
Native frames: (J=compiled Java code, j=interpreted, Vv=VM code, C=native code)
V  [jvm.dll+0x6d7a39]
V  [jvm.dll+0x8b4b26]
V  [jvm.dll+0x8b70de]
V  [jvm.dll+0x8b77c3]
V  [jvm.dll+0x284346]
V  [jvm.dll+0x6d4355]
V  [jvm.dll+0x6c808a]
V  [jvm.dll+0x35edb8]
V  [jvm.dll+0x3669f6]
V  [jvm.dll+0x3b7afe]
V  [jvm.dll+0x3b7da8]
V  [jvm.dll+0x332fbc]
V  [jvm.dll+0x333b0b]
V  [jvm.dll+0x87eadb]
V  [jvm.dll+0x3c4a81]
V  [jvm.dll+0x867d25]
V  [jvm.dll+0x457b31]
V  [jvm.dll+0x459721]
C  [jli.dll+0x52d0]
C  [ucrtbase.dll+0x2cd30]
C  [KERNEL32.DLL+0x2e957]
C  [ntdll.dll+0xaad6c]


---------------  P R O C E S S  ---------------

Threads class SMR info:
_java_thread_list=0x00007ffcf1eea1c8, length=0, elements={
}

Java Threads: ( => current thread )
Total: 0

Other Threads:
  0x000001c1da9d04b0 WorkerThread "GC Thread#0"                     [id=25660, stack(0x00000035b8c00000,0x00000035b8d00000) (1024K)]
  0x000001c1da9d90c0 ConcurrentGCThread "G1 Main Marker"            [id=19672, stack(0x00000035b8d00000,0x00000035b8e00000) (1024K)]
  0x000001c1da9da960 WorkerThread "G1 Conc#0"                       [id=5900, stack(0x00000035b8e00000,0x00000035b8f00000) (1024K)]

[error occurred during error reporting (printing all threads), id 0xc0000005, EXCEPTION_ACCESS_VIOLATION (0xc0000005) at pc=0x00007ffcf15e56a7]
VM state: not at safepoint (not fully initialized)

VM Mutex/Monitor currently owned by a thread:  ([mutex/lock_event])
[0x00007ffcf1f5e660] Heap_lock - owner thread: 0x000001c1da99f8d0

Heap address: 0x00000000c5800000, size: 936 MB, Compressed Oops mode: 32-bit

CDS archive(s) mapped at: [0x0000000000000000-0x0000000000000000-0x0000000000000000), size 0, SharedBaseAddress: 0x0000000800000000, ArchiveRelocationMode: 1.
Narrow klass base: 0x0000000000000000, Narrow klass shift: 0, Narrow klass range: 0x0

GC Precious Log:
 CardTable entry size: 512
 Card Set container configuration: InlinePtr #cards 5 size 8 Array Of Cards #cards 12 size 40 Howl #buckets 4 coarsen threshold 1843 Howl Bitmap #cards 512 size 80 coarsen threshold 460 Card regions per heap region 1 cards per card region 2048

Heap:
 garbage-first heap   total 0K, used 0K [0x00000000c5800000, 0x0000000100000000)
  region size 1024K, 0 young (0K), 0 survivors (0K)

[error occurred during error reporting (printing heap information), id 0xc0000005, EXCEPTION_ACCESS_VIOLATION (0xc0000005) at pc=0x00007ffcf19d13b9]
GC Heap History (0 events):
No events

Dll operation events (1 events):
Event: 0.016 Loaded shared library C:\Users\swath\.p2\pool\plugins\org.eclipse.justj.openjdk.hotspot.jre.full.win32.x86_64_21.0.10.v20260205-0638\jre\bin\java.dll

Deoptimization events (0 events):
No events

Classes loaded (0 events):
No events

Classes unloaded (0 events):
No events

Classes redefined (0 events):
No events

Internal exceptions (0 events):
No events

ZGC Phase Switch (0 events):
No events

VM Operations (0 events):
No events

Memory protections (0 events):
No events

Nmethod flushes (0 events):
No events

Events (0 events):
No events


Dynamic libraries:
0x00007ff680170000 - 0x00007ff68017e000 	C:\Users\swath\.p2\pool\plugins\org.eclipse.justj.openjdk.hotspot.jre.full.win32.x86_64_21.0.10.v20260205-0638\jre\bin\java.exe
0x00007ffdabf20000 - 0x00007ffdac186000 	C:\WINDOWS\SYSTEM32\ntdll.dll
0x00007ffdaa610000 - 0x00007ffdaa6d9000 	C:\WINDOWS\System32\KERNEL32.DLL
0x00007ffda92b0000 - 0x00007ffda96ae000 	C:\WINDOWS\System32\KERNELBASE.dll
0x00007ffda97b0000 - 0x00007ffda98fc000 	C:\WINDOWS\System32\ucrtbase.dll
0x00007ffd87d80000 - 0x00007ffd87d9e000 	C:\Users\swath\.p2\pool\plugins\org.eclipse.justj.openjdk.hotspot.jre.full.win32.x86_64_21.0.10.v20260205-0638\jre\bin\VCRUNTIME140.dll
0x00007ffd91ce0000 - 0x00007ffd91cf8000 	C:\Users\swath\.p2\pool\plugins\org.eclipse.justj.openjdk.hotspot.jre.full.win32.x86_64_21.0.10.v20260205-0638\jre\bin\jli.dll
0x00007ffdaa2c0000 - 0x00007ffdaa487000 	C:\WINDOWS\System32\USER32.dll
0x00007ffda9780000 - 0x00007ffda97a7000 	C:\WINDOWS\System32\win32u.dll
0x00007ffdab690000 - 0x00007ffdab6bb000 	C:\WINDOWS\System32\GDI32.dll
0x00007ffda9910000 - 0x00007ffda9a3a000 	C:\WINDOWS\System32\gdi32full.dll
0x00007ffda9200000 - 0x00007ffda92a3000 	C:\WINDOWS\System32\msvcp_win.dll
0x00007ffd853a0000 - 0x00007ffd85632000 	C:\WINDOWS\WinSxS\amd64_microsoft.windows.common-controls_6595b64144ccf1df_6.0.26100.8875_none_3e0d5d42e32fe9dd\COMCTL32.dll
0x00007ffdaaf50000 - 0x00007ffdaaff9000 	C:\WINDOWS\System32\msvcrt.dll
0x00007ffdab430000 - 0x00007ffdab462000 	C:\WINDOWS\System32\IMM32.DLL
0x00007ffd91c00000 - 0x00007ffd91c0c000 	C:\Users\swath\.p2\pool\plugins\org.eclipse.justj.openjdk.hotspot.jre.full.win32.x86_64_21.0.10.v20260205-0638\jre\bin\vcruntime140_1.dll
0x00007ffd2f8e0000 - 0x00007ffd2f96d000 	C:\Users\swath\.p2\pool\plugins\org.eclipse.justj.openjdk.hotspot.jre.full.win32.x86_64_21.0.10.v20260205-0638\jre\bin\msvcp140.dll
0x00007ffcf12a0000 - 0x00007ffcf2041000 	C:\Users\swath\.p2\pool\plugins\org.eclipse.justj.openjdk.hotspot.jre.full.win32.x86_64_21.0.10.v20260205-0638\jre\bin\server\jvm.dll
0x00007ffdabb20000 - 0x00007ffdabbd7000 	C:\WINDOWS\System32\ADVAPI32.dll
0x00007ffdaa540000 - 0x00007ffdaa5ea000 	C:\WINDOWS\System32\sechost.dll
0x00007ffdab470000 - 0x00007ffdab588000 	C:\WINDOWS\System32\RPCRT4.dll
0x00007ffdabe50000 - 0x00007ffdabed0000 	C:\WINDOWS\System32\WS2_32.dll
0x00007ffd9df50000 - 0x00007ffd9df86000 	C:\WINDOWS\SYSTEM32\WINMM.dll
0x00007ffda8fa0000 - 0x00007ffda8ffe000 	C:\WINDOWS\SYSTEM32\POWRPROF.dll
0x00007ffd9d550000 - 0x00007ffd9d55b000 	C:\WINDOWS\SYSTEM32\VERSION.dll
0x00007ffda8f80000 - 0x00007ffda8f94000 	C:\WINDOWS\SYSTEM32\UMPDC.dll
0x00007ffda7e00000 - 0x00007ffda7e1b000 	C:\WINDOWS\SYSTEM32\kernel.appcore.dll
0x00007ffd9e950000 - 0x00007ffd9e95a000 	C:\Users\swath\.p2\pool\plugins\org.eclipse.justj.openjdk.hotspot.jre.full.win32.x86_64_21.0.10.v20260205-0638\jre\bin\jimage.dll
0x00007ffda6850000 - 0x00007ffda6a92000 	C:\WINDOWS\SYSTEM32\DBGHELP.DLL
0x00007ffdab740000 - 0x00007ffdabac3000 	C:\WINDOWS\System32\combase.dll
0x00007ffdab000000 - 0x00007ffdab0d9000 	C:\WINDOWS\System32\OLEAUT32.dll
0x00007ffd7bb70000 - 0x00007ffd7bbab000 	C:\WINDOWS\SYSTEM32\dbgcore.DLL
0x00007ffda9140000 - 0x00007ffda91ec000 	C:\WINDOWS\System32\bcryptPrimitives.dll
0x00007ffd90040000 - 0x00007ffd90060000 	C:\Users\swath\.p2\pool\plugins\org.eclipse.justj.openjdk.hotspot.jre.full.win32.x86_64_21.0.10.v20260205-0638\jre\bin\java.dll

JVMTI agents: none

dbghelp: loaded successfully - version: 4.0.5 - missing functions: none
symbol engine: initialized successfully - sym options: 0x614 - pdb path: .;C:\Users\swath\.p2\pool\plugins\org.eclipse.justj.openjdk.hotspot.jre.full.win32.x86_64_21.0.10.v20260205-0638\jre\bin;C:\WINDOWS\SYSTEM32;C:\WINDOWS\WinSxS\amd64_microsoft.windows.common-controls_6595b64144ccf1df_6.0.26100.8875_none_3e0d5d42e32fe9dd;C:\Users\swath\.p2\pool\plugins\org.eclipse.justj.openjdk.hotspot.jre.full.win32.x86_64_21.0.10.v20260205-0638\jre\bin\server

VM Arguments:
java_command: C:\Users\swath\AppData\Local\Temp\surefire5371374628490236911\surefirebooter-20260718160828682_3.jar C:\Users\swath\AppData\Local\Temp\surefire5371374628490236911 2026-07-18T16-08-28_315-jvmRun1 surefire-20260718160828682_1tmp surefire_0-20260718160828682_2tmp
java_class_path (initial): C:\Users\swath\AppData\Local\Temp\surefire5371374628490236911\surefirebooter-20260718160828682_3.jar
Launcher Type: SUN_STANDARD

[Global flags]
     intx CICompilerCount                          = 4                                         {product} {ergonomic}
     uint ConcGCThreads                            = 3                                         {product} {ergonomic}
     uint G1ConcRefinementThreads                  = 10                                        {product} {ergonomic}
   size_t G1HeapRegionSize                         = 1048576                                   {product} {ergonomic}
    uintx GCDrainStackTargetSize                   = 64                                        {product} {ergonomic}
   size_t InitialHeapSize                          = 62914560                                  {product} {ergonomic}
   size_t MarkStackSize                            = 4194304                                   {product} {ergonomic}
   size_t MaxHeapSize                              = 981467136                                 {product} {ergonomic}
   size_t MinHeapDeltaBytes                        = 1048576                                   {product} {ergonomic}
   size_t MinHeapSize                              = 8388608                                   {product} {ergonomic}
    uintx NonNMethodCodeHeapSize                   = 5839372                                {pd product} {ergonomic}
    uintx NonProfiledCodeHeapSize                  = 122909434                              {pd product} {ergonomic}
    uintx ProfiledCodeHeapSize                     = 122909434                              {pd product} {ergonomic}
    uintx ReservedCodeCacheSize                    = 251658240                              {pd product} {ergonomic}
     bool SegmentedCodeCache                       = true                                      {product} {ergonomic}
   size_t SoftMaxHeapSize                          = 981467136                              {manageable} {ergonomic}
     bool UseCompressedOops                        = true                           {product lp64_product} {ergonomic}
     bool UseG1GC                                  = true                                      {product} {ergonomic}
     bool UseLargePagesIndividualAllocation        = false                                  {pd product} {ergonomic}

Logging:
Log output configuration:
 #0: stdout all=warning uptime,level,tags foldmultilines=false
 #1: stderr all=off uptime,level,tags foldmultilines=false

Release file:
<release file has not been read>
Environment Variables:
PATH=C:/Users/swath/.p2/pool/plugins/org.eclipse.justj.openjdk.hotspot.jre.full.win32.x86_64_21.0.10.v20260205-0638/jre/bin/server;C:/Users/swath/.p2/pool/plugins/org.eclipse.justj.openjdk.hotspot.jre.full.win32.x86_64_21.0.10.v20260205-0638/jre/bin;C:\Program Files\Eclipse Adoptium\jdk-17.0.18.8-hotspot\bin;C:\Program Files\Common Files\Oracle\Java\javapath;C:\WINDOWS\system32;C:\WINDOWS;C:\WINDOWS\System32\Wbem;C:\WINDOWS\System32\WindowsPowerShell\v1.0\;C:\WINDOWS\System32\OpenSSH\;C:\Program Files\Java\jdk-25.0.2\bin;C:\Program Files\MySQL\MySQL Server 8.0\bin;C:\Program Files\Git\cmd;C:\Program Files\Docker\Docker\resources\bin;C:\Program Files\MySQL\MySQL Shell 8.0\bin\;C:\Users\swath\AppData\Local\Microsoft\WindowsApps;;C:\Users\swath\OneDrive\Desktop;
USERNAME=swath
OS=Windows_NT
PROCESSOR_IDENTIFIER=Intel64 Family 6 Model 186 Stepping 3, GenuineIntel
TMP=C:\Users\swath\AppData\Local\Temp
TEMP=C:\Users\swath\AppData\Local\Temp




Periodic native trim disabled

---------------  S Y S T E M  ---------------

OS:
 Windows 11 , 64 bit Build 26100 (10.0.26100.8875)
OS uptime: 0 days 3:15 hours
Hyper-V role detected

CPU: total 12 (initial active 12) (6 cores per cpu, 2 threads per core) family 6 model 186 stepping 3 microcode 0x6134, cx8, cmov, fxsr, ht, mmx, 3dnowpref, sse, sse2, sse3, ssse3, sse4.1, sse4.2, popcnt, lzcnt, tsc, tscinvbit, avx, avx2, aes, erms, clmul, bmi1, bmi2, adx, sha, fma, vzeroupper, clflush, clflushopt, clwb, hv, serialize, rdtscp, rdpid, fsrm, f16c, cet_ibt, cet_ss
Processor Information for the first 12 processors :
  Max Mhz: 1300, Current Mhz: 1300, Mhz Limit: 1300

Memory: 4k page, system-wide physical 3739M (92M free)
TotalPageFile size 15003M (AvailPageFile size 20M)
current process WorkingSet (physical memory assigned to process): 12M, peak: 12M
current process commit charge ("private bytes"): 64M, peak: 123M

vm_info: OpenJDK 64-Bit Server VM (21.0.10+7-LTS) for windows-amd64 JRE (21.0.10+7-LTS), built on 2026-01-20T00:00:00Z by "admin" with MS VC++ 17.12 (VS2022)

END.
